
d
emulator-5554primaryÑ
|
HistoryDatabaseTestcom.metubeshare.databasetestInsertAndRetrieve2ºÏ ∆¿Ïÿ†:ºÏ ∆¿éÓ±B
emulator-5554primary"È

logcatandroid”
–/Volumes/T7/Projects/milos85vasic/ShareConnect/Application/build/outputs/androidTest-results/connected/debug/Pixel_7_Pro(AVD) - 13/logcat-com.metubeshare.database.HistoryDatabaseTest-testInsertAndRetrieve.txt"Ø

device-infoandroidî
ë/Volumes/T7/Projects/milos85vasic/ShareConnect/Application/build/outputs/androidTest-results/connected/debug/Pixel_7_Pro(AVD) - 13/device-info.pb"∞

device-info.meminfoandroidç
ä/Volumes/T7/Projects/milos85vasic/ShareConnect/Application/build/outputs/androidTest-results/connected/debug/Pixel_7_Pro(AVD) - 13/meminfo"∞

device-info.cpuinfoandroidç
ä/Volumes/T7/Projects/milos85vasic/ShareConnect/Application/build/outputs/androidTest-results/connected/debug/Pixel_7_Pro(AVD) - 13/cpuinfoß
q
HistoryDatabaseTestcom.metubeshare.database
testDelete2ºÏ ∆Ä€˚π:ºÏ ∆ÄëÿøB
emulator-5554primary∂
Àjava.lang.AssertionError: expected:<0> but was:<1>
at org.junit.Assert.fail(Assert.java:89)
at org.junit.Assert.failNotEquals(Assert.java:835)
at org.junit.Assert.assertEquals(Assert.java:647)
at org.junit.Assert.assertEquals(Assert.java:633)
at com.metubeshare.database.HistoryDatabaseTest.testDelete(HistoryDatabaseTest.java:94)
java.lang.AssertionErrorÀjava.lang.AssertionError: expected:<0> but was:<1>
at org.junit.Assert.fail(Assert.java:89)
at org.junit.Assert.failNotEquals(Assert.java:835)
at org.junit.Assert.assertEquals(Assert.java:647)
at org.junit.Assert.assertEquals(Assert.java:633)
at com.metubeshare.database.HistoryDatabaseTest.testDelete(HistoryDatabaseTest.java:94)
"ﬁ

logcatandroid»
≈/Volumes/T7/Projects/milos85vasic/ShareConnect/Application/build/outputs/androidTest-results/connected/debug/Pixel_7_Pro(AVD) - 13/logcat-com.metubeshare.database.HistoryDatabaseTest-testDelete.txt"Ø

device-infoandroidî
ë/Volumes/T7/Projects/milos85vasic/ShareConnect/Application/build/outputs/androidTest-results/connected/debug/Pixel_7_Pro(AVD) - 13/device-info.pb"∞

device-info.meminfoandroidç
ä/Volumes/T7/Projects/milos85vasic/ShareConnect/Application/build/outputs/androidTest-results/connected/debug/Pixel_7_Pro(AVD) - 13/meminfo"∞

device-info.cpuinfoandroidç
ä/Volumes/T7/Projects/milos85vasic/ShareConnect/Application/build/outputs/androidTest-results/connected/debug/Pixel_7_Pro(AVD) - 13/cpuinfoã$
ç
MainActivityInstrumentationTestcom.shareconnect.activitiestestSettingsButtonClick2¶Ó ∆ÄáπÇ:´Ó ∆ÄÂ¨ÎB
emulator-5554primaryÃ
íjava.lang.NoClassDefFoundError: Failed resolution of: Lorg/hamcrest/Matchers;
at androidx.test.espresso.matcher.ViewMatchers.withId(ViewMatchers.java:1)
at com.shareconnect.activities.MainActivityInstrumentationTest.testSettingsButtonClick(MainActivityInstrumentationTest.kt:56)
... 44 trimmed
Caused by: java.lang.ClassNotFoundException: Didn't find class "org.hamcrest.Matchers" on path: DexPathList[[zip file "/system/framework/android.test.runner.jar", zip file "/system/framework/android.test.mock.jar", zip file "/system/framework/android.test.base.jar", zip file "/data/app/~~tgPGD1IvZyVihJ5WEriGpw==/com.shareconnect.test-KRYtWayfc-BAIa-BFJT_mw==/base.apk", zip file "/data/app/~~kWNn5P5i1VBCZAn7TalMSA==/com.shareconnect-NEp2ZttYEsfwFJQKiNDPXA==/base.apk"],nativeLibraryDirectories=[/data/app/~~tgPGD1IvZyVihJ5WEriGpw==/com.shareconnect.test-KRYtWayfc-BAIa-BFJT_mw==/lib/arm64, /data/app/~~kWNn5P5i1VBCZAn7TalMSA==/com.shareconnect-NEp2ZttYEsfwFJQKiNDPXA==/lib/arm64, /data/app/~~tgPGD1IvZyVihJ5WEriGpw==/com.shareconnect.test-KRYtWayfc-BAIa-BFJT_mw==/base.apk!/lib/arm64-v8a, /data/app/~~kWNn5P5i1VBCZAn7TalMSA==/com.shareconnect-NEp2ZttYEsfwFJQKiNDPXA==/base.apk!/lib/arm64-v8a, /system/lib64, /system_ext/lib64]]
at dalvik.system.BaseDexClassLoader.findClass(BaseDexClassLoader.java:259)
at java.lang.ClassLoader.loadClass(ClassLoader.java:379)
at java.lang.ClassLoader.loadClass(ClassLoader.java:312)
... 47 more
 java.lang.ClassNotFoundExceptioníjava.lang.NoClassDefFoundError: Failed resolution of: Lorg/hamcrest/Matchers;
at androidx.test.espresso.matcher.ViewMatchers.withId(ViewMatchers.java:1)
at com.shareconnect.activities.MainActivityInstrumentationTest.testSettingsButtonClick(MainActivityInstrumentationTest.kt:56)
... 44 trimmed
Caused by: java.lang.ClassNotFoundException: Didn't find class "org.hamcrest.Matchers" on path: DexPathList[[zip file "/system/framework/android.test.runner.jar", zip file "/system/framework/android.test.mock.jar", zip file "/system/framework/android.test.base.jar", zip file "/data/app/~~tgPGD1IvZyVihJ5WEriGpw==/com.shareconnect.test-KRYtWayfc-BAIa-BFJT_mw==/base.apk", zip file "/data/app/~~kWNn5P5i1VBCZAn7TalMSA==/com.shareconnect-NEp2ZttYEsfwFJQKiNDPXA==/base.apk"],nativeLibraryDirectories=[/data/app/~~tgPGD1IvZyVihJ5WEriGpw==/com.shareconnect.test-KRYtWayfc-BAIa-BFJT_mw==/lib/arm64, /data/app/~~kWNn5P5i1VBCZAn7TalMSA==/com.shareconnect-NEp2ZttYEsfwFJQKiNDPXA==/lib/arm64, /data/app/~~tgPGD1IvZyVihJ5WEriGpw==/com.shareconnect.test-KRYtWayfc-BAIa-BFJT_mw==/base.apk!/lib/arm64-v8a, /data/app/~~kWNn5P5i1VBCZAn7TalMSA==/com.shareconnect-NEp2ZttYEsfwFJQKiNDPXA==/base.apk!/lib/arm64-v8a, /system/lib64, /system_ext/lib64]]
at dalvik.system.BaseDexClassLoader.findClass(BaseDexClassLoader.java:259)
at java.lang.ClassLoader.loadClass(ClassLoader.java:379)
at java.lang.ClassLoader.loadClass(ClassLoader.java:312)
... 47 more
"˙

logcatandroid‰
·/Volumes/T7/Projects/milos85vasic/ShareConnect/Application/build/outputs/androidTest-results/connected/debug/Pixel_7_Pro(AVD) - 13/logcat-com.shareconnect.activities.MainActivityInstrumentationTest-testSettingsButtonClick.txt"Ø

device-infoandroidî
ë/Volumes/T7/Projects/milos85vasic/ShareConnect/Application/build/outputs/androidTest-results/connected/debug/Pixel_7_Pro(AVD) - 13/device-info.pb"∞

device-info.meminfoandroidç
ä/Volumes/T7/Projects/milos85vasic/ShareConnect/Application/build/outputs/androidTest-results/connected/debug/Pixel_7_Pro(AVD) - 13/meminfo"∞

device-info.cpuinfoandroidç
ä/Volumes/T7/Projects/milos85vasic/ShareConnect/Application/build/outputs/androidTest-results/connected/debug/Pixel_7_Pro(AVD) - 13/cpuinfo"˙

logcatandroid‰
·/Volumes/T7/Projects/milos85vasic/ShareConnect/Application/build/outputs/androidTest-results/connected/debug/Pixel_7_Pro(AVD) - 13/logcat-com.shareconnect.activities.MainActivityInstrumentationTest-testSettingsButtonClick.txt"Ø

device-infoandroidî
ë/Volumes/T7/Projects/milos85vasic/ShareConnect/Application/build/outputs/androidTest-results/connected/debug/Pixel_7_Pro(AVD) - 13/device-info.pb"∞

device-info.meminfoandroidç
ä/Volumes/T7/Projects/milos85vasic/ShareConnect/Application/build/outputs/androidTest-results/connected/debug/Pixel_7_Pro(AVD) - 13/meminfo"∞

device-info.cpuinfoandroidç
ä/Volumes/T7/Projects/milos85vasic/ShareConnect/Application/build/outputs/androidTest-results/connected/debug/Pixel_7_Pro(AVD) - 13/cpuinfoî$
é
MainActivityInstrumentationTestcom.shareconnect.activitiestestOpenMeTubeButtonClick2¨Ó ∆Ä¶ƒp:±Ó ∆¿ëÔ⁄B
emulator-5554primary–
îjava.lang.NoClassDefFoundError: Failed resolution of: Lorg/hamcrest/Matchers;
at androidx.test.espresso.matcher.ViewMatchers.withId(ViewMatchers.java:1)
at com.shareconnect.activities.MainActivityInstrumentationTest.testOpenMeTubeButtonClick(MainActivityInstrumentationTest.kt:66)
... 44 trimmed
Caused by: java.lang.ClassNotFoundException: Didn't find class "org.hamcrest.Matchers" on path: DexPathList[[zip file "/system/framework/android.test.runner.jar", zip file "/system/framework/android.test.mock.jar", zip file "/system/framework/android.test.base.jar", zip file "/data/app/~~tgPGD1IvZyVihJ5WEriGpw==/com.shareconnect.test-KRYtWayfc-BAIa-BFJT_mw==/base.apk", zip file "/data/app/~~kWNn5P5i1VBCZAn7TalMSA==/com.shareconnect-NEp2ZttYEsfwFJQKiNDPXA==/base.apk"],nativeLibraryDirectories=[/data/app/~~tgPGD1IvZyVihJ5WEriGpw==/com.shareconnect.test-KRYtWayfc-BAIa-BFJT_mw==/lib/arm64, /data/app/~~kWNn5P5i1VBCZAn7TalMSA==/com.shareconnect-NEp2ZttYEsfwFJQKiNDPXA==/lib/arm64, /data/app/~~tgPGD1IvZyVihJ5WEriGpw==/com.shareconnect.test-KRYtWayfc-BAIa-BFJT_mw==/base.apk!/lib/arm64-v8a, /data/app/~~kWNn5P5i1VBCZAn7TalMSA==/com.shareconnect-NEp2ZttYEsfwFJQKiNDPXA==/base.apk!/lib/arm64-v8a, /system/lib64, /system_ext/lib64]]
at dalvik.system.BaseDexClassLoader.findClass(BaseDexClassLoader.java:259)
at java.lang.ClassLoader.loadClass(ClassLoader.java:379)
at java.lang.ClassLoader.loadClass(ClassLoader.java:312)
... 47 more
 java.lang.ClassNotFoundExceptionîjava.lang.NoClassDefFoundError: Failed resolution of: Lorg/hamcrest/Matchers;
at androidx.test.espresso.matcher.ViewMatchers.withId(ViewMatchers.java:1)
at com.shareconnect.activities.MainActivityInstrumentationTest.testOpenMeTubeButtonClick(MainActivityInstrumentationTest.kt:66)
... 44 trimmed
Caused by: java.lang.ClassNotFoundException: Didn't find class "org.hamcrest.Matchers" on path: DexPathList[[zip file "/system/framework/android.test.runner.jar", zip file "/system/framework/android.test.mock.jar", zip file "/system/framework/android.test.base.jar", zip file "/data/app/~~tgPGD1IvZyVihJ5WEriGpw==/com.shareconnect.test-KRYtWayfc-BAIa-BFJT_mw==/base.apk", zip file "/data/app/~~kWNn5P5i1VBCZAn7TalMSA==/com.shareconnect-NEp2ZttYEsfwFJQKiNDPXA==/base.apk"],nativeLibraryDirectories=[/data/app/~~tgPGD1IvZyVihJ5WEriGpw==/com.shareconnect.test-KRYtWayfc-BAIa-BFJT_mw==/lib/arm64, /data/app/~~kWNn5P5i1VBCZAn7TalMSA==/com.shareconnect-NEp2ZttYEsfwFJQKiNDPXA==/lib/arm64, /data/app/~~tgPGD1IvZyVihJ5WEriGpw==/com.shareconnect.test-KRYtWayfc-BAIa-BFJT_mw==/base.apk!/lib/arm64-v8a, /data/app/~~kWNn5P5i1VBCZAn7TalMSA==/com.shareconnect-NEp2ZttYEsfwFJQKiNDPXA==/base.apk!/lib/arm64-v8a, /system/lib64, /system_ext/lib64]]
at dalvik.system.BaseDexClassLoader.findClass(BaseDexClassLoader.java:259)
at java.lang.ClassLoader.loadClass(ClassLoader.java:379)
at java.lang.ClassLoader.loadClass(ClassLoader.java:312)
... 47 more
"¸

logcatandroidÊ
„/Volumes/T7/Projects/milos85vasic/ShareConnect/Application/build/outputs/androidTest-results/connected/debug/Pixel_7_Pro(AVD) - 13/logcat-com.shareconnect.activities.MainActivityInstrumentationTest-testOpenMeTubeButtonClick.txt"Ø

device-infoandroidî
ë/Volumes/T7/Projects/milos85vasic/ShareConnect/Application/build/outputs/androidTest-results/connected/debug/Pixel_7_Pro(AVD) - 13/device-info.pb"∞

device-info.meminfoandroidç
ä/Volumes/T7/Projects/milos85vasic/ShareConnect/Application/build/outputs/androidTest-results/connected/debug/Pixel_7_Pro(AVD) - 13/meminfo"∞

device-info.cpuinfoandroidç
ä/Volumes/T7/Projects/milos85vasic/ShareConnect/Application/build/outputs/androidTest-results/connected/debug/Pixel_7_Pro(AVD) - 13/cpuinfo"¸

logcatandroidÊ
„/Volumes/T7/Projects/milos85vasic/ShareConnect/Application/build/outputs/androidTest-results/connected/debug/Pixel_7_Pro(AVD) - 13/logcat-com.shareconnect.activities.MainActivityInstrumentationTest-testOpenMeTubeButtonClick.txt"Ø

device-infoandroidî
ë/Volumes/T7/Projects/milos85vasic/ShareConnect/Application/build/outputs/androidTest-results/connected/debug/Pixel_7_Pro(AVD) - 13/device-info.pb"∞

device-info.meminfoandroidç
ä/Volumes/T7/Projects/milos85vasic/ShareConnect/Application/build/outputs/androidTest-results/connected/debug/Pixel_7_Pro(AVD) - 13/meminfo"∞

device-info.cpuinfoandroidç
ä/Volumes/T7/Projects/milos85vasic/ShareConnect/Application/build/outputs/androidTest-results/connected/debug/Pixel_7_Pro(AVD) - 13/cpuinfoè$
ç
MainActivityInstrumentationTestcom.shareconnect.activitiestestMainActivityLaunches2±Ó ∆¿¬âπ:∑Ó ∆ÄÌÊAB
emulator-5554primaryŒ
ìjava.lang.NoClassDefFoundError: Failed resolution of: Lorg/hamcrest/Matchers;
at androidx.test.espresso.matcher.ViewMatchers.withId(ViewMatchers.java:1)
at com.shareconnect.activities.MainActivityInstrumentationTest.testMainActivityLaunches(MainActivityInstrumentationTest.kt:41)
... 44 trimmed
Caused by: java.lang.ClassNotFoundException: Didn't find class "org.hamcrest.Matchers" on path: DexPathList[[zip file "/system/framework/android.test.runner.jar", zip file "/system/framework/android.test.mock.jar", zip file "/system/framework/android.test.base.jar", zip file "/data/app/~~tgPGD1IvZyVihJ5WEriGpw==/com.shareconnect.test-KRYtWayfc-BAIa-BFJT_mw==/base.apk", zip file "/data/app/~~kWNn5P5i1VBCZAn7TalMSA==/com.shareconnect-NEp2ZttYEsfwFJQKiNDPXA==/base.apk"],nativeLibraryDirectories=[/data/app/~~tgPGD1IvZyVihJ5WEriGpw==/com.shareconnect.test-KRYtWayfc-BAIa-BFJT_mw==/lib/arm64, /data/app/~~kWNn5P5i1VBCZAn7TalMSA==/com.shareconnect-NEp2ZttYEsfwFJQKiNDPXA==/lib/arm64, /data/app/~~tgPGD1IvZyVihJ5WEriGpw==/com.shareconnect.test-KRYtWayfc-BAIa-BFJT_mw==/base.apk!/lib/arm64-v8a, /data/app/~~kWNn5P5i1VBCZAn7TalMSA==/com.shareconnect-NEp2ZttYEsfwFJQKiNDPXA==/base.apk!/lib/arm64-v8a, /system/lib64, /system_ext/lib64]]
at dalvik.system.BaseDexClassLoader.findClass(BaseDexClassLoader.java:259)
at java.lang.ClassLoader.loadClass(ClassLoader.java:379)
at java.lang.ClassLoader.loadClass(ClassLoader.java:312)
... 47 more
 java.lang.ClassNotFoundExceptionìjava.lang.NoClassDefFoundError: Failed resolution of: Lorg/hamcrest/Matchers;
at androidx.test.espresso.matcher.ViewMatchers.withId(ViewMatchers.java:1)
at com.shareconnect.activities.MainActivityInstrumentationTest.testMainActivityLaunches(MainActivityInstrumentationTest.kt:41)
... 44 trimmed
Caused by: java.lang.ClassNotFoundException: Didn't find class "org.hamcrest.Matchers" on path: DexPathList[[zip file "/system/framework/android.test.runner.jar", zip file "/system/framework/android.test.mock.jar", zip file "/system/framework/android.test.base.jar", zip file "/data/app/~~tgPGD1IvZyVihJ5WEriGpw==/com.shareconnect.test-KRYtWayfc-BAIa-BFJT_mw==/base.apk", zip file "/data/app/~~kWNn5P5i1VBCZAn7TalMSA==/com.shareconnect-NEp2ZttYEsfwFJQKiNDPXA==/base.apk"],nativeLibraryDirectories=[/data/app/~~tgPGD1IvZyVihJ5WEriGpw==/com.shareconnect.test-KRYtWayfc-BAIa-BFJT_mw==/lib/arm64, /data/app/~~kWNn5P5i1VBCZAn7TalMSA==/com.shareconnect-NEp2ZttYEsfwFJQKiNDPXA==/lib/arm64, /data/app/~~tgPGD1IvZyVihJ5WEriGpw==/com.shareconnect.test-KRYtWayfc-BAIa-BFJT_mw==/base.apk!/lib/arm64-v8a, /data/app/~~kWNn5P5i1VBCZAn7TalMSA==/com.shareconnect-NEp2ZttYEsfwFJQKiNDPXA==/base.apk!/lib/arm64-v8a, /system/lib64, /system_ext/lib64]]
at dalvik.system.BaseDexClassLoader.findClass(BaseDexClassLoader.java:259)
at java.lang.ClassLoader.loadClass(ClassLoader.java:379)
at java.lang.ClassLoader.loadClass(ClassLoader.java:312)
... 47 more
"˚

logcatandroidÂ
‚/Volumes/T7/Projects/milos85vasic/ShareConnect/Application/build/outputs/androidTest-results/connected/debug/Pixel_7_Pro(AVD) - 13/logcat-com.shareconnect.activities.MainActivityInstrumentationTest-testMainActivityLaunches.txt"Ø

device-infoandroidî
ë/Volumes/T7/Projects/milos85vasic/ShareConnect/Application/build/outputs/androidTest-results/connected/debug/Pixel_7_Pro(AVD) - 13/device-info.pb"∞

device-info.meminfoandroidç
ä/Volumes/T7/Projects/milos85vasic/ShareConnect/Application/build/outputs/androidTest-results/connected/debug/Pixel_7_Pro(AVD) - 13/meminfo"∞

device-info.cpuinfoandroidç
ä/Volumes/T7/Projects/milos85vasic/ShareConnect/Application/build/outputs/androidTest-results/connected/debug/Pixel_7_Pro(AVD) - 13/cpuinfo"˚

logcatandroidÂ
‚/Volumes/T7/Projects/milos85vasic/ShareConnect/Application/build/outputs/androidTest-results/connected/debug/Pixel_7_Pro(AVD) - 13/logcat-com.shareconnect.activities.MainActivityInstrumentationTest-testMainActivityLaunches.txt"Ø

device-infoandroidî
ë/Volumes/T7/Projects/milos85vasic/ShareConnect/Application/build/outputs/androidTest-results/connected/debug/Pixel_7_Pro(AVD) - 13/device-info.pb"∞

device-info.meminfoandroidç
ä/Volumes/T7/Projects/milos85vasic/ShareConnect/Application/build/outputs/androidTest-results/connected/debug/Pixel_7_Pro(AVD) - 13/meminfo"∞

device-info.cpuinfoandroidç
ä/Volumes/T7/Projects/milos85vasic/ShareConnect/Application/build/outputs/androidTest-results/connected/debug/Pixel_7_Pro(AVD) - 13/cpuinfoÅ$
ã
MainActivityInstrumentationTestcom.shareconnect.activitiestestFabAddButtonClick2∑Ó ∆Äﬂ™ô:ºÓ ∆Äô∂˛B
emulator-5554primary»
êjava.lang.NoClassDefFoundError: Failed resolution of: Lorg/hamcrest/Matchers;
at androidx.test.espresso.matcher.ViewMatchers.withId(ViewMatchers.java:1)
at com.shareconnect.activities.MainActivityInstrumentationTest.testFabAddButtonClick(MainActivityInstrumentationTest.kt:89)
... 44 trimmed
Caused by: java.lang.ClassNotFoundException: Didn't find class "org.hamcrest.Matchers" on path: DexPathList[[zip file "/system/framework/android.test.runner.jar", zip file "/system/framework/android.test.mock.jar", zip file "/system/framework/android.test.base.jar", zip file "/data/app/~~tgPGD1IvZyVihJ5WEriGpw==/com.shareconnect.test-KRYtWayfc-BAIa-BFJT_mw==/base.apk", zip file "/data/app/~~kWNn5P5i1VBCZAn7TalMSA==/com.shareconnect-NEp2ZttYEsfwFJQKiNDPXA==/base.apk"],nativeLibraryDirectories=[/data/app/~~tgPGD1IvZyVihJ5WEriGpw==/com.shareconnect.test-KRYtWayfc-BAIa-BFJT_mw==/lib/arm64, /data/app/~~kWNn5P5i1VBCZAn7TalMSA==/com.shareconnect-NEp2ZttYEsfwFJQKiNDPXA==/lib/arm64, /data/app/~~tgPGD1IvZyVihJ5WEriGpw==/com.shareconnect.test-KRYtWayfc-BAIa-BFJT_mw==/base.apk!/lib/arm64-v8a, /data/app/~~kWNn5P5i1VBCZAn7TalMSA==/com.shareconnect-NEp2ZttYEsfwFJQKiNDPXA==/base.apk!/lib/arm64-v8a, /system/lib64, /system_ext/lib64]]
at dalvik.system.BaseDexClassLoader.findClass(BaseDexClassLoader.java:259)
at java.lang.ClassLoader.loadClass(ClassLoader.java:379)
at java.lang.ClassLoader.loadClass(ClassLoader.java:312)
... 47 more
 java.lang.ClassNotFoundExceptionêjava.lang.NoClassDefFoundError: Failed resolution of: Lorg/hamcrest/Matchers;
at androidx.test.espresso.matcher.ViewMatchers.withId(ViewMatchers.java:1)
at com.shareconnect.activities.MainActivityInstrumentationTest.testFabAddButtonClick(MainActivityInstrumentationTest.kt:89)
... 44 trimmed
Caused by: java.lang.ClassNotFoundException: Didn't find class "org.hamcrest.Matchers" on path: DexPathList[[zip file "/system/framework/android.test.runner.jar", zip file "/system/framework/android.test.mock.jar", zip file "/system/framework/android.test.base.jar", zip file "/data/app/~~tgPGD1IvZyVihJ5WEriGpw==/com.shareconnect.test-KRYtWayfc-BAIa-BFJT_mw==/base.apk", zip file "/data/app/~~kWNn5P5i1VBCZAn7TalMSA==/com.shareconnect-NEp2ZttYEsfwFJQKiNDPXA==/base.apk"],nativeLibraryDirectories=[/data/app/~~tgPGD1IvZyVihJ5WEriGpw==/com.shareconnect.test-KRYtWayfc-BAIa-BFJT_mw==/lib/arm64, /data/app/~~kWNn5P5i1VBCZAn7TalMSA==/com.shareconnect-NEp2ZttYEsfwFJQKiNDPXA==/lib/arm64, /data/app/~~tgPGD1IvZyVihJ5WEriGpw==/com.shareconnect.test-KRYtWayfc-BAIa-BFJT_mw==/base.apk!/lib/arm64-v8a, /data/app/~~kWNn5P5i1VBCZAn7TalMSA==/com.shareconnect-NEp2ZttYEsfwFJQKiNDPXA==/base.apk!/lib/arm64-v8a, /system/lib64, /system_ext/lib64]]
at dalvik.system.BaseDexClassLoader.findClass(BaseDexClassLoader.java:259)
at java.lang.ClassLoader.loadClass(ClassLoader.java:379)
at java.lang.ClassLoader.loadClass(ClassLoader.java:312)
... 47 more
"¯

logcatandroid‚
ﬂ/Volumes/T7/Projects/milos85vasic/ShareConnect/Application/build/outputs/androidTest-results/connected/debug/Pixel_7_Pro(AVD) - 13/logcat-com.shareconnect.activities.MainActivityInstrumentationTest-testFabAddButtonClick.txt"Ø

device-infoandroidî
ë/Volumes/T7/Projects/milos85vasic/ShareConnect/Application/build/outputs/androidTest-results/connected/debug/Pixel_7_Pro(AVD) - 13/device-info.pb"∞

device-info.meminfoandroidç
ä/Volumes/T7/Projects/milos85vasic/ShareConnect/Application/build/outputs/androidTest-results/connected/debug/Pixel_7_Pro(AVD) - 13/meminfo"∞

device-info.cpuinfoandroidç
ä/Volumes/T7/Projects/milos85vasic/ShareConnect/Application/build/outputs/androidTest-results/connected/debug/Pixel_7_Pro(AVD) - 13/cpuinfo"¯

logcatandroid‚
ﬂ/Volumes/T7/Projects/milos85vasic/ShareConnect/Application/build/outputs/androidTest-results/connected/debug/Pixel_7_Pro(AVD) - 13/logcat-com.shareconnect.activities.MainActivityInstrumentationTest-testFabAddButtonClick.txt"Ø

device-infoandroidî
ë/Volumes/T7/Projects/milos85vasic/ShareConnect/Application/build/outputs/androidTest-results/connected/debug/Pixel_7_Pro(AVD) - 13/device-info.pb"∞

device-info.meminfoandroidç
ä/Volumes/T7/Projects/milos85vasic/ShareConnect/Application/build/outputs/androidTest-results/connected/debug/Pixel_7_Pro(AVD) - 13/meminfo"∞

device-info.cpuinfoandroidç
ä/Volumes/T7/Projects/milos85vasic/ShareConnect/Application/build/outputs/androidTest-results/connected/debug/Pixel_7_Pro(AVD) - 13/cpuinfo†$
ê
MainActivityInstrumentationTestcom.shareconnect.activitiestestMainContentIsScrollable2ΩÓ ∆Ä˜éy:¬Ó ∆¿ç…ıB
emulator-5554primary÷
ójava.lang.NoClassDefFoundError: Failed resolution of: Lorg/hamcrest/Matchers;
at androidx.test.espresso.matcher.ViewMatchers.withId(ViewMatchers.java:1)
at com.shareconnect.activities.MainActivityInstrumentationTest.testMainContentIsScrollable(MainActivityInstrumentationTest.kt:113)
... 44 trimmed
Caused by: java.lang.ClassNotFoundException: Didn't find class "org.hamcrest.Matchers" on path: DexPathList[[zip file "/system/framework/android.test.runner.jar", zip file "/system/framework/android.test.mock.jar", zip file "/system/framework/android.test.base.jar", zip file "/data/app/~~tgPGD1IvZyVihJ5WEriGpw==/com.shareconnect.test-KRYtWayfc-BAIa-BFJT_mw==/base.apk", zip file "/data/app/~~kWNn5P5i1VBCZAn7TalMSA==/com.shareconnect-NEp2ZttYEsfwFJQKiNDPXA==/base.apk"],nativeLibraryDirectories=[/data/app/~~tgPGD1IvZyVihJ5WEriGpw==/com.shareconnect.test-KRYtWayfc-BAIa-BFJT_mw==/lib/arm64, /data/app/~~kWNn5P5i1VBCZAn7TalMSA==/com.shareconnect-NEp2ZttYEsfwFJQKiNDPXA==/lib/arm64, /data/app/~~tgPGD1IvZyVihJ5WEriGpw==/com.shareconnect.test-KRYtWayfc-BAIa-BFJT_mw==/base.apk!/lib/arm64-v8a, /data/app/~~kWNn5P5i1VBCZAn7TalMSA==/com.shareconnect-NEp2ZttYEsfwFJQKiNDPXA==/base.apk!/lib/arm64-v8a, /system/lib64, /system_ext/lib64]]
at dalvik.system.BaseDexClassLoader.findClass(BaseDexClassLoader.java:259)
at java.lang.ClassLoader.loadClass(ClassLoader.java:379)
at java.lang.ClassLoader.loadClass(ClassLoader.java:312)
... 47 more
 java.lang.ClassNotFoundExceptionójava.lang.NoClassDefFoundError: Failed resolution of: Lorg/hamcrest/Matchers;
at androidx.test.espresso.matcher.ViewMatchers.withId(ViewMatchers.java:1)
at com.shareconnect.activities.MainActivityInstrumentationTest.testMainContentIsScrollable(MainActivityInstrumentationTest.kt:113)
... 44 trimmed
Caused by: java.lang.ClassNotFoundException: Didn't find class "org.hamcrest.Matchers" on path: DexPathList[[zip file "/system/framework/android.test.runner.jar", zip file "/system/framework/android.test.mock.jar", zip file "/system/framework/android.test.base.jar", zip file "/data/app/~~tgPGD1IvZyVihJ5WEriGpw==/com.shareconnect.test-KRYtWayfc-BAIa-BFJT_mw==/base.apk", zip file "/data/app/~~kWNn5P5i1VBCZAn7TalMSA==/com.shareconnect-NEp2ZttYEsfwFJQKiNDPXA==/base.apk"],nativeLibraryDirectories=[/data/app/~~tgPGD1IvZyVihJ5WEriGpw==/com.shareconnect.test-KRYtWayfc-BAIa-BFJT_mw==/lib/arm64, /data/app/~~kWNn5P5i1VBCZAn7TalMSA==/com.shareconnect-NEp2ZttYEsfwFJQKiNDPXA==/lib/arm64, /data/app/~~tgPGD1IvZyVihJ5WEriGpw==/com.shareconnect.test-KRYtWayfc-BAIa-BFJT_mw==/base.apk!/lib/arm64-v8a, /data/app/~~kWNn5P5i1VBCZAn7TalMSA==/com.shareconnect-NEp2ZttYEsfwFJQKiNDPXA==/base.apk!/lib/arm64-v8a, /system/lib64, /system_ext/lib64]]
at dalvik.system.BaseDexClassLoader.findClass(BaseDexClassLoader.java:259)
at java.lang.ClassLoader.loadClass(ClassLoader.java:379)
at java.lang.ClassLoader.loadClass(ClassLoader.java:312)
... 47 more
"˛

logcatandroidË
Â/Volumes/T7/Projects/milos85vasic/ShareConnect/Application/build/outputs/androidTest-results/connected/debug/Pixel_7_Pro(AVD) - 13/logcat-com.shareconnect.activities.MainActivityInstrumentationTest-testMainContentIsScrollable.txt"Ø

device-infoandroidî
ë/Volumes/T7/Projects/milos85vasic/ShareConnect/Application/build/outputs/androidTest-results/connected/debug/Pixel_7_Pro(AVD) - 13/device-info.pb"∞

device-info.meminfoandroidç
ä/Volumes/T7/Projects/milos85vasic/ShareConnect/Application/build/outputs/androidTest-results/connected/debug/Pixel_7_Pro(AVD) - 13/meminfo"∞

device-info.cpuinfoandroidç
ä/Volumes/T7/Projects/milos85vasic/ShareConnect/Application/build/outputs/androidTest-results/connected/debug/Pixel_7_Pro(AVD) - 13/cpuinfo"˛

logcatandroidË
Â/Volumes/T7/Projects/milos85vasic/ShareConnect/Application/build/outputs/androidTest-results/connected/debug/Pixel_7_Pro(AVD) - 13/logcat-com.shareconnect.activities.MainActivityInstrumentationTest-testMainContentIsScrollable.txt"Ø

device-infoandroidî
ë/Volumes/T7/Projects/milos85vasic/ShareConnect/Application/build/outputs/androidTest-results/connected/debug/Pixel_7_Pro(AVD) - 13/device-info.pb"∞

device-info.meminfoandroidç
ä/Volumes/T7/Projects/milos85vasic/ShareConnect/Application/build/outputs/androidTest-results/connected/debug/Pixel_7_Pro(AVD) - 13/meminfo"∞

device-info.cpuinfoandroidç
ä/Volumes/T7/Projects/milos85vasic/ShareConnect/Application/build/outputs/androidTest-results/connected/debug/Pixel_7_Pro(AVD) - 13/cpuinfoã$
ã
MainActivityInstrumentationTestcom.shareconnect.activitiestestAppNameIsDisplayed2¬Ó ∆¿‰û :»Ó ∆¿ö‡aB
emulator-5554primary–
îjava.lang.NoClassDefFoundError: Failed resolution of: Lorg/hamcrest/Matchers;
at androidx.test.espresso.matcher.ViewMatchers.withText(ViewMatchers.java:2)
at com.shareconnect.activities.MainActivityInstrumentationTest.testAppNameIsDisplayed(MainActivityInstrumentationTest.kt:106)
... 44 trimmed
Caused by: java.lang.ClassNotFoundException: Didn't find class "org.hamcrest.Matchers" on path: DexPathList[[zip file "/system/framework/android.test.runner.jar", zip file "/system/framework/android.test.mock.jar", zip file "/system/framework/android.test.base.jar", zip file "/data/app/~~tgPGD1IvZyVihJ5WEriGpw==/com.shareconnect.test-KRYtWayfc-BAIa-BFJT_mw==/base.apk", zip file "/data/app/~~kWNn5P5i1VBCZAn7TalMSA==/com.shareconnect-NEp2ZttYEsfwFJQKiNDPXA==/base.apk"],nativeLibraryDirectories=[/data/app/~~tgPGD1IvZyVihJ5WEriGpw==/com.shareconnect.test-KRYtWayfc-BAIa-BFJT_mw==/lib/arm64, /data/app/~~kWNn5P5i1VBCZAn7TalMSA==/com.shareconnect-NEp2ZttYEsfwFJQKiNDPXA==/lib/arm64, /data/app/~~tgPGD1IvZyVihJ5WEriGpw==/com.shareconnect.test-KRYtWayfc-BAIa-BFJT_mw==/base.apk!/lib/arm64-v8a, /data/app/~~kWNn5P5i1VBCZAn7TalMSA==/com.shareconnect-NEp2ZttYEsfwFJQKiNDPXA==/base.apk!/lib/arm64-v8a, /system/lib64, /system_ext/lib64]]
at dalvik.system.BaseDexClassLoader.findClass(BaseDexClassLoader.java:259)
at java.lang.ClassLoader.loadClass(ClassLoader.java:379)
at java.lang.ClassLoader.loadClass(ClassLoader.java:312)
... 47 more
 java.lang.ClassNotFoundExceptionîjava.lang.NoClassDefFoundError: Failed resolution of: Lorg/hamcrest/Matchers;
at androidx.test.espresso.matcher.ViewMatchers.withText(ViewMatchers.java:2)
at com.shareconnect.activities.MainActivityInstrumentationTest.testAppNameIsDisplayed(MainActivityInstrumentationTest.kt:106)
... 44 trimmed
Caused by: java.lang.ClassNotFoundException: Didn't find class "org.hamcrest.Matchers" on path: DexPathList[[zip file "/system/framework/android.test.runner.jar", zip file "/system/framework/android.test.mock.jar", zip file "/system/framework/android.test.base.jar", zip file "/data/app/~~tgPGD1IvZyVihJ5WEriGpw==/com.shareconnect.test-KRYtWayfc-BAIa-BFJT_mw==/base.apk", zip file "/data/app/~~kWNn5P5i1VBCZAn7TalMSA==/com.shareconnect-NEp2ZttYEsfwFJQKiNDPXA==/base.apk"],nativeLibraryDirectories=[/data/app/~~tgPGD1IvZyVihJ5WEriGpw==/com.shareconnect.test-KRYtWayfc-BAIa-BFJT_mw==/lib/arm64, /data/app/~~kWNn5P5i1VBCZAn7TalMSA==/com.shareconnect-NEp2ZttYEsfwFJQKiNDPXA==/lib/arm64, /data/app/~~tgPGD1IvZyVihJ5WEriGpw==/com.shareconnect.test-KRYtWayfc-BAIa-BFJT_mw==/base.apk!/lib/arm64-v8a, /data/app/~~kWNn5P5i1VBCZAn7TalMSA==/com.shareconnect-NEp2ZttYEsfwFJQKiNDPXA==/base.apk!/lib/arm64-v8a, /system/lib64, /system_ext/lib64]]
at dalvik.system.BaseDexClassLoader.findClass(BaseDexClassLoader.java:259)
at java.lang.ClassLoader.loadClass(ClassLoader.java:379)
at java.lang.ClassLoader.loadClass(ClassLoader.java:312)
... 47 more
"˘

logcatandroid„
‡/Volumes/T7/Projects/milos85vasic/ShareConnect/Application/build/outputs/androidTest-results/connected/debug/Pixel_7_Pro(AVD) - 13/logcat-com.shareconnect.activities.MainActivityInstrumentationTest-testAppNameIsDisplayed.txt"Ø

device-infoandroidî
ë/Volumes/T7/Projects/milos85vasic/ShareConnect/Application/build/outputs/androidTest-results/connected/debug/Pixel_7_Pro(AVD) - 13/device-info.pb"∞

device-info.meminfoandroidç
ä/Volumes/T7/Projects/milos85vasic/ShareConnect/Application/build/outputs/androidTest-results/connected/debug/Pixel_7_Pro(AVD) - 13/meminfo"∞

device-info.cpuinfoandroidç
ä/Volumes/T7/Projects/milos85vasic/ShareConnect/Application/build/outputs/androidTest-results/connected/debug/Pixel_7_Pro(AVD) - 13/cpuinfo"˘

logcatandroid„
‡/Volumes/T7/Projects/milos85vasic/ShareConnect/Application/build/outputs/androidTest-results/connected/debug/Pixel_7_Pro(AVD) - 13/logcat-com.shareconnect.activities.MainActivityInstrumentationTest-testAppNameIsDisplayed.txt"Ø

device-infoandroidî
ë/Volumes/T7/Projects/milos85vasic/ShareConnect/Application/build/outputs/androidTest-results/connected/debug/Pixel_7_Pro(AVD) - 13/device-info.pb"∞

device-info.meminfoandroidç
ä/Volumes/T7/Projects/milos85vasic/ShareConnect/Application/build/outputs/androidTest-results/connected/debug/Pixel_7_Pro(AVD) - 13/meminfo"∞

device-info.cpuinfoandroidç
ä/Volumes/T7/Projects/milos85vasic/ShareConnect/Application/build/outputs/androidTest-results/connected/debug/Pixel_7_Pro(AVD) - 13/cpuinfoÜ$
å
MainActivityInstrumentationTestcom.shareconnect.activitiestestHistoryButtonClick2»Ó ∆¿å§π:ÕÓ ∆Ä•±®B
emulator-5554primary 
ëjava.lang.NoClassDefFoundError: Failed resolution of: Lorg/hamcrest/Matchers;
at androidx.test.espresso.matcher.ViewMatchers.withId(ViewMatchers.java:1)
at com.shareconnect.activities.MainActivityInstrumentationTest.testHistoryButtonClick(MainActivityInstrumentationTest.kt:76)
... 44 trimmed
Caused by: java.lang.ClassNotFoundException: Didn't find class "org.hamcrest.Matchers" on path: DexPathList[[zip file "/system/framework/android.test.runner.jar", zip file "/system/framework/android.test.mock.jar", zip file "/system/framework/android.test.base.jar", zip file "/data/app/~~tgPGD1IvZyVihJ5WEriGpw==/com.shareconnect.test-KRYtWayfc-BAIa-BFJT_mw==/base.apk", zip file "/data/app/~~kWNn5P5i1VBCZAn7TalMSA==/com.shareconnect-NEp2ZttYEsfwFJQKiNDPXA==/base.apk"],nativeLibraryDirectories=[/data/app/~~tgPGD1IvZyVihJ5WEriGpw==/com.shareconnect.test-KRYtWayfc-BAIa-BFJT_mw==/lib/arm64, /data/app/~~kWNn5P5i1VBCZAn7TalMSA==/com.shareconnect-NEp2ZttYEsfwFJQKiNDPXA==/lib/arm64, /data/app/~~tgPGD1IvZyVihJ5WEriGpw==/com.shareconnect.test-KRYtWayfc-BAIa-BFJT_mw==/base.apk!/lib/arm64-v8a, /data/app/~~kWNn5P5i1VBCZAn7TalMSA==/com.shareconnect-NEp2ZttYEsfwFJQKiNDPXA==/base.apk!/lib/arm64-v8a, /system/lib64, /system_ext/lib64]]
at dalvik.system.BaseDexClassLoader.findClass(BaseDexClassLoader.java:259)
at java.lang.ClassLoader.loadClass(ClassLoader.java:379)
at java.lang.ClassLoader.loadClass(ClassLoader.java:312)
... 47 more
 java.lang.ClassNotFoundExceptionëjava.lang.NoClassDefFoundError: Failed resolution of: Lorg/hamcrest/Matchers;
at androidx.test.espresso.matcher.ViewMatchers.withId(ViewMatchers.java:1)
at com.shareconnect.activities.MainActivityInstrumentationTest.testHistoryButtonClick(MainActivityInstrumentationTest.kt:76)
... 44 trimmed
Caused by: java.lang.ClassNotFoundException: Didn't find class "org.hamcrest.Matchers" on path: DexPathList[[zip file "/system/framework/android.test.runner.jar", zip file "/system/framework/android.test.mock.jar", zip file "/system/framework/android.test.base.jar", zip file "/data/app/~~tgPGD1IvZyVihJ5WEriGpw==/com.shareconnect.test-KRYtWayfc-BAIa-BFJT_mw==/base.apk", zip file "/data/app/~~kWNn5P5i1VBCZAn7TalMSA==/com.shareconnect-NEp2ZttYEsfwFJQKiNDPXA==/base.apk"],nativeLibraryDirectories=[/data/app/~~tgPGD1IvZyVihJ5WEriGpw==/com.shareconnect.test-KRYtWayfc-BAIa-BFJT_mw==/lib/arm64, /data/app/~~kWNn5P5i1VBCZAn7TalMSA==/com.shareconnect-NEp2ZttYEsfwFJQKiNDPXA==/lib/arm64, /data/app/~~tgPGD1IvZyVihJ5WEriGpw==/com.shareconnect.test-KRYtWayfc-BAIa-BFJT_mw==/base.apk!/lib/arm64-v8a, /data/app/~~kWNn5P5i1VBCZAn7TalMSA==/com.shareconnect-NEp2ZttYEsfwFJQKiNDPXA==/base.apk!/lib/arm64-v8a, /system/lib64, /system_ext/lib64]]
at dalvik.system.BaseDexClassLoader.findClass(BaseDexClassLoader.java:259)
at java.lang.ClassLoader.loadClass(ClassLoader.java:379)
at java.lang.ClassLoader.loadClass(ClassLoader.java:312)
... 47 more
"˘

logcatandroid„
‡/Volumes/T7/Projects/milos85vasic/ShareConnect/Application/build/outputs/androidTest-results/connected/debug/Pixel_7_Pro(AVD) - 13/logcat-com.shareconnect.activities.MainActivityInstrumentationTest-testHistoryButtonClick.txt"Ø

device-infoandroidî
ë/Volumes/T7/Projects/milos85vasic/ShareConnect/Application/build/outputs/androidTest-results/connected/debug/Pixel_7_Pro(AVD) - 13/device-info.pb"∞

device-info.meminfoandroidç
ä/Volumes/T7/Projects/milos85vasic/ShareConnect/Application/build/outputs/androidTest-results/connected/debug/Pixel_7_Pro(AVD) - 13/meminfo"∞

device-info.cpuinfoandroidç
ä/Volumes/T7/Projects/milos85vasic/ShareConnect/Application/build/outputs/androidTest-results/connected/debug/Pixel_7_Pro(AVD) - 13/cpuinfo"˘

logcatandroid„
‡/Volumes/T7/Projects/milos85vasic/ShareConnect/Application/build/outputs/androidTest-results/connected/debug/Pixel_7_Pro(AVD) - 13/logcat-com.shareconnect.activities.MainActivityInstrumentationTest-testHistoryButtonClick.txt"Ø

device-infoandroidî
ë/Volumes/T7/Projects/milos85vasic/ShareConnect/Application/build/outputs/androidTest-results/connected/debug/Pixel_7_Pro(AVD) - 13/device-info.pb"∞

device-info.meminfoandroidç
ä/Volumes/T7/Projects/milos85vasic/ShareConnect/Application/build/outputs/androidTest-results/connected/debug/Pixel_7_Pro(AVD) - 13/meminfo"∞

device-info.cpuinfoandroidç
ä/Volumes/T7/Projects/milos85vasic/ShareConnect/Application/build/outputs/androidTest-results/connected/debug/Pixel_7_Pro(AVD) - 13/cpuinfoÜ$
å
MainActivityInstrumentationTestcom.shareconnect.activitiestestToolbarIsDisplayed2ŒÓ ∆Äû¯•:”Ó ∆Ä˛«˚B
emulator-5554primary 
ëjava.lang.NoClassDefFoundError: Failed resolution of: Lorg/hamcrest/Matchers;
at androidx.test.espresso.matcher.ViewMatchers.withId(ViewMatchers.java:1)
at com.shareconnect.activities.MainActivityInstrumentationTest.testToolbarIsDisplayed(MainActivityInstrumentationTest.kt:99)
... 44 trimmed
Caused by: java.lang.ClassNotFoundException: Didn't find class "org.hamcrest.Matchers" on path: DexPathList[[zip file "/system/framework/android.test.runner.jar", zip file "/system/framework/android.test.mock.jar", zip file "/system/framework/android.test.base.jar", zip file "/data/app/~~tgPGD1IvZyVihJ5WEriGpw==/com.shareconnect.test-KRYtWayfc-BAIa-BFJT_mw==/base.apk", zip file "/data/app/~~kWNn5P5i1VBCZAn7TalMSA==/com.shareconnect-NEp2ZttYEsfwFJQKiNDPXA==/base.apk"],nativeLibraryDirectories=[/data/app/~~tgPGD1IvZyVihJ5WEriGpw==/com.shareconnect.test-KRYtWayfc-BAIa-BFJT_mw==/lib/arm64, /data/app/~~kWNn5P5i1VBCZAn7TalMSA==/com.shareconnect-NEp2ZttYEsfwFJQKiNDPXA==/lib/arm64, /data/app/~~tgPGD1IvZyVihJ5WEriGpw==/com.shareconnect.test-KRYtWayfc-BAIa-BFJT_mw==/base.apk!/lib/arm64-v8a, /data/app/~~kWNn5P5i1VBCZAn7TalMSA==/com.shareconnect-NEp2ZttYEsfwFJQKiNDPXA==/base.apk!/lib/arm64-v8a, /system/lib64, /system_ext/lib64]]
at dalvik.system.BaseDexClassLoader.findClass(BaseDexClassLoader.java:259)
at java.lang.ClassLoader.loadClass(ClassLoader.java:379)
at java.lang.ClassLoader.loadClass(ClassLoader.java:312)
... 47 more
 java.lang.ClassNotFoundExceptionëjava.lang.NoClassDefFoundError: Failed resolution of: Lorg/hamcrest/Matchers;
at androidx.test.espresso.matcher.ViewMatchers.withId(ViewMatchers.java:1)
at com.shareconnect.activities.MainActivityInstrumentationTest.testToolbarIsDisplayed(MainActivityInstrumentationTest.kt:99)
... 44 trimmed
Caused by: java.lang.ClassNotFoundException: Didn't find class "org.hamcrest.Matchers" on path: DexPathList[[zip file "/system/framework/android.test.runner.jar", zip file "/system/framework/android.test.mock.jar", zip file "/system/framework/android.test.base.jar", zip file "/data/app/~~tgPGD1IvZyVihJ5WEriGpw==/com.shareconnect.test-KRYtWayfc-BAIa-BFJT_mw==/base.apk", zip file "/data/app/~~kWNn5P5i1VBCZAn7TalMSA==/com.shareconnect-NEp2ZttYEsfwFJQKiNDPXA==/base.apk"],nativeLibraryDirectories=[/data/app/~~tgPGD1IvZyVihJ5WEriGpw==/com.shareconnect.test-KRYtWayfc-BAIa-BFJT_mw==/lib/arm64, /data/app/~~kWNn5P5i1VBCZAn7TalMSA==/com.shareconnect-NEp2ZttYEsfwFJQKiNDPXA==/lib/arm64, /data/app/~~tgPGD1IvZyVihJ5WEriGpw==/com.shareconnect.test-KRYtWayfc-BAIa-BFJT_mw==/base.apk!/lib/arm64-v8a, /data/app/~~kWNn5P5i1VBCZAn7TalMSA==/com.shareconnect-NEp2ZttYEsfwFJQKiNDPXA==/base.apk!/lib/arm64-v8a, /system/lib64, /system_ext/lib64]]
at dalvik.system.BaseDexClassLoader.findClass(BaseDexClassLoader.java:259)
at java.lang.ClassLoader.loadClass(ClassLoader.java:379)
at java.lang.ClassLoader.loadClass(ClassLoader.java:312)
... 47 more
"˘

logcatandroid„
‡/Volumes/T7/Projects/milos85vasic/ShareConnect/Application/build/outputs/androidTest-results/connected/debug/Pixel_7_Pro(AVD) - 13/logcat-com.shareconnect.activities.MainActivityInstrumentationTest-testToolbarIsDisplayed.txt"Ø

device-infoandroidî
ë/Volumes/T7/Projects/milos85vasic/ShareConnect/Application/build/outputs/androidTest-results/connected/debug/Pixel_7_Pro(AVD) - 13/device-info.pb"∞

device-info.meminfoandroidç
ä/Volumes/T7/Projects/milos85vasic/ShareConnect/Application/build/outputs/androidTest-results/connected/debug/Pixel_7_Pro(AVD) - 13/meminfo"∞

device-info.cpuinfoandroidç
ä/Volumes/T7/Projects/milos85vasic/ShareConnect/Application/build/outputs/androidTest-results/connected/debug/Pixel_7_Pro(AVD) - 13/cpuinfo"˘

logcatandroid„
‡/Volumes/T7/Projects/milos85vasic/ShareConnect/Application/build/outputs/androidTest-results/connected/debug/Pixel_7_Pro(AVD) - 13/logcat-com.shareconnect.activities.MainActivityInstrumentationTest-testToolbarIsDisplayed.txt"Ø

device-infoandroidî
ë/Volumes/T7/Projects/milos85vasic/ShareConnect/Application/build/outputs/androidTest-results/connected/debug/Pixel_7_Pro(AVD) - 13/device-info.pb"∞

device-info.meminfoandroidç
ä/Volumes/T7/Projects/milos85vasic/ShareConnect/Application/build/outputs/androidTest-results/connected/debug/Pixel_7_Pro(AVD) - 13/meminfo"∞

device-info.cpuinfoandroidç
ä/Volumes/T7/Projects/milos85vasic/ShareConnect/Application/build/outputs/androidTest-results/connected/debug/Pixel_7_Pro(AVD) - 13/cpuinfoÂ#
Ö
MainActivityInstrumentationTestcom.shareconnect.activitiestestButtonIcons2‘Ó ∆¿ÅŒÀ:ŸÓ ∆¿Ÿ»‹B
emulator-5554primaryæ
ãjava.lang.NoClassDefFoundError: Failed resolution of: Lorg/hamcrest/Matchers;
at androidx.test.espresso.matcher.ViewMatchers.withId(ViewMatchers.java:1)
at com.shareconnect.activities.MainActivityInstrumentationTest.testButtonIcons(MainActivityInstrumentationTest.kt:139)
... 44 trimmed
Caused by: java.lang.ClassNotFoundException: Didn't find class "org.hamcrest.Matchers" on path: DexPathList[[zip file "/system/framework/android.test.runner.jar", zip file "/system/framework/android.test.mock.jar", zip file "/system/framework/android.test.base.jar", zip file "/data/app/~~tgPGD1IvZyVihJ5WEriGpw==/com.shareconnect.test-KRYtWayfc-BAIa-BFJT_mw==/base.apk", zip file "/data/app/~~kWNn5P5i1VBCZAn7TalMSA==/com.shareconnect-NEp2ZttYEsfwFJQKiNDPXA==/base.apk"],nativeLibraryDirectories=[/data/app/~~tgPGD1IvZyVihJ5WEriGpw==/com.shareconnect.test-KRYtWayfc-BAIa-BFJT_mw==/lib/arm64, /data/app/~~kWNn5P5i1VBCZAn7TalMSA==/com.shareconnect-NEp2ZttYEsfwFJQKiNDPXA==/lib/arm64, /data/app/~~tgPGD1IvZyVihJ5WEriGpw==/com.shareconnect.test-KRYtWayfc-BAIa-BFJT_mw==/base.apk!/lib/arm64-v8a, /data/app/~~kWNn5P5i1VBCZAn7TalMSA==/com.shareconnect-NEp2ZttYEsfwFJQKiNDPXA==/base.apk!/lib/arm64-v8a, /system/lib64, /system_ext/lib64]]
at dalvik.system.BaseDexClassLoader.findClass(BaseDexClassLoader.java:259)
at java.lang.ClassLoader.loadClass(ClassLoader.java:379)
at java.lang.ClassLoader.loadClass(ClassLoader.java:312)
... 47 more
 java.lang.ClassNotFoundExceptionãjava.lang.NoClassDefFoundError: Failed resolution of: Lorg/hamcrest/Matchers;
at androidx.test.espresso.matcher.ViewMatchers.withId(ViewMatchers.java:1)
at com.shareconnect.activities.MainActivityInstrumentationTest.testButtonIcons(MainActivityInstrumentationTest.kt:139)
... 44 trimmed
Caused by: java.lang.ClassNotFoundException: Didn't find class "org.hamcrest.Matchers" on path: DexPathList[[zip file "/system/framework/android.test.runner.jar", zip file "/system/framework/android.test.mock.jar", zip file "/system/framework/android.test.base.jar", zip file "/data/app/~~tgPGD1IvZyVihJ5WEriGpw==/com.shareconnect.test-KRYtWayfc-BAIa-BFJT_mw==/base.apk", zip file "/data/app/~~kWNn5P5i1VBCZAn7TalMSA==/com.shareconnect-NEp2ZttYEsfwFJQKiNDPXA==/base.apk"],nativeLibraryDirectories=[/data/app/~~tgPGD1IvZyVihJ5WEriGpw==/com.shareconnect.test-KRYtWayfc-BAIa-BFJT_mw==/lib/arm64, /data/app/~~kWNn5P5i1VBCZAn7TalMSA==/com.shareconnect-NEp2ZttYEsfwFJQKiNDPXA==/lib/arm64, /data/app/~~tgPGD1IvZyVihJ5WEriGpw==/com.shareconnect.test-KRYtWayfc-BAIa-BFJT_mw==/base.apk!/lib/arm64-v8a, /data/app/~~kWNn5P5i1VBCZAn7TalMSA==/com.shareconnect-NEp2ZttYEsfwFJQKiNDPXA==/base.apk!/lib/arm64-v8a, /system/lib64, /system_ext/lib64]]
at dalvik.system.BaseDexClassLoader.findClass(BaseDexClassLoader.java:259)
at java.lang.ClassLoader.loadClass(ClassLoader.java:379)
at java.lang.ClassLoader.loadClass(ClassLoader.java:312)
... 47 more
"Ú

logcatandroid‹
Ÿ/Volumes/T7/Projects/milos85vasic/ShareConnect/Application/build/outputs/androidTest-results/connected/debug/Pixel_7_Pro(AVD) - 13/logcat-com.shareconnect.activities.MainActivityInstrumentationTest-testButtonIcons.txt"Ø

device-infoandroidî
ë/Volumes/T7/Projects/milos85vasic/ShareConnect/Application/build/outputs/androidTest-results/connected/debug/Pixel_7_Pro(AVD) - 13/device-info.pb"∞

device-info.meminfoandroidç
ä/Volumes/T7/Projects/milos85vasic/ShareConnect/Application/build/outputs/androidTest-results/connected/debug/Pixel_7_Pro(AVD) - 13/meminfo"∞

device-info.cpuinfoandroidç
ä/Volumes/T7/Projects/milos85vasic/ShareConnect/Application/build/outputs/androidTest-results/connected/debug/Pixel_7_Pro(AVD) - 13/cpuinfo"Ú

logcatandroid‹
Ÿ/Volumes/T7/Projects/milos85vasic/ShareConnect/Application/build/outputs/androidTest-results/connected/debug/Pixel_7_Pro(AVD) - 13/logcat-com.shareconnect.activities.MainActivityInstrumentationTest-testButtonIcons.txt"Ø

device-infoandroidî
ë/Volumes/T7/Projects/milos85vasic/ShareConnect/Application/build/outputs/androidTest-results/connected/debug/Pixel_7_Pro(AVD) - 13/device-info.pb"∞

device-info.meminfoandroidç
ä/Volumes/T7/Projects/milos85vasic/ShareConnect/Application/build/outputs/androidTest-results/connected/debug/Pixel_7_Pro(AVD) - 13/meminfo"∞

device-info.cpuinfoandroidç
ä/Volumes/T7/Projects/milos85vasic/ShareConnect/Application/build/outputs/androidTest-results/connected/debug/Pixel_7_Pro(AVD) - 13/cpuinfo‰#
Ñ
MainActivityInstrumentationTestcom.shareconnect.activitiestestButtonTexts2⁄Ó ∆¿Ù§k:ﬂÓ ∆¿Ù≠ÂB
emulator-5554primaryæ
ãjava.lang.NoClassDefFoundError: Failed resolution of: Lorg/hamcrest/Matchers;
at androidx.test.espresso.matcher.ViewMatchers.withId(ViewMatchers.java:1)
at com.shareconnect.activities.MainActivityInstrumentationTest.testButtonTexts(MainActivityInstrumentationTest.kt:123)
... 44 trimmed
Caused by: java.lang.ClassNotFoundException: Didn't find class "org.hamcrest.Matchers" on path: DexPathList[[zip file "/system/framework/android.test.runner.jar", zip file "/system/framework/android.test.mock.jar", zip file "/system/framework/android.test.base.jar", zip file "/data/app/~~tgPGD1IvZyVihJ5WEriGpw==/com.shareconnect.test-KRYtWayfc-BAIa-BFJT_mw==/base.apk", zip file "/data/app/~~kWNn5P5i1VBCZAn7TalMSA==/com.shareconnect-NEp2ZttYEsfwFJQKiNDPXA==/base.apk"],nativeLibraryDirectories=[/data/app/~~tgPGD1IvZyVihJ5WEriGpw==/com.shareconnect.test-KRYtWayfc-BAIa-BFJT_mw==/lib/arm64, /data/app/~~kWNn5P5i1VBCZAn7TalMSA==/com.shareconnect-NEp2ZttYEsfwFJQKiNDPXA==/lib/arm64, /data/app/~~tgPGD1IvZyVihJ5WEriGpw==/com.shareconnect.test-KRYtWayfc-BAIa-BFJT_mw==/base.apk!/lib/arm64-v8a, /data/app/~~kWNn5P5i1VBCZAn7TalMSA==/com.shareconnect-NEp2ZttYEsfwFJQKiNDPXA==/base.apk!/lib/arm64-v8a, /system/lib64, /system_ext/lib64]]
at dalvik.system.BaseDexClassLoader.findClass(BaseDexClassLoader.java:259)
at java.lang.ClassLoader.loadClass(ClassLoader.java:379)
at java.lang.ClassLoader.loadClass(ClassLoader.java:312)
... 47 more
 java.lang.ClassNotFoundExceptionãjava.lang.NoClassDefFoundError: Failed resolution of: Lorg/hamcrest/Matchers;
at androidx.test.espresso.matcher.ViewMatchers.withId(ViewMatchers.java:1)
at com.shareconnect.activities.MainActivityInstrumentationTest.testButtonTexts(MainActivityInstrumentationTest.kt:123)
... 44 trimmed
Caused by: java.lang.ClassNotFoundException: Didn't find class "org.hamcrest.Matchers" on path: DexPathList[[zip file "/system/framework/android.test.runner.jar", zip file "/system/framework/android.test.mock.jar", zip file "/system/framework/android.test.base.jar", zip file "/data/app/~~tgPGD1IvZyVihJ5WEriGpw==/com.shareconnect.test-KRYtWayfc-BAIa-BFJT_mw==/base.apk", zip file "/data/app/~~kWNn5P5i1VBCZAn7TalMSA==/com.shareconnect-NEp2ZttYEsfwFJQKiNDPXA==/base.apk"],nativeLibraryDirectories=[/data/app/~~tgPGD1IvZyVihJ5WEriGpw==/com.shareconnect.test-KRYtWayfc-BAIa-BFJT_mw==/lib/arm64, /data/app/~~kWNn5P5i1VBCZAn7TalMSA==/com.shareconnect-NEp2ZttYEsfwFJQKiNDPXA==/lib/arm64, /data/app/~~tgPGD1IvZyVihJ5WEriGpw==/com.shareconnect.test-KRYtWayfc-BAIa-BFJT_mw==/base.apk!/lib/arm64-v8a, /data/app/~~kWNn5P5i1VBCZAn7TalMSA==/com.shareconnect-NEp2ZttYEsfwFJQKiNDPXA==/base.apk!/lib/arm64-v8a, /system/lib64, /system_ext/lib64]]
at dalvik.system.BaseDexClassLoader.findClass(BaseDexClassLoader.java:259)
at java.lang.ClassLoader.loadClass(ClassLoader.java:379)
at java.lang.ClassLoader.loadClass(ClassLoader.java:312)
... 47 more
"Ú

logcatandroid‹
Ÿ/Volumes/T7/Projects/milos85vasic/ShareConnect/Application/build/outputs/androidTest-results/connected/debug/Pixel_7_Pro(AVD) - 13/logcat-com.shareconnect.activities.MainActivityInstrumentationTest-testButtonTexts.txt"Ø

device-infoandroidî
ë/Volumes/T7/Projects/milos85vasic/ShareConnect/Application/build/outputs/androidTest-results/connected/debug/Pixel_7_Pro(AVD) - 13/device-info.pb"∞

device-info.meminfoandroidç
ä/Volumes/T7/Projects/milos85vasic/ShareConnect/Application/build/outputs/androidTest-results/connected/debug/Pixel_7_Pro(AVD) - 13/meminfo"∞

device-info.cpuinfoandroidç
ä/Volumes/T7/Projects/milos85vasic/ShareConnect/Application/build/outputs/androidTest-results/connected/debug/Pixel_7_Pro(AVD) - 13/cpuinfo"Ú

logcatandroid‹
Ÿ/Volumes/T7/Projects/milos85vasic/ShareConnect/Application/build/outputs/androidTest-results/connected/debug/Pixel_7_Pro(AVD) - 13/logcat-com.shareconnect.activities.MainActivityInstrumentationTest-testButtonTexts.txt"Ø

device-infoandroidî
ë/Volumes/T7/Projects/milos85vasic/ShareConnect/Application/build/outputs/androidTest-results/connected/debug/Pixel_7_Pro(AVD) - 13/device-info.pb"∞

device-info.meminfoandroidç
ä/Volumes/T7/Projects/milos85vasic/ShareConnect/Application/build/outputs/androidTest-results/connected/debug/Pixel_7_Pro(AVD) - 13/meminfo"∞

device-info.cpuinfoandroidç
ä/Volumes/T7/Projects/milos85vasic/ShareConnect/Application/build/outputs/androidTest-results/connected/debug/Pixel_7_Pro(AVD) - 13/cpuinfo—$
ì
#SettingsActivityInstrumentationTestcom.shareconnect.activitiestestBackButtonNavigatesUp2ﬂÓ ∆¿úŒ¬:‡Ó ∆¿ÖÙ∞B
emulator-5554primaryÄ
¨java.lang.NoClassDefFoundError: Failed resolution of: Lorg/hamcrest/Matchers;
at androidx.test.espresso.matcher.ViewMatchers.withContentDescription(ViewMatchers.java:2)
at com.shareconnect.activities.SettingsActivityInstrumentationTest.testBackButtonNavigatesUp(SettingsActivityInstrumentationTest.kt:86)
... 43 trimmed
Caused by: java.lang.ClassNotFoundException: Didn't find class "org.hamcrest.Matchers" on path: DexPathList[[zip file "/system/framework/android.test.runner.jar", zip file "/system/framework/android.test.mock.jar", zip file "/system/framework/android.test.base.jar", zip file "/data/app/~~tgPGD1IvZyVihJ5WEriGpw==/com.shareconnect.test-KRYtWayfc-BAIa-BFJT_mw==/base.apk", zip file "/data/app/~~kWNn5P5i1VBCZAn7TalMSA==/com.shareconnect-NEp2ZttYEsfwFJQKiNDPXA==/base.apk"],nativeLibraryDirectories=[/data/app/~~tgPGD1IvZyVihJ5WEriGpw==/com.shareconnect.test-KRYtWayfc-BAIa-BFJT_mw==/lib/arm64, /data/app/~~kWNn5P5i1VBCZAn7TalMSA==/com.shareconnect-NEp2ZttYEsfwFJQKiNDPXA==/lib/arm64, /data/app/~~tgPGD1IvZyVihJ5WEriGpw==/com.shareconnect.test-KRYtWayfc-BAIa-BFJT_mw==/base.apk!/lib/arm64-v8a, /data/app/~~kWNn5P5i1VBCZAn7TalMSA==/com.shareconnect-NEp2ZttYEsfwFJQKiNDPXA==/base.apk!/lib/arm64-v8a, /system/lib64, /system_ext/lib64]]
at dalvik.system.BaseDexClassLoader.findClass(BaseDexClassLoader.java:259)
at java.lang.ClassLoader.loadClass(ClassLoader.java:379)
at java.lang.ClassLoader.loadClass(ClassLoader.java:312)
... 46 more
 java.lang.ClassNotFoundException¨java.lang.NoClassDefFoundError: Failed resolution of: Lorg/hamcrest/Matchers;
at androidx.test.espresso.matcher.ViewMatchers.withContentDescription(ViewMatchers.java:2)
at com.shareconnect.activities.SettingsActivityInstrumentationTest.testBackButtonNavigatesUp(SettingsActivityInstrumentationTest.kt:86)
... 43 trimmed
Caused by: java.lang.ClassNotFoundException: Didn't find class "org.hamcrest.Matchers" on path: DexPathList[[zip file "/system/framework/android.test.runner.jar", zip file "/system/framework/android.test.mock.jar", zip file "/system/framework/android.test.base.jar", zip file "/data/app/~~tgPGD1IvZyVihJ5WEriGpw==/com.shareconnect.test-KRYtWayfc-BAIa-BFJT_mw==/base.apk", zip file "/data/app/~~kWNn5P5i1VBCZAn7TalMSA==/com.shareconnect-NEp2ZttYEsfwFJQKiNDPXA==/base.apk"],nativeLibraryDirectories=[/data/app/~~tgPGD1IvZyVihJ5WEriGpw==/com.shareconnect.test-KRYtWayfc-BAIa-BFJT_mw==/lib/arm64, /data/app/~~kWNn5P5i1VBCZAn7TalMSA==/com.shareconnect-NEp2ZttYEsfwFJQKiNDPXA==/lib/arm64, /data/app/~~tgPGD1IvZyVihJ5WEriGpw==/com.shareconnect.test-KRYtWayfc-BAIa-BFJT_mw==/base.apk!/lib/arm64-v8a, /data/app/~~kWNn5P5i1VBCZAn7TalMSA==/com.shareconnect-NEp2ZttYEsfwFJQKiNDPXA==/base.apk!/lib/arm64-v8a, /system/lib64, /system_ext/lib64]]
at dalvik.system.BaseDexClassLoader.findClass(BaseDexClassLoader.java:259)
at java.lang.ClassLoader.loadClass(ClassLoader.java:379)
at java.lang.ClassLoader.loadClass(ClassLoader.java:312)
... 46 more
"Ä

logcatandroidÍ
Á/Volumes/T7/Projects/milos85vasic/ShareConnect/Application/build/outputs/androidTest-results/connected/debug/Pixel_7_Pro(AVD) - 13/logcat-com.shareconnect.activities.SettingsActivityInstrumentationTest-testBackButtonNavigatesUp.txt"Ø

device-infoandroidî
ë/Volumes/T7/Projects/milos85vasic/ShareConnect/Application/build/outputs/androidTest-results/connected/debug/Pixel_7_Pro(AVD) - 13/device-info.pb"∞

device-info.meminfoandroidç
ä/Volumes/T7/Projects/milos85vasic/ShareConnect/Application/build/outputs/androidTest-results/connected/debug/Pixel_7_Pro(AVD) - 13/meminfo"∞

device-info.cpuinfoandroidç
ä/Volumes/T7/Projects/milos85vasic/ShareConnect/Application/build/outputs/androidTest-results/connected/debug/Pixel_7_Pro(AVD) - 13/cpuinfo"Ä

logcatandroidÍ
Á/Volumes/T7/Projects/milos85vasic/ShareConnect/Application/build/outputs/androidTest-results/connected/debug/Pixel_7_Pro(AVD) - 13/logcat-com.shareconnect.activities.SettingsActivityInstrumentationTest-testBackButtonNavigatesUp.txt"Ø

device-infoandroidî
ë/Volumes/T7/Projects/milos85vasic/ShareConnect/Application/build/outputs/androidTest-results/connected/debug/Pixel_7_Pro(AVD) - 13/device-info.pb"∞

device-info.meminfoandroidç
ä/Volumes/T7/Projects/milos85vasic/ShareConnect/Application/build/outputs/androidTest-results/connected/debug/Pixel_7_Pro(AVD) - 13/meminfo"∞

device-info.cpuinfoandroidç
ä/Volumes/T7/Projects/milos85vasic/ShareConnect/Application/build/outputs/androidTest-results/connected/debug/Pixel_7_Pro(AVD) - 13/cpuinfoò$
å
#SettingsActivityInstrumentationTestcom.shareconnect.activitiestestPreferenceIcons2‡Ó ∆ÄÖÔâ:·Ó ∆¿‚∞iB
emulator-5554primary⁄
ôjava.lang.NoClassDefFoundError: Failed resolution of: Lorg/hamcrest/Matchers;
at androidx.test.espresso.matcher.ViewMatchers.withText(ViewMatchers.java:2)
at com.shareconnect.activities.SettingsActivityInstrumentationTest.testPreferenceIcons(SettingsActivityInstrumentationTest.kt:117)
... 43 trimmed
Caused by: java.lang.ClassNotFoundException: Didn't find class "org.hamcrest.Matchers" on path: DexPathList[[zip file "/system/framework/android.test.runner.jar", zip file "/system/framework/android.test.mock.jar", zip file "/system/framework/android.test.base.jar", zip file "/data/app/~~tgPGD1IvZyVihJ5WEriGpw==/com.shareconnect.test-KRYtWayfc-BAIa-BFJT_mw==/base.apk", zip file "/data/app/~~kWNn5P5i1VBCZAn7TalMSA==/com.shareconnect-NEp2ZttYEsfwFJQKiNDPXA==/base.apk"],nativeLibraryDirectories=[/data/app/~~tgPGD1IvZyVihJ5WEriGpw==/com.shareconnect.test-KRYtWayfc-BAIa-BFJT_mw==/lib/arm64, /data/app/~~kWNn5P5i1VBCZAn7TalMSA==/com.shareconnect-NEp2ZttYEsfwFJQKiNDPXA==/lib/arm64, /data/app/~~tgPGD1IvZyVihJ5WEriGpw==/com.shareconnect.test-KRYtWayfc-BAIa-BFJT_mw==/base.apk!/lib/arm64-v8a, /data/app/~~kWNn5P5i1VBCZAn7TalMSA==/com.shareconnect-NEp2ZttYEsfwFJQKiNDPXA==/base.apk!/lib/arm64-v8a, /system/lib64, /system_ext/lib64]]
at dalvik.system.BaseDexClassLoader.findClass(BaseDexClassLoader.java:259)
at java.lang.ClassLoader.loadClass(ClassLoader.java:379)
at java.lang.ClassLoader.loadClass(ClassLoader.java:312)
... 46 more
 java.lang.ClassNotFoundExceptionôjava.lang.NoClassDefFoundError: Failed resolution of: Lorg/hamcrest/Matchers;
at androidx.test.espresso.matcher.ViewMatchers.withText(ViewMatchers.java:2)
at com.shareconnect.activities.SettingsActivityInstrumentationTest.testPreferenceIcons(SettingsActivityInstrumentationTest.kt:117)
... 43 trimmed
Caused by: java.lang.ClassNotFoundException: Didn't find class "org.hamcrest.Matchers" on path: DexPathList[[zip file "/system/framework/android.test.runner.jar", zip file "/system/framework/android.test.mock.jar", zip file "/system/framework/android.test.base.jar", zip file "/data/app/~~tgPGD1IvZyVihJ5WEriGpw==/com.shareconnect.test-KRYtWayfc-BAIa-BFJT_mw==/base.apk", zip file "/data/app/~~kWNn5P5i1VBCZAn7TalMSA==/com.shareconnect-NEp2ZttYEsfwFJQKiNDPXA==/base.apk"],nativeLibraryDirectories=[/data/app/~~tgPGD1IvZyVihJ5WEriGpw==/com.shareconnect.test-KRYtWayfc-BAIa-BFJT_mw==/lib/arm64, /data/app/~~kWNn5P5i1VBCZAn7TalMSA==/com.shareconnect-NEp2ZttYEsfwFJQKiNDPXA==/lib/arm64, /data/app/~~tgPGD1IvZyVihJ5WEriGpw==/com.shareconnect.test-KRYtWayfc-BAIa-BFJT_mw==/base.apk!/lib/arm64-v8a, /data/app/~~kWNn5P5i1VBCZAn7TalMSA==/com.shareconnect-NEp2ZttYEsfwFJQKiNDPXA==/base.apk!/lib/arm64-v8a, /system/lib64, /system_ext/lib64]]
at dalvik.system.BaseDexClassLoader.findClass(BaseDexClassLoader.java:259)
at java.lang.ClassLoader.loadClass(ClassLoader.java:379)
at java.lang.ClassLoader.loadClass(ClassLoader.java:312)
... 46 more
"˙

logcatandroid‰
·/Volumes/T7/Projects/milos85vasic/ShareConnect/Application/build/outputs/androidTest-results/connected/debug/Pixel_7_Pro(AVD) - 13/logcat-com.shareconnect.activities.SettingsActivityInstrumentationTest-testPreferenceIcons.txt"Ø

device-infoandroidî
ë/Volumes/T7/Projects/milos85vasic/ShareConnect/Application/build/outputs/androidTest-results/connected/debug/Pixel_7_Pro(AVD) - 13/device-info.pb"∞

device-info.meminfoandroidç
ä/Volumes/T7/Projects/milos85vasic/ShareConnect/Application/build/outputs/androidTest-results/connected/debug/Pixel_7_Pro(AVD) - 13/meminfo"∞

device-info.cpuinfoandroidç
ä/Volumes/T7/Projects/milos85vasic/ShareConnect/Application/build/outputs/androidTest-results/connected/debug/Pixel_7_Pro(AVD) - 13/cpuinfo"˙

logcatandroid‰
·/Volumes/T7/Projects/milos85vasic/ShareConnect/Application/build/outputs/androidTest-results/connected/debug/Pixel_7_Pro(AVD) - 13/logcat-com.shareconnect.activities.SettingsActivityInstrumentationTest-testPreferenceIcons.txt"Ø

device-infoandroidî
ë/Volumes/T7/Projects/milos85vasic/ShareConnect/Application/build/outputs/androidTest-results/connected/debug/Pixel_7_Pro(AVD) - 13/device-info.pb"∞

device-info.meminfoandroidç
ä/Volumes/T7/Projects/milos85vasic/ShareConnect/Application/build/outputs/androidTest-results/connected/debug/Pixel_7_Pro(AVD) - 13/meminfo"∞

device-info.cpuinfoandroidç
ä/Volumes/T7/Projects/milos85vasic/ShareConnect/Application/build/outputs/androidTest-results/connected/debug/Pixel_7_Pro(AVD) - 13/cpuinfo$
û
#SettingsActivityInstrumentationTestcom.shareconnect.activities%testThemeSelectionPreferenceClickable2·Ó ∆¿Å◊≈:‚Ó ∆¿”¥B
emulator-5554primary¸
™java.lang.NoClassDefFoundError: Failed resolution of: Lorg/hamcrest/Matchers;
at androidx.test.espresso.matcher.ViewMatchers.withText(ViewMatchers.java:2)
at com.shareconnect.activities.SettingsActivityInstrumentationTest.testThemeSelectionPreferenceClickable(SettingsActivityInstrumentationTest.kt:76)
... 43 trimmed
Caused by: java.lang.ClassNotFoundException: Didn't find class "org.hamcrest.Matchers" on path: DexPathList[[zip file "/system/framework/android.test.runner.jar", zip file "/system/framework/android.test.mock.jar", zip file "/system/framework/android.test.base.jar", zip file "/data/app/~~tgPGD1IvZyVihJ5WEriGpw==/com.shareconnect.test-KRYtWayfc-BAIa-BFJT_mw==/base.apk", zip file "/data/app/~~kWNn5P5i1VBCZAn7TalMSA==/com.shareconnect-NEp2ZttYEsfwFJQKiNDPXA==/base.apk"],nativeLibraryDirectories=[/data/app/~~tgPGD1IvZyVihJ5WEriGpw==/com.shareconnect.test-KRYtWayfc-BAIa-BFJT_mw==/lib/arm64, /data/app/~~kWNn5P5i1VBCZAn7TalMSA==/com.shareconnect-NEp2ZttYEsfwFJQKiNDPXA==/lib/arm64, /data/app/~~tgPGD1IvZyVihJ5WEriGpw==/com.shareconnect.test-KRYtWayfc-BAIa-BFJT_mw==/base.apk!/lib/arm64-v8a, /data/app/~~kWNn5P5i1VBCZAn7TalMSA==/com.shareconnect-NEp2ZttYEsfwFJQKiNDPXA==/base.apk!/lib/arm64-v8a, /system/lib64, /system_ext/lib64]]
at dalvik.system.BaseDexClassLoader.findClass(BaseDexClassLoader.java:259)
at java.lang.ClassLoader.loadClass(ClassLoader.java:379)
at java.lang.ClassLoader.loadClass(ClassLoader.java:312)
... 46 more
 java.lang.ClassNotFoundException™java.lang.NoClassDefFoundError: Failed resolution of: Lorg/hamcrest/Matchers;
at androidx.test.espresso.matcher.ViewMatchers.withText(ViewMatchers.java:2)
at com.shareconnect.activities.SettingsActivityInstrumentationTest.testThemeSelectionPreferenceClickable(SettingsActivityInstrumentationTest.kt:76)
... 43 trimmed
Caused by: java.lang.ClassNotFoundException: Didn't find class "org.hamcrest.Matchers" on path: DexPathList[[zip file "/system/framework/android.test.runner.jar", zip file "/system/framework/android.test.mock.jar", zip file "/system/framework/android.test.base.jar", zip file "/data/app/~~tgPGD1IvZyVihJ5WEriGpw==/com.shareconnect.test-KRYtWayfc-BAIa-BFJT_mw==/base.apk", zip file "/data/app/~~kWNn5P5i1VBCZAn7TalMSA==/com.shareconnect-NEp2ZttYEsfwFJQKiNDPXA==/base.apk"],nativeLibraryDirectories=[/data/app/~~tgPGD1IvZyVihJ5WEriGpw==/com.shareconnect.test-KRYtWayfc-BAIa-BFJT_mw==/lib/arm64, /data/app/~~kWNn5P5i1VBCZAn7TalMSA==/com.shareconnect-NEp2ZttYEsfwFJQKiNDPXA==/lib/arm64, /data/app/~~tgPGD1IvZyVihJ5WEriGpw==/com.shareconnect.test-KRYtWayfc-BAIa-BFJT_mw==/base.apk!/lib/arm64-v8a, /data/app/~~kWNn5P5i1VBCZAn7TalMSA==/com.shareconnect-NEp2ZttYEsfwFJQKiNDPXA==/base.apk!/lib/arm64-v8a, /system/lib64, /system_ext/lib64]]
at dalvik.system.BaseDexClassLoader.findClass(BaseDexClassLoader.java:259)
at java.lang.ClassLoader.loadClass(ClassLoader.java:379)
at java.lang.ClassLoader.loadClass(ClassLoader.java:312)
... 46 more
"å

logcatandroidˆ
Û/Volumes/T7/Projects/milos85vasic/ShareConnect/Application/build/outputs/androidTest-results/connected/debug/Pixel_7_Pro(AVD) - 13/logcat-com.shareconnect.activities.SettingsActivityInstrumentationTest-testThemeSelectionPreferenceClickable.txt"Ø

device-infoandroidî
ë/Volumes/T7/Projects/milos85vasic/ShareConnect/Application/build/outputs/androidTest-results/connected/debug/Pixel_7_Pro(AVD) - 13/device-info.pb"∞

device-info.meminfoandroidç
ä/Volumes/T7/Projects/milos85vasic/ShareConnect/Application/build/outputs/androidTest-results/connected/debug/Pixel_7_Pro(AVD) - 13/meminfo"∞

device-info.cpuinfoandroidç
ä/Volumes/T7/Projects/milos85vasic/ShareConnect/Application/build/outputs/androidTest-results/connected/debug/Pixel_7_Pro(AVD) - 13/cpuinfo"å

logcatandroidˆ
Û/Volumes/T7/Projects/milos85vasic/ShareConnect/Application/build/outputs/androidTest-results/connected/debug/Pixel_7_Pro(AVD) - 13/logcat-com.shareconnect.activities.SettingsActivityInstrumentationTest-testThemeSelectionPreferenceClickable.txt"Ø

device-infoandroidî
ë/Volumes/T7/Projects/milos85vasic/ShareConnect/Application/build/outputs/androidTest-results/connected/debug/Pixel_7_Pro(AVD) - 13/device-info.pb"∞

device-info.meminfoandroidç
ä/Volumes/T7/Projects/milos85vasic/ShareConnect/Application/build/outputs/androidTest-results/connected/debug/Pixel_7_Pro(AVD) - 13/meminfo"∞

device-info.cpuinfoandroidç
ä/Volumes/T7/Projects/milos85vasic/ShareConnect/Application/build/outputs/androidTest-results/connected/debug/Pixel_7_Pro(AVD) - 13/cpuinfoÒ$
ü
#SettingsActivityInstrumentationTestcom.shareconnect.activities%testServerProfilesPreferenceClickable2‚Ó ∆¿ñ√ˆ:‚Ó ∆ÄÌÅ∞B
emulator-5554primary¸
™java.lang.NoClassDefFoundError: Failed resolution of: Lorg/hamcrest/Matchers;
at androidx.test.espresso.matcher.ViewMatchers.withText(ViewMatchers.java:2)
at com.shareconnect.activities.SettingsActivityInstrumentationTest.testServerProfilesPreferenceClickable(SettingsActivityInstrumentationTest.kt:66)
... 43 trimmed
Caused by: java.lang.ClassNotFoundException: Didn't find class "org.hamcrest.Matchers" on path: DexPathList[[zip file "/system/framework/android.test.runner.jar", zip file "/system/framework/android.test.mock.jar", zip file "/system/framework/android.test.base.jar", zip file "/data/app/~~tgPGD1IvZyVihJ5WEriGpw==/com.shareconnect.test-KRYtWayfc-BAIa-BFJT_mw==/base.apk", zip file "/data/app/~~kWNn5P5i1VBCZAn7TalMSA==/com.shareconnect-NEp2ZttYEsfwFJQKiNDPXA==/base.apk"],nativeLibraryDirectories=[/data/app/~~tgPGD1IvZyVihJ5WEriGpw==/com.shareconnect.test-KRYtWayfc-BAIa-BFJT_mw==/lib/arm64, /data/app/~~kWNn5P5i1VBCZAn7TalMSA==/com.shareconnect-NEp2ZttYEsfwFJQKiNDPXA==/lib/arm64, /data/app/~~tgPGD1IvZyVihJ5WEriGpw==/com.shareconnect.test-KRYtWayfc-BAIa-BFJT_mw==/base.apk!/lib/arm64-v8a, /data/app/~~kWNn5P5i1VBCZAn7TalMSA==/com.shareconnect-NEp2ZttYEsfwFJQKiNDPXA==/base.apk!/lib/arm64-v8a, /system/lib64, /system_ext/lib64]]
at dalvik.system.BaseDexClassLoader.findClass(BaseDexClassLoader.java:259)
at java.lang.ClassLoader.loadClass(ClassLoader.java:379)
at java.lang.ClassLoader.loadClass(ClassLoader.java:312)
... 46 more
 java.lang.ClassNotFoundException™java.lang.NoClassDefFoundError: Failed resolution of: Lorg/hamcrest/Matchers;
at androidx.test.espresso.matcher.ViewMatchers.withText(ViewMatchers.java:2)
at com.shareconnect.activities.SettingsActivityInstrumentationTest.testServerProfilesPreferenceClickable(SettingsActivityInstrumentationTest.kt:66)
... 43 trimmed
Caused by: java.lang.ClassNotFoundException: Didn't find class "org.hamcrest.Matchers" on path: DexPathList[[zip file "/system/framework/android.test.runner.jar", zip file "/system/framework/android.test.mock.jar", zip file "/system/framework/android.test.base.jar", zip file "/data/app/~~tgPGD1IvZyVihJ5WEriGpw==/com.shareconnect.test-KRYtWayfc-BAIa-BFJT_mw==/base.apk", zip file "/data/app/~~kWNn5P5i1VBCZAn7TalMSA==/com.shareconnect-NEp2ZttYEsfwFJQKiNDPXA==/base.apk"],nativeLibraryDirectories=[/data/app/~~tgPGD1IvZyVihJ5WEriGpw==/com.shareconnect.test-KRYtWayfc-BAIa-BFJT_mw==/lib/arm64, /data/app/~~kWNn5P5i1VBCZAn7TalMSA==/com.shareconnect-NEp2ZttYEsfwFJQKiNDPXA==/lib/arm64, /data/app/~~tgPGD1IvZyVihJ5WEriGpw==/com.shareconnect.test-KRYtWayfc-BAIa-BFJT_mw==/base.apk!/lib/arm64-v8a, /data/app/~~kWNn5P5i1VBCZAn7TalMSA==/com.shareconnect-NEp2ZttYEsfwFJQKiNDPXA==/base.apk!/lib/arm64-v8a, /system/lib64, /system_ext/lib64]]
at dalvik.system.BaseDexClassLoader.findClass(BaseDexClassLoader.java:259)
at java.lang.ClassLoader.loadClass(ClassLoader.java:379)
at java.lang.ClassLoader.loadClass(ClassLoader.java:312)
... 46 more
"å

logcatandroidˆ
Û/Volumes/T7/Projects/milos85vasic/ShareConnect/Application/build/outputs/androidTest-results/connected/debug/Pixel_7_Pro(AVD) - 13/logcat-com.shareconnect.activities.SettingsActivityInstrumentationTest-testServerProfilesPreferenceClickable.txt"Ø

device-infoandroidî
ë/Volumes/T7/Projects/milos85vasic/ShareConnect/Application/build/outputs/androidTest-results/connected/debug/Pixel_7_Pro(AVD) - 13/device-info.pb"∞

device-info.meminfoandroidç
ä/Volumes/T7/Projects/milos85vasic/ShareConnect/Application/build/outputs/androidTest-results/connected/debug/Pixel_7_Pro(AVD) - 13/meminfo"∞

device-info.cpuinfoandroidç
ä/Volumes/T7/Projects/milos85vasic/ShareConnect/Application/build/outputs/androidTest-results/connected/debug/Pixel_7_Pro(AVD) - 13/cpuinfo"å

logcatandroidˆ
Û/Volumes/T7/Projects/milos85vasic/ShareConnect/Application/build/outputs/androidTest-results/connected/debug/Pixel_7_Pro(AVD) - 13/logcat-com.shareconnect.activities.SettingsActivityInstrumentationTest-testServerProfilesPreferenceClickable.txt"Ø

device-infoandroidî
ë/Volumes/T7/Projects/milos85vasic/ShareConnect/Application/build/outputs/androidTest-results/connected/debug/Pixel_7_Pro(AVD) - 13/device-info.pb"∞

device-info.meminfoandroidç
ä/Volumes/T7/Projects/milos85vasic/ShareConnect/Application/build/outputs/androidTest-results/connected/debug/Pixel_7_Pro(AVD) - 13/meminfo"∞

device-info.cpuinfoandroidç
ä/Volumes/T7/Projects/milos85vasic/ShareConnect/Application/build/outputs/androidTest-results/connected/debug/Pixel_7_Pro(AVD) - 13/cpuinfo‚$
ú
#SettingsActivityInstrumentationTestcom.shareconnect.activities"testServerProfilesPreferenceExists2„Ó ∆¿ √è:„Ó ∆ÄŒ‰ÕB
emulator-5554primaryˆ
ßjava.lang.NoClassDefFoundError: Failed resolution of: Lorg/hamcrest/Matchers;
at androidx.test.espresso.matcher.ViewMatchers.withText(ViewMatchers.java:2)
at com.shareconnect.activities.SettingsActivityInstrumentationTest.testServerProfilesPreferenceExists(SettingsActivityInstrumentationTest.kt:52)
... 43 trimmed
Caused by: java.lang.ClassNotFoundException: Didn't find class "org.hamcrest.Matchers" on path: DexPathList[[zip file "/system/framework/android.test.runner.jar", zip file "/system/framework/android.test.mock.jar", zip file "/system/framework/android.test.base.jar", zip file "/data/app/~~tgPGD1IvZyVihJ5WEriGpw==/com.shareconnect.test-KRYtWayfc-BAIa-BFJT_mw==/base.apk", zip file "/data/app/~~kWNn5P5i1VBCZAn7TalMSA==/com.shareconnect-NEp2ZttYEsfwFJQKiNDPXA==/base.apk"],nativeLibraryDirectories=[/data/app/~~tgPGD1IvZyVihJ5WEriGpw==/com.shareconnect.test-KRYtWayfc-BAIa-BFJT_mw==/lib/arm64, /data/app/~~kWNn5P5i1VBCZAn7TalMSA==/com.shareconnect-NEp2ZttYEsfwFJQKiNDPXA==/lib/arm64, /data/app/~~tgPGD1IvZyVihJ5WEriGpw==/com.shareconnect.test-KRYtWayfc-BAIa-BFJT_mw==/base.apk!/lib/arm64-v8a, /data/app/~~kWNn5P5i1VBCZAn7TalMSA==/com.shareconnect-NEp2ZttYEsfwFJQKiNDPXA==/base.apk!/lib/arm64-v8a, /system/lib64, /system_ext/lib64]]
at dalvik.system.BaseDexClassLoader.findClass(BaseDexClassLoader.java:259)
at java.lang.ClassLoader.loadClass(ClassLoader.java:379)
at java.lang.ClassLoader.loadClass(ClassLoader.java:312)
... 46 more
 java.lang.ClassNotFoundExceptionßjava.lang.NoClassDefFoundError: Failed resolution of: Lorg/hamcrest/Matchers;
at androidx.test.espresso.matcher.ViewMatchers.withText(ViewMatchers.java:2)
at com.shareconnect.activities.SettingsActivityInstrumentationTest.testServerProfilesPreferenceExists(SettingsActivityInstrumentationTest.kt:52)
... 43 trimmed
Caused by: java.lang.ClassNotFoundException: Didn't find class "org.hamcrest.Matchers" on path: DexPathList[[zip file "/system/framework/android.test.runner.jar", zip file "/system/framework/android.test.mock.jar", zip file "/system/framework/android.test.base.jar", zip file "/data/app/~~tgPGD1IvZyVihJ5WEriGpw==/com.shareconnect.test-KRYtWayfc-BAIa-BFJT_mw==/base.apk", zip file "/data/app/~~kWNn5P5i1VBCZAn7TalMSA==/com.shareconnect-NEp2ZttYEsfwFJQKiNDPXA==/base.apk"],nativeLibraryDirectories=[/data/app/~~tgPGD1IvZyVihJ5WEriGpw==/com.shareconnect.test-KRYtWayfc-BAIa-BFJT_mw==/lib/arm64, /data/app/~~kWNn5P5i1VBCZAn7TalMSA==/com.shareconnect-NEp2ZttYEsfwFJQKiNDPXA==/lib/arm64, /data/app/~~tgPGD1IvZyVihJ5WEriGpw==/com.shareconnect.test-KRYtWayfc-BAIa-BFJT_mw==/base.apk!/lib/arm64-v8a, /data/app/~~kWNn5P5i1VBCZAn7TalMSA==/com.shareconnect-NEp2ZttYEsfwFJQKiNDPXA==/base.apk!/lib/arm64-v8a, /system/lib64, /system_ext/lib64]]
at dalvik.system.BaseDexClassLoader.findClass(BaseDexClassLoader.java:259)
at java.lang.ClassLoader.loadClass(ClassLoader.java:379)
at java.lang.ClassLoader.loadClass(ClassLoader.java:312)
... 46 more
"â

logcatandroidÛ
/Volumes/T7/Projects/milos85vasic/ShareConnect/Application/build/outputs/androidTest-results/connected/debug/Pixel_7_Pro(AVD) - 13/logcat-com.shareconnect.activities.SettingsActivityInstrumentationTest-testServerProfilesPreferenceExists.txt"Ø

device-infoandroidî
ë/Volumes/T7/Projects/milos85vasic/ShareConnect/Application/build/outputs/androidTest-results/connected/debug/Pixel_7_Pro(AVD) - 13/device-info.pb"∞

device-info.meminfoandroidç
ä/Volumes/T7/Projects/milos85vasic/ShareConnect/Application/build/outputs/androidTest-results/connected/debug/Pixel_7_Pro(AVD) - 13/meminfo"∞

device-info.cpuinfoandroidç
ä/Volumes/T7/Projects/milos85vasic/ShareConnect/Application/build/outputs/androidTest-results/connected/debug/Pixel_7_Pro(AVD) - 13/cpuinfo"â

logcatandroidÛ
/Volumes/T7/Projects/milos85vasic/ShareConnect/Application/build/outputs/androidTest-results/connected/debug/Pixel_7_Pro(AVD) - 13/logcat-com.shareconnect.activities.SettingsActivityInstrumentationTest-testServerProfilesPreferenceExists.txt"Ø

device-infoandroidî
ë/Volumes/T7/Projects/milos85vasic/ShareConnect/Application/build/outputs/androidTest-results/connected/debug/Pixel_7_Pro(AVD) - 13/device-info.pb"∞

device-info.meminfoandroidç
ä/Volumes/T7/Projects/milos85vasic/ShareConnect/Application/build/outputs/androidTest-results/connected/debug/Pixel_7_Pro(AVD) - 13/meminfo"∞

device-info.cpuinfoandroidç
ä/Volumes/T7/Projects/milos85vasic/ShareConnect/Application/build/outputs/androidTest-results/connected/debug/Pixel_7_Pro(AVD) - 13/cpuinfoø$
ï
#SettingsActivityInstrumentationTestcom.shareconnect.activitiestestSettingsActivityLaunches2‰Ó ∆¿ìπS:‰Ó ∆¿íùëB
emulator-5554primaryÊ
üjava.lang.NoClassDefFoundError: Failed resolution of: Lorg/hamcrest/Matchers;
at androidx.test.espresso.matcher.ViewMatchers.withId(ViewMatchers.java:1)
at com.shareconnect.activities.SettingsActivityInstrumentationTest.testSettingsActivityLaunches(SettingsActivityInstrumentationTest.kt:38)
... 43 trimmed
Caused by: java.lang.ClassNotFoundException: Didn't find class "org.hamcrest.Matchers" on path: DexPathList[[zip file "/system/framework/android.test.runner.jar", zip file "/system/framework/android.test.mock.jar", zip file "/system/framework/android.test.base.jar", zip file "/data/app/~~tgPGD1IvZyVihJ5WEriGpw==/com.shareconnect.test-KRYtWayfc-BAIa-BFJT_mw==/base.apk", zip file "/data/app/~~kWNn5P5i1VBCZAn7TalMSA==/com.shareconnect-NEp2ZttYEsfwFJQKiNDPXA==/base.apk"],nativeLibraryDirectories=[/data/app/~~tgPGD1IvZyVihJ5WEriGpw==/com.shareconnect.test-KRYtWayfc-BAIa-BFJT_mw==/lib/arm64, /data/app/~~kWNn5P5i1VBCZAn7TalMSA==/com.shareconnect-NEp2ZttYEsfwFJQKiNDPXA==/lib/arm64, /data/app/~~tgPGD1IvZyVihJ5WEriGpw==/com.shareconnect.test-KRYtWayfc-BAIa-BFJT_mw==/base.apk!/lib/arm64-v8a, /data/app/~~kWNn5P5i1VBCZAn7TalMSA==/com.shareconnect-NEp2ZttYEsfwFJQKiNDPXA==/base.apk!/lib/arm64-v8a, /system/lib64, /system_ext/lib64]]
at dalvik.system.BaseDexClassLoader.findClass(BaseDexClassLoader.java:259)
at java.lang.ClassLoader.loadClass(ClassLoader.java:379)
at java.lang.ClassLoader.loadClass(ClassLoader.java:312)
... 46 more
 java.lang.ClassNotFoundExceptionüjava.lang.NoClassDefFoundError: Failed resolution of: Lorg/hamcrest/Matchers;
at androidx.test.espresso.matcher.ViewMatchers.withId(ViewMatchers.java:1)
at com.shareconnect.activities.SettingsActivityInstrumentationTest.testSettingsActivityLaunches(SettingsActivityInstrumentationTest.kt:38)
... 43 trimmed
Caused by: java.lang.ClassNotFoundException: Didn't find class "org.hamcrest.Matchers" on path: DexPathList[[zip file "/system/framework/android.test.runner.jar", zip file "/system/framework/android.test.mock.jar", zip file "/system/framework/android.test.base.jar", zip file "/data/app/~~tgPGD1IvZyVihJ5WEriGpw==/com.shareconnect.test-KRYtWayfc-BAIa-BFJT_mw==/base.apk", zip file "/data/app/~~kWNn5P5i1VBCZAn7TalMSA==/com.shareconnect-NEp2ZttYEsfwFJQKiNDPXA==/base.apk"],nativeLibraryDirectories=[/data/app/~~tgPGD1IvZyVihJ5WEriGpw==/com.shareconnect.test-KRYtWayfc-BAIa-BFJT_mw==/lib/arm64, /data/app/~~kWNn5P5i1VBCZAn7TalMSA==/com.shareconnect-NEp2ZttYEsfwFJQKiNDPXA==/lib/arm64, /data/app/~~tgPGD1IvZyVihJ5WEriGpw==/com.shareconnect.test-KRYtWayfc-BAIa-BFJT_mw==/base.apk!/lib/arm64-v8a, /data/app/~~kWNn5P5i1VBCZAn7TalMSA==/com.shareconnect-NEp2ZttYEsfwFJQKiNDPXA==/base.apk!/lib/arm64-v8a, /system/lib64, /system_ext/lib64]]
at dalvik.system.BaseDexClassLoader.findClass(BaseDexClassLoader.java:259)
at java.lang.ClassLoader.loadClass(ClassLoader.java:379)
at java.lang.ClassLoader.loadClass(ClassLoader.java:312)
... 46 more
"É

logcatandroidÌ
Í/Volumes/T7/Projects/milos85vasic/ShareConnect/Application/build/outputs/androidTest-results/connected/debug/Pixel_7_Pro(AVD) - 13/logcat-com.shareconnect.activities.SettingsActivityInstrumentationTest-testSettingsActivityLaunches.txt"Ø

device-infoandroidî
ë/Volumes/T7/Projects/milos85vasic/ShareConnect/Application/build/outputs/androidTest-results/connected/debug/Pixel_7_Pro(AVD) - 13/device-info.pb"∞

device-info.meminfoandroidç
ä/Volumes/T7/Projects/milos85vasic/ShareConnect/Application/build/outputs/androidTest-results/connected/debug/Pixel_7_Pro(AVD) - 13/meminfo"∞

device-info.cpuinfoandroidç
ä/Volumes/T7/Projects/milos85vasic/ShareConnect/Application/build/outputs/androidTest-results/connected/debug/Pixel_7_Pro(AVD) - 13/cpuinfo"É

logcatandroidÌ
Í/Volumes/T7/Projects/milos85vasic/ShareConnect/Application/build/outputs/androidTest-results/connected/debug/Pixel_7_Pro(AVD) - 13/logcat-com.shareconnect.activities.SettingsActivityInstrumentationTest-testSettingsActivityLaunches.txt"Ø

device-infoandroidî
ë/Volumes/T7/Projects/milos85vasic/ShareConnect/Application/build/outputs/androidTest-results/connected/debug/Pixel_7_Pro(AVD) - 13/device-info.pb"∞

device-info.meminfoandroidç
ä/Volumes/T7/Projects/milos85vasic/ShareConnect/Application/build/outputs/androidTest-results/connected/debug/Pixel_7_Pro(AVD) - 13/meminfo"∞

device-info.cpuinfoandroidç
ä/Volumes/T7/Projects/milos85vasic/ShareConnect/Application/build/outputs/androidTest-results/connected/debug/Pixel_7_Pro(AVD) - 13/cpuinfoø$
ï
#SettingsActivityInstrumentationTestcom.shareconnect.activitiestestSettingsFragmentIsLoaded2ÂÓ ∆¿ı:ÂÓ ∆¿ÅŒÀB
emulator-5554primaryÊ
üjava.lang.NoClassDefFoundError: Failed resolution of: Lorg/hamcrest/Matchers;
at androidx.test.espresso.matcher.ViewMatchers.withId(ViewMatchers.java:1)
at com.shareconnect.activities.SettingsActivityInstrumentationTest.testSettingsFragmentIsLoaded(SettingsActivityInstrumentationTest.kt:94)
... 43 trimmed
Caused by: java.lang.ClassNotFoundException: Didn't find class "org.hamcrest.Matchers" on path: DexPathList[[zip file "/system/framework/android.test.runner.jar", zip file "/system/framework/android.test.mock.jar", zip file "/system/framework/android.test.base.jar", zip file "/data/app/~~tgPGD1IvZyVihJ5WEriGpw==/com.shareconnect.test-KRYtWayfc-BAIa-BFJT_mw==/base.apk", zip file "/data/app/~~kWNn5P5i1VBCZAn7TalMSA==/com.shareconnect-NEp2ZttYEsfwFJQKiNDPXA==/base.apk"],nativeLibraryDirectories=[/data/app/~~tgPGD1IvZyVihJ5WEriGpw==/com.shareconnect.test-KRYtWayfc-BAIa-BFJT_mw==/lib/arm64, /data/app/~~kWNn5P5i1VBCZAn7TalMSA==/com.shareconnect-NEp2ZttYEsfwFJQKiNDPXA==/lib/arm64, /data/app/~~tgPGD1IvZyVihJ5WEriGpw==/com.shareconnect.test-KRYtWayfc-BAIa-BFJT_mw==/base.apk!/lib/arm64-v8a, /data/app/~~kWNn5P5i1VBCZAn7TalMSA==/com.shareconnect-NEp2ZttYEsfwFJQKiNDPXA==/base.apk!/lib/arm64-v8a, /system/lib64, /system_ext/lib64]]
at dalvik.system.BaseDexClassLoader.findClass(BaseDexClassLoader.java:259)
at java.lang.ClassLoader.loadClass(ClassLoader.java:379)
at java.lang.ClassLoader.loadClass(ClassLoader.java:312)
... 46 more
 java.lang.ClassNotFoundExceptionüjava.lang.NoClassDefFoundError: Failed resolution of: Lorg/hamcrest/Matchers;
at androidx.test.espresso.matcher.ViewMatchers.withId(ViewMatchers.java:1)
at com.shareconnect.activities.SettingsActivityInstrumentationTest.testSettingsFragmentIsLoaded(SettingsActivityInstrumentationTest.kt:94)
... 43 trimmed
Caused by: java.lang.ClassNotFoundException: Didn't find class "org.hamcrest.Matchers" on path: DexPathList[[zip file "/system/framework/android.test.runner.jar", zip file "/system/framework/android.test.mock.jar", zip file "/system/framework/android.test.base.jar", zip file "/data/app/~~tgPGD1IvZyVihJ5WEriGpw==/com.shareconnect.test-KRYtWayfc-BAIa-BFJT_mw==/base.apk", zip file "/data/app/~~kWNn5P5i1VBCZAn7TalMSA==/com.shareconnect-NEp2ZttYEsfwFJQKiNDPXA==/base.apk"],nativeLibraryDirectories=[/data/app/~~tgPGD1IvZyVihJ5WEriGpw==/com.shareconnect.test-KRYtWayfc-BAIa-BFJT_mw==/lib/arm64, /data/app/~~kWNn5P5i1VBCZAn7TalMSA==/com.shareconnect-NEp2ZttYEsfwFJQKiNDPXA==/lib/arm64, /data/app/~~tgPGD1IvZyVihJ5WEriGpw==/com.shareconnect.test-KRYtWayfc-BAIa-BFJT_mw==/base.apk!/lib/arm64-v8a, /data/app/~~kWNn5P5i1VBCZAn7TalMSA==/com.shareconnect-NEp2ZttYEsfwFJQKiNDPXA==/base.apk!/lib/arm64-v8a, /system/lib64, /system_ext/lib64]]
at dalvik.system.BaseDexClassLoader.findClass(BaseDexClassLoader.java:259)
at java.lang.ClassLoader.loadClass(ClassLoader.java:379)
at java.lang.ClassLoader.loadClass(ClassLoader.java:312)
... 46 more
"É

logcatandroidÌ
Í/Volumes/T7/Projects/milos85vasic/ShareConnect/Application/build/outputs/androidTest-results/connected/debug/Pixel_7_Pro(AVD) - 13/logcat-com.shareconnect.activities.SettingsActivityInstrumentationTest-testSettingsFragmentIsLoaded.txt"Ø

device-infoandroidî
ë/Volumes/T7/Projects/milos85vasic/ShareConnect/Application/build/outputs/androidTest-results/connected/debug/Pixel_7_Pro(AVD) - 13/device-info.pb"∞

device-info.meminfoandroidç
ä/Volumes/T7/Projects/milos85vasic/ShareConnect/Application/build/outputs/androidTest-results/connected/debug/Pixel_7_Pro(AVD) - 13/meminfo"∞

device-info.cpuinfoandroidç
ä/Volumes/T7/Projects/milos85vasic/ShareConnect/Application/build/outputs/androidTest-results/connected/debug/Pixel_7_Pro(AVD) - 13/cpuinfo"É

logcatandroidÌ
Í/Volumes/T7/Projects/milos85vasic/ShareConnect/Application/build/outputs/androidTest-results/connected/debug/Pixel_7_Pro(AVD) - 13/logcat-com.shareconnect.activities.SettingsActivityInstrumentationTest-testSettingsFragmentIsLoaded.txt"Ø

device-infoandroidî
ë/Volumes/T7/Projects/milos85vasic/ShareConnect/Application/build/outputs/androidTest-results/connected/debug/Pixel_7_Pro(AVD) - 13/device-info.pb"∞

device-info.meminfoandroidç
ä/Volumes/T7/Projects/milos85vasic/ShareConnect/Application/build/outputs/androidTest-results/connected/debug/Pixel_7_Pro(AVD) - 13/meminfo"∞

device-info.cpuinfoandroidç
ä/Volumes/T7/Projects/milos85vasic/ShareConnect/Application/build/outputs/androidTest-results/connected/debug/Pixel_7_Pro(AVD) - 13/cpuinfo∂
ã
#SettingsActivityInstrumentationTestcom.shareconnect.activitiestestActivityTitle2ÂÓ ∆¿Õ÷¨:ÊÓ ∆Äÿ˙êB
emulator-5554primary"¯

logcatandroid‚
ﬂ/Volumes/T7/Projects/milos85vasic/ShareConnect/Application/build/outputs/androidTest-results/connected/debug/Pixel_7_Pro(AVD) - 13/logcat-com.shareconnect.activities.SettingsActivityInstrumentationTest-testActivityTitle.txt"Ø

device-infoandroidî
ë/Volumes/T7/Projects/milos85vasic/ShareConnect/Application/build/outputs/androidTest-results/connected/debug/Pixel_7_Pro(AVD) - 13/device-info.pb"∞

device-info.meminfoandroidç
ä/Volumes/T7/Projects/milos85vasic/ShareConnect/Application/build/outputs/androidTest-results/connected/debug/Pixel_7_Pro(AVD) - 13/meminfo"∞

device-info.cpuinfoandroidç
ä/Volumes/T7/Projects/milos85vasic/ShareConnect/Application/build/outputs/androidTest-results/connected/debug/Pixel_7_Pro(AVD) - 13/cpuinfo"¯

logcatandroid‚
ﬂ/Volumes/T7/Projects/milos85vasic/ShareConnect/Application/build/outputs/androidTest-results/connected/debug/Pixel_7_Pro(AVD) - 13/logcat-com.shareconnect.activities.SettingsActivityInstrumentationTest-testActivityTitle.txt"Ø

device-infoandroidî
ë/Volumes/T7/Projects/milos85vasic/ShareConnect/Application/build/outputs/androidTest-results/connected/debug/Pixel_7_Pro(AVD) - 13/device-info.pb"∞

device-info.meminfoandroidç
ä/Volumes/T7/Projects/milos85vasic/ShareConnect/Application/build/outputs/androidTest-results/connected/debug/Pixel_7_Pro(AVD) - 13/meminfo"∞

device-info.cpuinfoandroidç
ä/Volumes/T7/Projects/milos85vasic/ShareConnect/Application/build/outputs/androidTest-results/connected/debug/Pixel_7_Pro(AVD) - 13/cpuinfo°$
è
#SettingsActivityInstrumentationTestcom.shareconnect.activitiestestToolbarIsDisplayed2ÊÓ ∆¿–Œ€:ÁÓ ∆¿ïåFB
emulator-5554primary⁄
ôjava.lang.NoClassDefFoundError: Failed resolution of: Lorg/hamcrest/Matchers;
at androidx.test.espresso.matcher.ViewMatchers.withId(ViewMatchers.java:1)
at com.shareconnect.activities.SettingsActivityInstrumentationTest.testToolbarIsDisplayed(SettingsActivityInstrumentationTest.kt:45)
... 43 trimmed
Caused by: java.lang.ClassNotFoundException: Didn't find class "org.hamcrest.Matchers" on path: DexPathList[[zip file "/system/framework/android.test.runner.jar", zip file "/system/framework/android.test.mock.jar", zip file "/system/framework/android.test.base.jar", zip file "/data/app/~~tgPGD1IvZyVihJ5WEriGpw==/com.shareconnect.test-KRYtWayfc-BAIa-BFJT_mw==/base.apk", zip file "/data/app/~~kWNn5P5i1VBCZAn7TalMSA==/com.shareconnect-NEp2ZttYEsfwFJQKiNDPXA==/base.apk"],nativeLibraryDirectories=[/data/app/~~tgPGD1IvZyVihJ5WEriGpw==/com.shareconnect.test-KRYtWayfc-BAIa-BFJT_mw==/lib/arm64, /data/app/~~kWNn5P5i1VBCZAn7TalMSA==/com.shareconnect-NEp2ZttYEsfwFJQKiNDPXA==/lib/arm64, /data/app/~~tgPGD1IvZyVihJ5WEriGpw==/com.shareconnect.test-KRYtWayfc-BAIa-BFJT_mw==/base.apk!/lib/arm64-v8a, /data/app/~~kWNn5P5i1VBCZAn7TalMSA==/com.shareconnect-NEp2ZttYEsfwFJQKiNDPXA==/base.apk!/lib/arm64-v8a, /system/lib64, /system_ext/lib64]]
at dalvik.system.BaseDexClassLoader.findClass(BaseDexClassLoader.java:259)
at java.lang.ClassLoader.loadClass(ClassLoader.java:379)
at java.lang.ClassLoader.loadClass(ClassLoader.java:312)
... 46 more
 java.lang.ClassNotFoundExceptionôjava.lang.NoClassDefFoundError: Failed resolution of: Lorg/hamcrest/Matchers;
at androidx.test.espresso.matcher.ViewMatchers.withId(ViewMatchers.java:1)
at com.shareconnect.activities.SettingsActivityInstrumentationTest.testToolbarIsDisplayed(SettingsActivityInstrumentationTest.kt:45)
... 43 trimmed
Caused by: java.lang.ClassNotFoundException: Didn't find class "org.hamcrest.Matchers" on path: DexPathList[[zip file "/system/framework/android.test.runner.jar", zip file "/system/framework/android.test.mock.jar", zip file "/system/framework/android.test.base.jar", zip file "/data/app/~~tgPGD1IvZyVihJ5WEriGpw==/com.shareconnect.test-KRYtWayfc-BAIa-BFJT_mw==/base.apk", zip file "/data/app/~~kWNn5P5i1VBCZAn7TalMSA==/com.shareconnect-NEp2ZttYEsfwFJQKiNDPXA==/base.apk"],nativeLibraryDirectories=[/data/app/~~tgPGD1IvZyVihJ5WEriGpw==/com.shareconnect.test-KRYtWayfc-BAIa-BFJT_mw==/lib/arm64, /data/app/~~kWNn5P5i1VBCZAn7TalMSA==/com.shareconnect-NEp2ZttYEsfwFJQKiNDPXA==/lib/arm64, /data/app/~~tgPGD1IvZyVihJ5WEriGpw==/com.shareconnect.test-KRYtWayfc-BAIa-BFJT_mw==/base.apk!/lib/arm64-v8a, /data/app/~~kWNn5P5i1VBCZAn7TalMSA==/com.shareconnect-NEp2ZttYEsfwFJQKiNDPXA==/base.apk!/lib/arm64-v8a, /system/lib64, /system_ext/lib64]]
at dalvik.system.BaseDexClassLoader.findClass(BaseDexClassLoader.java:259)
at java.lang.ClassLoader.loadClass(ClassLoader.java:379)
at java.lang.ClassLoader.loadClass(ClassLoader.java:312)
... 46 more
"˝

logcatandroidÁ
‰/Volumes/T7/Projects/milos85vasic/ShareConnect/Application/build/outputs/androidTest-results/connected/debug/Pixel_7_Pro(AVD) - 13/logcat-com.shareconnect.activities.SettingsActivityInstrumentationTest-testToolbarIsDisplayed.txt"Ø

device-infoandroidî
ë/Volumes/T7/Projects/milos85vasic/ShareConnect/Application/build/outputs/androidTest-results/connected/debug/Pixel_7_Pro(AVD) - 13/device-info.pb"∞

device-info.meminfoandroidç
ä/Volumes/T7/Projects/milos85vasic/ShareConnect/Application/build/outputs/androidTest-results/connected/debug/Pixel_7_Pro(AVD) - 13/meminfo"∞

device-info.cpuinfoandroidç
ä/Volumes/T7/Projects/milos85vasic/ShareConnect/Application/build/outputs/androidTest-results/connected/debug/Pixel_7_Pro(AVD) - 13/cpuinfo"˝

logcatandroidÁ
‰/Volumes/T7/Projects/milos85vasic/ShareConnect/Application/build/outputs/androidTest-results/connected/debug/Pixel_7_Pro(AVD) - 13/logcat-com.shareconnect.activities.SettingsActivityInstrumentationTest-testToolbarIsDisplayed.txt"Ø

device-infoandroidî
ë/Volumes/T7/Projects/milos85vasic/ShareConnect/Application/build/outputs/androidTest-results/connected/debug/Pixel_7_Pro(AVD) - 13/device-info.pb"∞

device-info.meminfoandroidç
ä/Volumes/T7/Projects/milos85vasic/ShareConnect/Application/build/outputs/androidTest-results/connected/debug/Pixel_7_Pro(AVD) - 13/meminfo"∞

device-info.cpuinfoandroidç
ä/Volumes/T7/Projects/milos85vasic/ShareConnect/Application/build/outputs/androidTest-results/connected/debug/Pixel_7_Pro(AVD) - 13/cpuinfo≤$
í
#SettingsActivityInstrumentationTestcom.shareconnect.activitiestestPreferenceCategories2ÁÓ ∆Ä˛æÅ:ÁÓ ∆¿Å‡øB
emulator-5554primary‰
ûjava.lang.NoClassDefFoundError: Failed resolution of: Lorg/hamcrest/Matchers;
at androidx.test.espresso.matcher.ViewMatchers.withText(ViewMatchers.java:2)
at com.shareconnect.activities.SettingsActivityInstrumentationTest.testPreferenceCategories(SettingsActivityInstrumentationTest.kt:106)
... 43 trimmed
Caused by: java.lang.ClassNotFoundException: Didn't find class "org.hamcrest.Matchers" on path: DexPathList[[zip file "/system/framework/android.test.runner.jar", zip file "/system/framework/android.test.mock.jar", zip file "/system/framework/android.test.base.jar", zip file "/data/app/~~tgPGD1IvZyVihJ5WEriGpw==/com.shareconnect.test-KRYtWayfc-BAIa-BFJT_mw==/base.apk", zip file "/data/app/~~kWNn5P5i1VBCZAn7TalMSA==/com.shareconnect-NEp2ZttYEsfwFJQKiNDPXA==/base.apk"],nativeLibraryDirectories=[/data/app/~~tgPGD1IvZyVihJ5WEriGpw==/com.shareconnect.test-KRYtWayfc-BAIa-BFJT_mw==/lib/arm64, /data/app/~~kWNn5P5i1VBCZAn7TalMSA==/com.shareconnect-NEp2ZttYEsfwFJQKiNDPXA==/lib/arm64, /data/app/~~tgPGD1IvZyVihJ5WEriGpw==/com.shareconnect.test-KRYtWayfc-BAIa-BFJT_mw==/base.apk!/lib/arm64-v8a, /data/app/~~kWNn5P5i1VBCZAn7TalMSA==/com.shareconnect-NEp2ZttYEsfwFJQKiNDPXA==/base.apk!/lib/arm64-v8a, /system/lib64, /system_ext/lib64]]
at dalvik.system.BaseDexClassLoader.findClass(BaseDexClassLoader.java:259)
at java.lang.ClassLoader.loadClass(ClassLoader.java:379)
at java.lang.ClassLoader.loadClass(ClassLoader.java:312)
... 46 more
 java.lang.ClassNotFoundExceptionûjava.lang.NoClassDefFoundError: Failed resolution of: Lorg/hamcrest/Matchers;
at androidx.test.espresso.matcher.ViewMatchers.withText(ViewMatchers.java:2)
at com.shareconnect.activities.SettingsActivityInstrumentationTest.testPreferenceCategories(SettingsActivityInstrumentationTest.kt:106)
... 43 trimmed
Caused by: java.lang.ClassNotFoundException: Didn't find class "org.hamcrest.Matchers" on path: DexPathList[[zip file "/system/framework/android.test.runner.jar", zip file "/system/framework/android.test.mock.jar", zip file "/system/framework/android.test.base.jar", zip file "/data/app/~~tgPGD1IvZyVihJ5WEriGpw==/com.shareconnect.test-KRYtWayfc-BAIa-BFJT_mw==/base.apk", zip file "/data/app/~~kWNn5P5i1VBCZAn7TalMSA==/com.shareconnect-NEp2ZttYEsfwFJQKiNDPXA==/base.apk"],nativeLibraryDirectories=[/data/app/~~tgPGD1IvZyVihJ5WEriGpw==/com.shareconnect.test-KRYtWayfc-BAIa-BFJT_mw==/lib/arm64, /data/app/~~kWNn5P5i1VBCZAn7TalMSA==/com.shareconnect-NEp2ZttYEsfwFJQKiNDPXA==/lib/arm64, /data/app/~~tgPGD1IvZyVihJ5WEriGpw==/com.shareconnect.test-KRYtWayfc-BAIa-BFJT_mw==/base.apk!/lib/arm64-v8a, /data/app/~~kWNn5P5i1VBCZAn7TalMSA==/com.shareconnect-NEp2ZttYEsfwFJQKiNDPXA==/base.apk!/lib/arm64-v8a, /system/lib64, /system_ext/lib64]]
at dalvik.system.BaseDexClassLoader.findClass(BaseDexClassLoader.java:259)
at java.lang.ClassLoader.loadClass(ClassLoader.java:379)
at java.lang.ClassLoader.loadClass(ClassLoader.java:312)
... 46 more
"ˇ

logcatandroidÈ
Ê/Volumes/T7/Projects/milos85vasic/ShareConnect/Application/build/outputs/androidTest-results/connected/debug/Pixel_7_Pro(AVD) - 13/logcat-com.shareconnect.activities.SettingsActivityInstrumentationTest-testPreferenceCategories.txt"Ø

device-infoandroidî
ë/Volumes/T7/Projects/milos85vasic/ShareConnect/Application/build/outputs/androidTest-results/connected/debug/Pixel_7_Pro(AVD) - 13/device-info.pb"∞

device-info.meminfoandroidç
ä/Volumes/T7/Projects/milos85vasic/ShareConnect/Application/build/outputs/androidTest-results/connected/debug/Pixel_7_Pro(AVD) - 13/meminfo"∞

device-info.cpuinfoandroidç
ä/Volumes/T7/Projects/milos85vasic/ShareConnect/Application/build/outputs/androidTest-results/connected/debug/Pixel_7_Pro(AVD) - 13/cpuinfo"ˇ

logcatandroidÈ
Ê/Volumes/T7/Projects/milos85vasic/ShareConnect/Application/build/outputs/androidTest-results/connected/debug/Pixel_7_Pro(AVD) - 13/logcat-com.shareconnect.activities.SettingsActivityInstrumentationTest-testPreferenceCategories.txt"Ø

device-infoandroidî
ë/Volumes/T7/Projects/milos85vasic/ShareConnect/Application/build/outputs/androidTest-results/connected/debug/Pixel_7_Pro(AVD) - 13/device-info.pb"∞

device-info.meminfoandroidç
ä/Volumes/T7/Projects/milos85vasic/ShareConnect/Application/build/outputs/androidTest-results/connected/debug/Pixel_7_Pro(AVD) - 13/meminfo"∞

device-info.cpuinfoandroidç
ä/Volumes/T7/Projects/milos85vasic/ShareConnect/Application/build/outputs/androidTest-results/connected/debug/Pixel_7_Pro(AVD) - 13/cpuinfo‚$
ú
#SettingsActivityInstrumentationTestcom.shareconnect.activities"testThemeSelectionPreferenceExists2ËÓ ∆Ä‘‘´:ËÓ ∆Ä∏ ÊB
emulator-5554primaryˆ
ßjava.lang.NoClassDefFoundError: Failed resolution of: Lorg/hamcrest/Matchers;
at androidx.test.espresso.matcher.ViewMatchers.withText(ViewMatchers.java:2)
at com.shareconnect.activities.SettingsActivityInstrumentationTest.testThemeSelectionPreferenceExists(SettingsActivityInstrumentationTest.kt:59)
... 43 trimmed
Caused by: java.lang.ClassNotFoundException: Didn't find class "org.hamcrest.Matchers" on path: DexPathList[[zip file "/system/framework/android.test.runner.jar", zip file "/system/framework/android.test.mock.jar", zip file "/system/framework/android.test.base.jar", zip file "/data/app/~~tgPGD1IvZyVihJ5WEriGpw==/com.shareconnect.test-KRYtWayfc-BAIa-BFJT_mw==/base.apk", zip file "/data/app/~~kWNn5P5i1VBCZAn7TalMSA==/com.shareconnect-NEp2ZttYEsfwFJQKiNDPXA==/base.apk"],nativeLibraryDirectories=[/data/app/~~tgPGD1IvZyVihJ5WEriGpw==/com.shareconnect.test-KRYtWayfc-BAIa-BFJT_mw==/lib/arm64, /data/app/~~kWNn5P5i1VBCZAn7TalMSA==/com.shareconnect-NEp2ZttYEsfwFJQKiNDPXA==/lib/arm64, /data/app/~~tgPGD1IvZyVihJ5WEriGpw==/com.shareconnect.test-KRYtWayfc-BAIa-BFJT_mw==/base.apk!/lib/arm64-v8a, /data/app/~~kWNn5P5i1VBCZAn7TalMSA==/com.shareconnect-NEp2ZttYEsfwFJQKiNDPXA==/base.apk!/lib/arm64-v8a, /system/lib64, /system_ext/lib64]]
at dalvik.system.BaseDexClassLoader.findClass(BaseDexClassLoader.java:259)
at java.lang.ClassLoader.loadClass(ClassLoader.java:379)
at java.lang.ClassLoader.loadClass(ClassLoader.java:312)
... 46 more
 java.lang.ClassNotFoundExceptionßjava.lang.NoClassDefFoundError: Failed resolution of: Lorg/hamcrest/Matchers;
at androidx.test.espresso.matcher.ViewMatchers.withText(ViewMatchers.java:2)
at com.shareconnect.activities.SettingsActivityInstrumentationTest.testThemeSelectionPreferenceExists(SettingsActivityInstrumentationTest.kt:59)
... 43 trimmed
Caused by: java.lang.ClassNotFoundException: Didn't find class "org.hamcrest.Matchers" on path: DexPathList[[zip file "/system/framework/android.test.runner.jar", zip file "/system/framework/android.test.mock.jar", zip file "/system/framework/android.test.base.jar", zip file "/data/app/~~tgPGD1IvZyVihJ5WEriGpw==/com.shareconnect.test-KRYtWayfc-BAIa-BFJT_mw==/base.apk", zip file "/data/app/~~kWNn5P5i1VBCZAn7TalMSA==/com.shareconnect-NEp2ZttYEsfwFJQKiNDPXA==/base.apk"],nativeLibraryDirectories=[/data/app/~~tgPGD1IvZyVihJ5WEriGpw==/com.shareconnect.test-KRYtWayfc-BAIa-BFJT_mw==/lib/arm64, /data/app/~~kWNn5P5i1VBCZAn7TalMSA==/com.shareconnect-NEp2ZttYEsfwFJQKiNDPXA==/lib/arm64, /data/app/~~tgPGD1IvZyVihJ5WEriGpw==/com.shareconnect.test-KRYtWayfc-BAIa-BFJT_mw==/base.apk!/lib/arm64-v8a, /data/app/~~kWNn5P5i1VBCZAn7TalMSA==/com.shareconnect-NEp2ZttYEsfwFJQKiNDPXA==/base.apk!/lib/arm64-v8a, /system/lib64, /system_ext/lib64]]
at dalvik.system.BaseDexClassLoader.findClass(BaseDexClassLoader.java:259)
at java.lang.ClassLoader.loadClass(ClassLoader.java:379)
at java.lang.ClassLoader.loadClass(ClassLoader.java:312)
... 46 more
"â

logcatandroidÛ
/Volumes/T7/Projects/milos85vasic/ShareConnect/Application/build/outputs/androidTest-results/connected/debug/Pixel_7_Pro(AVD) - 13/logcat-com.shareconnect.activities.SettingsActivityInstrumentationTest-testThemeSelectionPreferenceExists.txt"Ø

device-infoandroidî
ë/Volumes/T7/Projects/milos85vasic/ShareConnect/Application/build/outputs/androidTest-results/connected/debug/Pixel_7_Pro(AVD) - 13/device-info.pb"∞

device-info.meminfoandroidç
ä/Volumes/T7/Projects/milos85vasic/ShareConnect/Application/build/outputs/androidTest-results/connected/debug/Pixel_7_Pro(AVD) - 13/meminfo"∞

device-info.cpuinfoandroidç
ä/Volumes/T7/Projects/milos85vasic/ShareConnect/Application/build/outputs/androidTest-results/connected/debug/Pixel_7_Pro(AVD) - 13/cpuinfo"â

logcatandroidÛ
/Volumes/T7/Projects/milos85vasic/ShareConnect/Application/build/outputs/androidTest-results/connected/debug/Pixel_7_Pro(AVD) - 13/logcat-com.shareconnect.activities.SettingsActivityInstrumentationTest-testThemeSelectionPreferenceExists.txt"Ø

device-infoandroidî
ë/Volumes/T7/Projects/milos85vasic/ShareConnect/Application/build/outputs/androidTest-results/connected/debug/Pixel_7_Pro(AVD) - 13/device-info.pb"∞

device-info.meminfoandroidç
ä/Volumes/T7/Projects/milos85vasic/ShareConnect/Application/build/outputs/androidTest-results/connected/debug/Pixel_7_Pro(AVD) - 13/meminfo"∞

device-info.cpuinfoandroidç
ä/Volumes/T7/Projects/milos85vasic/ShareConnect/Application/build/outputs/androidTest-results/connected/debug/Pixel_7_Pro(AVD) - 13/cpuinfoÔ#
â
AccessibilityAutomationTestcom.shareconnect.automationtestAccessibilityLabels2˛Ì ∆¿¿§“:ÉÓ ∆¿É™∏B
emulator-5554primaryº
äjava.lang.NoClassDefFoundError: Failed resolution of: Lorg/hamcrest/Matchers;
at androidx.test.espresso.matcher.ViewMatchers.withId(ViewMatchers.java:1)
at com.shareconnect.automation.AccessibilityAutomationTest.testAccessibilityLabels(AccessibilityAutomationTest.kt:36)
... 43 trimmed
Caused by: java.lang.ClassNotFoundException: Didn't find class "org.hamcrest.Matchers" on path: DexPathList[[zip file "/system/framework/android.test.runner.jar", zip file "/system/framework/android.test.mock.jar", zip file "/system/framework/android.test.base.jar", zip file "/data/app/~~tgPGD1IvZyVihJ5WEriGpw==/com.shareconnect.test-KRYtWayfc-BAIa-BFJT_mw==/base.apk", zip file "/data/app/~~kWNn5P5i1VBCZAn7TalMSA==/com.shareconnect-NEp2ZttYEsfwFJQKiNDPXA==/base.apk"],nativeLibraryDirectories=[/data/app/~~tgPGD1IvZyVihJ5WEriGpw==/com.shareconnect.test-KRYtWayfc-BAIa-BFJT_mw==/lib/arm64, /data/app/~~kWNn5P5i1VBCZAn7TalMSA==/com.shareconnect-NEp2ZttYEsfwFJQKiNDPXA==/lib/arm64, /data/app/~~tgPGD1IvZyVihJ5WEriGpw==/com.shareconnect.test-KRYtWayfc-BAIa-BFJT_mw==/base.apk!/lib/arm64-v8a, /data/app/~~kWNn5P5i1VBCZAn7TalMSA==/com.shareconnect-NEp2ZttYEsfwFJQKiNDPXA==/base.apk!/lib/arm64-v8a, /system/lib64, /system_ext/lib64]]
at dalvik.system.BaseDexClassLoader.findClass(BaseDexClassLoader.java:259)
at java.lang.ClassLoader.loadClass(ClassLoader.java:379)
at java.lang.ClassLoader.loadClass(ClassLoader.java:312)
... 46 more
 java.lang.ClassNotFoundExceptionäjava.lang.NoClassDefFoundError: Failed resolution of: Lorg/hamcrest/Matchers;
at androidx.test.espresso.matcher.ViewMatchers.withId(ViewMatchers.java:1)
at com.shareconnect.automation.AccessibilityAutomationTest.testAccessibilityLabels(AccessibilityAutomationTest.kt:36)
... 43 trimmed
Caused by: java.lang.ClassNotFoundException: Didn't find class "org.hamcrest.Matchers" on path: DexPathList[[zip file "/system/framework/android.test.runner.jar", zip file "/system/framework/android.test.mock.jar", zip file "/system/framework/android.test.base.jar", zip file "/data/app/~~tgPGD1IvZyVihJ5WEriGpw==/com.shareconnect.test-KRYtWayfc-BAIa-BFJT_mw==/base.apk", zip file "/data/app/~~kWNn5P5i1VBCZAn7TalMSA==/com.shareconnect-NEp2ZttYEsfwFJQKiNDPXA==/base.apk"],nativeLibraryDirectories=[/data/app/~~tgPGD1IvZyVihJ5WEriGpw==/com.shareconnect.test-KRYtWayfc-BAIa-BFJT_mw==/lib/arm64, /data/app/~~kWNn5P5i1VBCZAn7TalMSA==/com.shareconnect-NEp2ZttYEsfwFJQKiNDPXA==/lib/arm64, /data/app/~~tgPGD1IvZyVihJ5WEriGpw==/com.shareconnect.test-KRYtWayfc-BAIa-BFJT_mw==/base.apk!/lib/arm64-v8a, /data/app/~~kWNn5P5i1VBCZAn7TalMSA==/com.shareconnect-NEp2ZttYEsfwFJQKiNDPXA==/base.apk!/lib/arm64-v8a, /system/lib64, /system_ext/lib64]]
at dalvik.system.BaseDexClassLoader.findClass(BaseDexClassLoader.java:259)
at java.lang.ClassLoader.loadClass(ClassLoader.java:379)
at java.lang.ClassLoader.loadClass(ClassLoader.java:312)
... 46 more
"ˆ

logcatandroid‡
›/Volumes/T7/Projects/milos85vasic/ShareConnect/Application/build/outputs/androidTest-results/connected/debug/Pixel_7_Pro(AVD) - 13/logcat-com.shareconnect.automation.AccessibilityAutomationTest-testAccessibilityLabels.txt"Ø

device-infoandroidî
ë/Volumes/T7/Projects/milos85vasic/ShareConnect/Application/build/outputs/androidTest-results/connected/debug/Pixel_7_Pro(AVD) - 13/device-info.pb"∞

device-info.meminfoandroidç
ä/Volumes/T7/Projects/milos85vasic/ShareConnect/Application/build/outputs/androidTest-results/connected/debug/Pixel_7_Pro(AVD) - 13/meminfo"∞

device-info.cpuinfoandroidç
ä/Volumes/T7/Projects/milos85vasic/ShareConnect/Application/build/outputs/androidTest-results/connected/debug/Pixel_7_Pro(AVD) - 13/cpuinfo"ˆ

logcatandroid‡
›/Volumes/T7/Projects/milos85vasic/ShareConnect/Application/build/outputs/androidTest-results/connected/debug/Pixel_7_Pro(AVD) - 13/logcat-com.shareconnect.automation.AccessibilityAutomationTest-testAccessibilityLabels.txt"Ø

device-infoandroidî
ë/Volumes/T7/Projects/milos85vasic/ShareConnect/Application/build/outputs/androidTest-results/connected/debug/Pixel_7_Pro(AVD) - 13/device-info.pb"∞

device-info.meminfoandroidç
ä/Volumes/T7/Projects/milos85vasic/ShareConnect/Application/build/outputs/androidTest-results/connected/debug/Pixel_7_Pro(AVD) - 13/meminfo"∞

device-info.cpuinfoandroidç
ä/Volumes/T7/Projects/milos85vasic/ShareConnect/Application/build/outputs/androidTest-results/connected/debug/Pixel_7_Pro(AVD) - 13/cpuinfo¢#
Ü
AccessibilityAutomationTestcom.shareconnect.automationtestStateDescriptions2ÑÓ ∆¿ÿà2:âÓ ∆¿ÍÖÆB
emulator-5554primaryˆ
Ë
java.lang.NullPointerException: Attempt to invoke virtual method 'boolean android.view.View.isEnabled()' on a null object reference
at com.shareconnect.automation.AccessibilityAutomationTest.testStateDescriptions$lambda$0(AccessibilityAutomationTest.kt:164)
at com.shareconnect.automation.AccessibilityAutomationTest.$r8$lambda$UZDz-2ZK8LnEJF36JAwnFqS9YgM(Unknown Source:0)
at com.shareconnect.automation.AccessibilityAutomationTest$$ExternalSyntheticLambda0.perform(D8$$SyntheticClass:0)
at androidx.test.core.app.ActivityScenario.lambda$onActivity$2$androidx-test-core-app-ActivityScenario(ActivityScenario.java:794)
at androidx.test.core.app.ActivityScenario$$ExternalSyntheticLambda2.run(D8$$SyntheticClass:0)
at java.util.concurrent.Executors$RunnableAdapter.call(Executors.java:463)
at java.util.concurrent.FutureTask.run(FutureTask.java:264)
at android.app.Instrumentation$SyncRunnable.run(Instrumentation.java:2379)
at android.os.Handler.handleCallback(Handler.java:942)
at android.os.Handler.dispatchMessage(Handler.java:99)
at android.os.Looper.loopOnce(Looper.java:201)
at android.os.Looper.loop(Looper.java:288)
at android.app.ActivityThread.main(ActivityThread.java:7924)
at java.lang.reflect.Method.invoke(Native Method)
at com.android.internal.os.RuntimeInit$MethodAndArgsCaller.run(RuntimeInit.java:548)
at com.android.internal.os.ZygoteInit.main(ZygoteInit.java:936)
java.lang.NullPointerExceptionË
java.lang.NullPointerException: Attempt to invoke virtual method 'boolean android.view.View.isEnabled()' on a null object reference
at com.shareconnect.automation.AccessibilityAutomationTest.testStateDescriptions$lambda$0(AccessibilityAutomationTest.kt:164)
at com.shareconnect.automation.AccessibilityAutomationTest.$r8$lambda$UZDz-2ZK8LnEJF36JAwnFqS9YgM(Unknown Source:0)
at com.shareconnect.automation.AccessibilityAutomationTest$$ExternalSyntheticLambda0.perform(D8$$SyntheticClass:0)
at androidx.test.core.app.ActivityScenario.lambda$onActivity$2$androidx-test-core-app-ActivityScenario(ActivityScenario.java:794)
at androidx.test.core.app.ActivityScenario$$ExternalSyntheticLambda2.run(D8$$SyntheticClass:0)
at java.util.concurrent.Executors$RunnableAdapter.call(Executors.java:463)
at java.util.concurrent.FutureTask.run(FutureTask.java:264)
at android.app.Instrumentation$SyncRunnable.run(Instrumentation.java:2379)
at android.os.Handler.handleCallback(Handler.java:942)
at android.os.Handler.dispatchMessage(Handler.java:99)
at android.os.Looper.loopOnce(Looper.java:201)
at android.os.Looper.loop(Looper.java:288)
at android.app.ActivityThread.main(ActivityThread.java:7924)
at java.lang.reflect.Method.invoke(Native Method)
at com.android.internal.os.RuntimeInit$MethodAndArgsCaller.run(RuntimeInit.java:548)
at com.android.internal.os.ZygoteInit.main(ZygoteInit.java:936)
"Ù

logcatandroidﬁ
€/Volumes/T7/Projects/milos85vasic/ShareConnect/Application/build/outputs/androidTest-results/connected/debug/Pixel_7_Pro(AVD) - 13/logcat-com.shareconnect.automation.AccessibilityAutomationTest-testStateDescriptions.txt"Ø

device-infoandroidî
ë/Volumes/T7/Projects/milos85vasic/ShareConnect/Application/build/outputs/androidTest-results/connected/debug/Pixel_7_Pro(AVD) - 13/device-info.pb"∞

device-info.meminfoandroidç
ä/Volumes/T7/Projects/milos85vasic/ShareConnect/Application/build/outputs/androidTest-results/connected/debug/Pixel_7_Pro(AVD) - 13/meminfo"∞

device-info.cpuinfoandroidç
ä/Volumes/T7/Projects/milos85vasic/ShareConnect/Application/build/outputs/androidTest-results/connected/debug/Pixel_7_Pro(AVD) - 13/cpuinfo"Ù

logcatandroidﬁ
€/Volumes/T7/Projects/milos85vasic/ShareConnect/Application/build/outputs/androidTest-results/connected/debug/Pixel_7_Pro(AVD) - 13/logcat-com.shareconnect.automation.AccessibilityAutomationTest-testStateDescriptions.txt"Ø

device-infoandroidî
ë/Volumes/T7/Projects/milos85vasic/ShareConnect/Application/build/outputs/androidTest-results/connected/debug/Pixel_7_Pro(AVD) - 13/device-info.pb"∞

device-info.meminfoandroidç
ä/Volumes/T7/Projects/milos85vasic/ShareConnect/Application/build/outputs/androidTest-results/connected/debug/Pixel_7_Pro(AVD) - 13/meminfo"∞

device-info.cpuinfoandroidç
ä/Volumes/T7/Projects/milos85vasic/ShareConnect/Application/build/outputs/androidTest-results/connected/debug/Pixel_7_Pro(AVD) - 13/cpuinfoÀ#
Å
AccessibilityAutomationTestcom.shareconnect.automationtestTextContrast2âÓ ∆¿¡€Ç:èÓ ∆¿›‹MB
emulator-5554primaryÆ
Éjava.lang.NoClassDefFoundError: Failed resolution of: Lorg/hamcrest/Matchers;
at androidx.test.espresso.matcher.ViewMatchers.withId(ViewMatchers.java:1)
at com.shareconnect.automation.AccessibilityAutomationTest.testTextContrast(AccessibilityAutomationTest.kt:81)
... 43 trimmed
Caused by: java.lang.ClassNotFoundException: Didn't find class "org.hamcrest.Matchers" on path: DexPathList[[zip file "/system/framework/android.test.runner.jar", zip file "/system/framework/android.test.mock.jar", zip file "/system/framework/android.test.base.jar", zip file "/data/app/~~tgPGD1IvZyVihJ5WEriGpw==/com.shareconnect.test-KRYtWayfc-BAIa-BFJT_mw==/base.apk", zip file "/data/app/~~kWNn5P5i1VBCZAn7TalMSA==/com.shareconnect-NEp2ZttYEsfwFJQKiNDPXA==/base.apk"],nativeLibraryDirectories=[/data/app/~~tgPGD1IvZyVihJ5WEriGpw==/com.shareconnect.test-KRYtWayfc-BAIa-BFJT_mw==/lib/arm64, /data/app/~~kWNn5P5i1VBCZAn7TalMSA==/com.shareconnect-NEp2ZttYEsfwFJQKiNDPXA==/lib/arm64, /data/app/~~tgPGD1IvZyVihJ5WEriGpw==/com.shareconnect.test-KRYtWayfc-BAIa-BFJT_mw==/base.apk!/lib/arm64-v8a, /data/app/~~kWNn5P5i1VBCZAn7TalMSA==/com.shareconnect-NEp2ZttYEsfwFJQKiNDPXA==/base.apk!/lib/arm64-v8a, /system/lib64, /system_ext/lib64]]
at dalvik.system.BaseDexClassLoader.findClass(BaseDexClassLoader.java:259)
at java.lang.ClassLoader.loadClass(ClassLoader.java:379)
at java.lang.ClassLoader.loadClass(ClassLoader.java:312)
... 46 more
 java.lang.ClassNotFoundExceptionÉjava.lang.NoClassDefFoundError: Failed resolution of: Lorg/hamcrest/Matchers;
at androidx.test.espresso.matcher.ViewMatchers.withId(ViewMatchers.java:1)
at com.shareconnect.automation.AccessibilityAutomationTest.testTextContrast(AccessibilityAutomationTest.kt:81)
... 43 trimmed
Caused by: java.lang.ClassNotFoundException: Didn't find class "org.hamcrest.Matchers" on path: DexPathList[[zip file "/system/framework/android.test.runner.jar", zip file "/system/framework/android.test.mock.jar", zip file "/system/framework/android.test.base.jar", zip file "/data/app/~~tgPGD1IvZyVihJ5WEriGpw==/com.shareconnect.test-KRYtWayfc-BAIa-BFJT_mw==/base.apk", zip file "/data/app/~~kWNn5P5i1VBCZAn7TalMSA==/com.shareconnect-NEp2ZttYEsfwFJQKiNDPXA==/base.apk"],nativeLibraryDirectories=[/data/app/~~tgPGD1IvZyVihJ5WEriGpw==/com.shareconnect.test-KRYtWayfc-BAIa-BFJT_mw==/lib/arm64, /data/app/~~kWNn5P5i1VBCZAn7TalMSA==/com.shareconnect-NEp2ZttYEsfwFJQKiNDPXA==/lib/arm64, /data/app/~~tgPGD1IvZyVihJ5WEriGpw==/com.shareconnect.test-KRYtWayfc-BAIa-BFJT_mw==/base.apk!/lib/arm64-v8a, /data/app/~~kWNn5P5i1VBCZAn7TalMSA==/com.shareconnect-NEp2ZttYEsfwFJQKiNDPXA==/base.apk!/lib/arm64-v8a, /system/lib64, /system_ext/lib64]]
at dalvik.system.BaseDexClassLoader.findClass(BaseDexClassLoader.java:259)
at java.lang.ClassLoader.loadClass(ClassLoader.java:379)
at java.lang.ClassLoader.loadClass(ClassLoader.java:312)
... 46 more
"Ô

logcatandroidŸ
÷/Volumes/T7/Projects/milos85vasic/ShareConnect/Application/build/outputs/androidTest-results/connected/debug/Pixel_7_Pro(AVD) - 13/logcat-com.shareconnect.automation.AccessibilityAutomationTest-testTextContrast.txt"Ø

device-infoandroidî
ë/Volumes/T7/Projects/milos85vasic/ShareConnect/Application/build/outputs/androidTest-results/connected/debug/Pixel_7_Pro(AVD) - 13/device-info.pb"∞

device-info.meminfoandroidç
ä/Volumes/T7/Projects/milos85vasic/ShareConnect/Application/build/outputs/androidTest-results/connected/debug/Pixel_7_Pro(AVD) - 13/meminfo"∞

device-info.cpuinfoandroidç
ä/Volumes/T7/Projects/milos85vasic/ShareConnect/Application/build/outputs/androidTest-results/connected/debug/Pixel_7_Pro(AVD) - 13/cpuinfo"Ô

logcatandroidŸ
÷/Volumes/T7/Projects/milos85vasic/ShareConnect/Application/build/outputs/androidTest-results/connected/debug/Pixel_7_Pro(AVD) - 13/logcat-com.shareconnect.automation.AccessibilityAutomationTest-testTextContrast.txt"Ø

device-infoandroidî
ë/Volumes/T7/Projects/milos85vasic/ShareConnect/Application/build/outputs/androidTest-results/connected/debug/Pixel_7_Pro(AVD) - 13/device-info.pb"∞

device-info.meminfoandroidç
ä/Volumes/T7/Projects/milos85vasic/ShareConnect/Application/build/outputs/androidTest-results/connected/debug/Pixel_7_Pro(AVD) - 13/meminfo"∞

device-info.cpuinfoandroidç
ä/Volumes/T7/Projects/milos85vasic/ShareConnect/Application/build/outputs/androidTest-results/connected/debug/Pixel_7_Pro(AVD) - 13/cpuinfo›#
Ö
AccessibilityAutomationTestcom.shareconnect.automationtestContentLabeling2èÓ ∆Ä¬È£:îÓ ∆¿†ÙßB
emulator-5554primary∂
ájava.lang.NoClassDefFoundError: Failed resolution of: Lorg/hamcrest/Matchers;
at androidx.test.espresso.matcher.ViewMatchers.withId(ViewMatchers.java:1)
at com.shareconnect.automation.AccessibilityAutomationTest.testContentLabeling(AccessibilityAutomationTest.kt:140)
... 43 trimmed
Caused by: java.lang.ClassNotFoundException: Didn't find class "org.hamcrest.Matchers" on path: DexPathList[[zip file "/system/framework/android.test.runner.jar", zip file "/system/framework/android.test.mock.jar", zip file "/system/framework/android.test.base.jar", zip file "/data/app/~~tgPGD1IvZyVihJ5WEriGpw==/com.shareconnect.test-KRYtWayfc-BAIa-BFJT_mw==/base.apk", zip file "/data/app/~~kWNn5P5i1VBCZAn7TalMSA==/com.shareconnect-NEp2ZttYEsfwFJQKiNDPXA==/base.apk"],nativeLibraryDirectories=[/data/app/~~tgPGD1IvZyVihJ5WEriGpw==/com.shareconnect.test-KRYtWayfc-BAIa-BFJT_mw==/lib/arm64, /data/app/~~kWNn5P5i1VBCZAn7TalMSA==/com.shareconnect-NEp2ZttYEsfwFJQKiNDPXA==/lib/arm64, /data/app/~~tgPGD1IvZyVihJ5WEriGpw==/com.shareconnect.test-KRYtWayfc-BAIa-BFJT_mw==/base.apk!/lib/arm64-v8a, /data/app/~~kWNn5P5i1VBCZAn7TalMSA==/com.shareconnect-NEp2ZttYEsfwFJQKiNDPXA==/base.apk!/lib/arm64-v8a, /system/lib64, /system_ext/lib64]]
at dalvik.system.BaseDexClassLoader.findClass(BaseDexClassLoader.java:259)
at java.lang.ClassLoader.loadClass(ClassLoader.java:379)
at java.lang.ClassLoader.loadClass(ClassLoader.java:312)
... 46 more
 java.lang.ClassNotFoundExceptionájava.lang.NoClassDefFoundError: Failed resolution of: Lorg/hamcrest/Matchers;
at androidx.test.espresso.matcher.ViewMatchers.withId(ViewMatchers.java:1)
at com.shareconnect.automation.AccessibilityAutomationTest.testContentLabeling(AccessibilityAutomationTest.kt:140)
... 43 trimmed
Caused by: java.lang.ClassNotFoundException: Didn't find class "org.hamcrest.Matchers" on path: DexPathList[[zip file "/system/framework/android.test.runner.jar", zip file "/system/framework/android.test.mock.jar", zip file "/system/framework/android.test.base.jar", zip file "/data/app/~~tgPGD1IvZyVihJ5WEriGpw==/com.shareconnect.test-KRYtWayfc-BAIa-BFJT_mw==/base.apk", zip file "/data/app/~~kWNn5P5i1VBCZAn7TalMSA==/com.shareconnect-NEp2ZttYEsfwFJQKiNDPXA==/base.apk"],nativeLibraryDirectories=[/data/app/~~tgPGD1IvZyVihJ5WEriGpw==/com.shareconnect.test-KRYtWayfc-BAIa-BFJT_mw==/lib/arm64, /data/app/~~kWNn5P5i1VBCZAn7TalMSA==/com.shareconnect-NEp2ZttYEsfwFJQKiNDPXA==/lib/arm64, /data/app/~~tgPGD1IvZyVihJ5WEriGpw==/com.shareconnect.test-KRYtWayfc-BAIa-BFJT_mw==/base.apk!/lib/arm64-v8a, /data/app/~~kWNn5P5i1VBCZAn7TalMSA==/com.shareconnect-NEp2ZttYEsfwFJQKiNDPXA==/base.apk!/lib/arm64-v8a, /system/lib64, /system_ext/lib64]]
at dalvik.system.BaseDexClassLoader.findClass(BaseDexClassLoader.java:259)
at java.lang.ClassLoader.loadClass(ClassLoader.java:379)
at java.lang.ClassLoader.loadClass(ClassLoader.java:312)
... 46 more
"Ú

logcatandroid‹
Ÿ/Volumes/T7/Projects/milos85vasic/ShareConnect/Application/build/outputs/androidTest-results/connected/debug/Pixel_7_Pro(AVD) - 13/logcat-com.shareconnect.automation.AccessibilityAutomationTest-testContentLabeling.txt"Ø

device-infoandroidî
ë/Volumes/T7/Projects/milos85vasic/ShareConnect/Application/build/outputs/androidTest-results/connected/debug/Pixel_7_Pro(AVD) - 13/device-info.pb"∞

device-info.meminfoandroidç
ä/Volumes/T7/Projects/milos85vasic/ShareConnect/Application/build/outputs/androidTest-results/connected/debug/Pixel_7_Pro(AVD) - 13/meminfo"∞

device-info.cpuinfoandroidç
ä/Volumes/T7/Projects/milos85vasic/ShareConnect/Application/build/outputs/androidTest-results/connected/debug/Pixel_7_Pro(AVD) - 13/cpuinfo"Ú

logcatandroid‹
Ÿ/Volumes/T7/Projects/milos85vasic/ShareConnect/Application/build/outputs/androidTest-results/connected/debug/Pixel_7_Pro(AVD) - 13/logcat-com.shareconnect.automation.AccessibilityAutomationTest-testContentLabeling.txt"Ø

device-infoandroidî
ë/Volumes/T7/Projects/milos85vasic/ShareConnect/Application/build/outputs/androidTest-results/connected/debug/Pixel_7_Pro(AVD) - 13/device-info.pb"∞

device-info.meminfoandroidç
ä/Volumes/T7/Projects/milos85vasic/ShareConnect/Application/build/outputs/androidTest-results/connected/debug/Pixel_7_Pro(AVD) - 13/meminfo"∞

device-info.cpuinfoandroidç
ä/Volumes/T7/Projects/milos85vasic/ShareConnect/Application/build/outputs/androidTest-results/connected/debug/Pixel_7_Pro(AVD) - 13/cpuinfoÍ#
à
AccessibilityAutomationTestcom.shareconnect.automationtestKeyboardNavigation2ïÓ ∆¿ı“°:öÓ ∆ÄË§öB
emulator-5554primary∫
âjava.lang.NoClassDefFoundError: Failed resolution of: Lorg/hamcrest/Matchers;
at androidx.test.espresso.matcher.ViewMatchers.withId(ViewMatchers.java:1)
at com.shareconnect.automation.AccessibilityAutomationTest.testKeyboardNavigation(AccessibilityAutomationTest.kt:98)
... 43 trimmed
Caused by: java.lang.ClassNotFoundException: Didn't find class "org.hamcrest.Matchers" on path: DexPathList[[zip file "/system/framework/android.test.runner.jar", zip file "/system/framework/android.test.mock.jar", zip file "/system/framework/android.test.base.jar", zip file "/data/app/~~tgPGD1IvZyVihJ5WEriGpw==/com.shareconnect.test-KRYtWayfc-BAIa-BFJT_mw==/base.apk", zip file "/data/app/~~kWNn5P5i1VBCZAn7TalMSA==/com.shareconnect-NEp2ZttYEsfwFJQKiNDPXA==/base.apk"],nativeLibraryDirectories=[/data/app/~~tgPGD1IvZyVihJ5WEriGpw==/com.shareconnect.test-KRYtWayfc-BAIa-BFJT_mw==/lib/arm64, /data/app/~~kWNn5P5i1VBCZAn7TalMSA==/com.shareconnect-NEp2ZttYEsfwFJQKiNDPXA==/lib/arm64, /data/app/~~tgPGD1IvZyVihJ5WEriGpw==/com.shareconnect.test-KRYtWayfc-BAIa-BFJT_mw==/base.apk!/lib/arm64-v8a, /data/app/~~kWNn5P5i1VBCZAn7TalMSA==/com.shareconnect-NEp2ZttYEsfwFJQKiNDPXA==/base.apk!/lib/arm64-v8a, /system/lib64, /system_ext/lib64]]
at dalvik.system.BaseDexClassLoader.findClass(BaseDexClassLoader.java:259)
at java.lang.ClassLoader.loadClass(ClassLoader.java:379)
at java.lang.ClassLoader.loadClass(ClassLoader.java:312)
... 46 more
 java.lang.ClassNotFoundExceptionâjava.lang.NoClassDefFoundError: Failed resolution of: Lorg/hamcrest/Matchers;
at androidx.test.espresso.matcher.ViewMatchers.withId(ViewMatchers.java:1)
at com.shareconnect.automation.AccessibilityAutomationTest.testKeyboardNavigation(AccessibilityAutomationTest.kt:98)
... 43 trimmed
Caused by: java.lang.ClassNotFoundException: Didn't find class "org.hamcrest.Matchers" on path: DexPathList[[zip file "/system/framework/android.test.runner.jar", zip file "/system/framework/android.test.mock.jar", zip file "/system/framework/android.test.base.jar", zip file "/data/app/~~tgPGD1IvZyVihJ5WEriGpw==/com.shareconnect.test-KRYtWayfc-BAIa-BFJT_mw==/base.apk", zip file "/data/app/~~kWNn5P5i1VBCZAn7TalMSA==/com.shareconnect-NEp2ZttYEsfwFJQKiNDPXA==/base.apk"],nativeLibraryDirectories=[/data/app/~~tgPGD1IvZyVihJ5WEriGpw==/com.shareconnect.test-KRYtWayfc-BAIa-BFJT_mw==/lib/arm64, /data/app/~~kWNn5P5i1VBCZAn7TalMSA==/com.shareconnect-NEp2ZttYEsfwFJQKiNDPXA==/lib/arm64, /data/app/~~tgPGD1IvZyVihJ5WEriGpw==/com.shareconnect.test-KRYtWayfc-BAIa-BFJT_mw==/base.apk!/lib/arm64-v8a, /data/app/~~kWNn5P5i1VBCZAn7TalMSA==/com.shareconnect-NEp2ZttYEsfwFJQKiNDPXA==/base.apk!/lib/arm64-v8a, /system/lib64, /system_ext/lib64]]
at dalvik.system.BaseDexClassLoader.findClass(BaseDexClassLoader.java:259)
at java.lang.ClassLoader.loadClass(ClassLoader.java:379)
at java.lang.ClassLoader.loadClass(ClassLoader.java:312)
... 46 more
"ı

logcatandroidﬂ
‹/Volumes/T7/Projects/milos85vasic/ShareConnect/Application/build/outputs/androidTest-results/connected/debug/Pixel_7_Pro(AVD) - 13/logcat-com.shareconnect.automation.AccessibilityAutomationTest-testKeyboardNavigation.txt"Ø

device-infoandroidî
ë/Volumes/T7/Projects/milos85vasic/ShareConnect/Application/build/outputs/androidTest-results/connected/debug/Pixel_7_Pro(AVD) - 13/device-info.pb"∞

device-info.meminfoandroidç
ä/Volumes/T7/Projects/milos85vasic/ShareConnect/Application/build/outputs/androidTest-results/connected/debug/Pixel_7_Pro(AVD) - 13/meminfo"∞

device-info.cpuinfoandroidç
ä/Volumes/T7/Projects/milos85vasic/ShareConnect/Application/build/outputs/androidTest-results/connected/debug/Pixel_7_Pro(AVD) - 13/cpuinfo"ı

logcatandroidﬂ
‹/Volumes/T7/Projects/milos85vasic/ShareConnect/Application/build/outputs/androidTest-results/connected/debug/Pixel_7_Pro(AVD) - 13/logcat-com.shareconnect.automation.AccessibilityAutomationTest-testKeyboardNavigation.txt"Ø

device-infoandroidî
ë/Volumes/T7/Projects/milos85vasic/ShareConnect/Application/build/outputs/androidTest-results/connected/debug/Pixel_7_Pro(AVD) - 13/device-info.pb"∞

device-info.meminfoandroidç
ä/Volumes/T7/Projects/milos85vasic/ShareConnect/Application/build/outputs/androidTest-results/connected/debug/Pixel_7_Pro(AVD) - 13/meminfo"∞

device-info.cpuinfoandroidç
ä/Volumes/T7/Projects/milos85vasic/ShareConnect/Application/build/outputs/androidTest-results/connected/debug/Pixel_7_Pro(AVD) - 13/cpuinfo˝#
ã
AccessibilityAutomationTestcom.shareconnect.automationtestMinimumTouchTargetSize2õÓ ∆¿õÖ:†Ó ∆¿ﬁäÑB
emulator-5554primary¬
çjava.lang.NoClassDefFoundError: Failed resolution of: Lorg/hamcrest/Matchers;
at androidx.test.espresso.matcher.ViewMatchers.withId(ViewMatchers.java:1)
at com.shareconnect.automation.AccessibilityAutomationTest.testMinimumTouchTargetSize(AccessibilityAutomationTest.kt:60)
... 43 trimmed
Caused by: java.lang.ClassNotFoundException: Didn't find class "org.hamcrest.Matchers" on path: DexPathList[[zip file "/system/framework/android.test.runner.jar", zip file "/system/framework/android.test.mock.jar", zip file "/system/framework/android.test.base.jar", zip file "/data/app/~~tgPGD1IvZyVihJ5WEriGpw==/com.shareconnect.test-KRYtWayfc-BAIa-BFJT_mw==/base.apk", zip file "/data/app/~~kWNn5P5i1VBCZAn7TalMSA==/com.shareconnect-NEp2ZttYEsfwFJQKiNDPXA==/base.apk"],nativeLibraryDirectories=[/data/app/~~tgPGD1IvZyVihJ5WEriGpw==/com.shareconnect.test-KRYtWayfc-BAIa-BFJT_mw==/lib/arm64, /data/app/~~kWNn5P5i1VBCZAn7TalMSA==/com.shareconnect-NEp2ZttYEsfwFJQKiNDPXA==/lib/arm64, /data/app/~~tgPGD1IvZyVihJ5WEriGpw==/com.shareconnect.test-KRYtWayfc-BAIa-BFJT_mw==/base.apk!/lib/arm64-v8a, /data/app/~~kWNn5P5i1VBCZAn7TalMSA==/com.shareconnect-NEp2ZttYEsfwFJQKiNDPXA==/base.apk!/lib/arm64-v8a, /system/lib64, /system_ext/lib64]]
at dalvik.system.BaseDexClassLoader.findClass(BaseDexClassLoader.java:259)
at java.lang.ClassLoader.loadClass(ClassLoader.java:379)
at java.lang.ClassLoader.loadClass(ClassLoader.java:312)
... 46 more
 java.lang.ClassNotFoundExceptionçjava.lang.NoClassDefFoundError: Failed resolution of: Lorg/hamcrest/Matchers;
at androidx.test.espresso.matcher.ViewMatchers.withId(ViewMatchers.java:1)
at com.shareconnect.automation.AccessibilityAutomationTest.testMinimumTouchTargetSize(AccessibilityAutomationTest.kt:60)
... 43 trimmed
Caused by: java.lang.ClassNotFoundException: Didn't find class "org.hamcrest.Matchers" on path: DexPathList[[zip file "/system/framework/android.test.runner.jar", zip file "/system/framework/android.test.mock.jar", zip file "/system/framework/android.test.base.jar", zip file "/data/app/~~tgPGD1IvZyVihJ5WEriGpw==/com.shareconnect.test-KRYtWayfc-BAIa-BFJT_mw==/base.apk", zip file "/data/app/~~kWNn5P5i1VBCZAn7TalMSA==/com.shareconnect-NEp2ZttYEsfwFJQKiNDPXA==/base.apk"],nativeLibraryDirectories=[/data/app/~~tgPGD1IvZyVihJ5WEriGpw==/com.shareconnect.test-KRYtWayfc-BAIa-BFJT_mw==/lib/arm64, /data/app/~~kWNn5P5i1VBCZAn7TalMSA==/com.shareconnect-NEp2ZttYEsfwFJQKiNDPXA==/lib/arm64, /data/app/~~tgPGD1IvZyVihJ5WEriGpw==/com.shareconnect.test-KRYtWayfc-BAIa-BFJT_mw==/base.apk!/lib/arm64-v8a, /data/app/~~kWNn5P5i1VBCZAn7TalMSA==/com.shareconnect-NEp2ZttYEsfwFJQKiNDPXA==/base.apk!/lib/arm64-v8a, /system/lib64, /system_ext/lib64]]
at dalvik.system.BaseDexClassLoader.findClass(BaseDexClassLoader.java:259)
at java.lang.ClassLoader.loadClass(ClassLoader.java:379)
at java.lang.ClassLoader.loadClass(ClassLoader.java:312)
... 46 more
"˘

logcatandroid„
‡/Volumes/T7/Projects/milos85vasic/ShareConnect/Application/build/outputs/androidTest-results/connected/debug/Pixel_7_Pro(AVD) - 13/logcat-com.shareconnect.automation.AccessibilityAutomationTest-testMinimumTouchTargetSize.txt"Ø

device-infoandroidî
ë/Volumes/T7/Projects/milos85vasic/ShareConnect/Application/build/outputs/androidTest-results/connected/debug/Pixel_7_Pro(AVD) - 13/device-info.pb"∞

device-info.meminfoandroidç
ä/Volumes/T7/Projects/milos85vasic/ShareConnect/Application/build/outputs/androidTest-results/connected/debug/Pixel_7_Pro(AVD) - 13/meminfo"∞

device-info.cpuinfoandroidç
ä/Volumes/T7/Projects/milos85vasic/ShareConnect/Application/build/outputs/androidTest-results/connected/debug/Pixel_7_Pro(AVD) - 13/cpuinfo"˘

logcatandroid„
‡/Volumes/T7/Projects/milos85vasic/ShareConnect/Application/build/outputs/androidTest-results/connected/debug/Pixel_7_Pro(AVD) - 13/logcat-com.shareconnect.automation.AccessibilityAutomationTest-testMinimumTouchTargetSize.txt"Ø

device-infoandroidî
ë/Volumes/T7/Projects/milos85vasic/ShareConnect/Application/build/outputs/androidTest-results/connected/debug/Pixel_7_Pro(AVD) - 13/device-info.pb"∞

device-info.meminfoandroidç
ä/Volumes/T7/Projects/milos85vasic/ShareConnect/Application/build/outputs/androidTest-results/connected/debug/Pixel_7_Pro(AVD) - 13/meminfo"∞

device-info.cpuinfoandroidç
ä/Volumes/T7/Projects/milos85vasic/ShareConnect/Application/build/outputs/androidTest-results/connected/debug/Pixel_7_Pro(AVD) - 13/cpuinfo#
à
AccessibilityAutomationTestcom.shareconnect.automationtestScreenReaderSupport2†Ó ∆ÄﬁÖ›:¶Ó ∆¿ñ±B
emulator-5554primaryæ
ãjava.lang.NoClassDefFoundError: Failed resolution of: Lorg/hamcrest/Matchers;
at androidx.test.espresso.matcher.ViewMatchers.withId(ViewMatchers.java:1)
at com.shareconnect.automation.AccessibilityAutomationTest.testScreenReaderSupport(AccessibilityAutomationTest.kt:115)
... 43 trimmed
Caused by: java.lang.ClassNotFoundException: Didn't find class "org.hamcrest.Matchers" on path: DexPathList[[zip file "/system/framework/android.test.runner.jar", zip file "/system/framework/android.test.mock.jar", zip file "/system/framework/android.test.base.jar", zip file "/data/app/~~tgPGD1IvZyVihJ5WEriGpw==/com.shareconnect.test-KRYtWayfc-BAIa-BFJT_mw==/base.apk", zip file "/data/app/~~kWNn5P5i1VBCZAn7TalMSA==/com.shareconnect-NEp2ZttYEsfwFJQKiNDPXA==/base.apk"],nativeLibraryDirectories=[/data/app/~~tgPGD1IvZyVihJ5WEriGpw==/com.shareconnect.test-KRYtWayfc-BAIa-BFJT_mw==/lib/arm64, /data/app/~~kWNn5P5i1VBCZAn7TalMSA==/com.shareconnect-NEp2ZttYEsfwFJQKiNDPXA==/lib/arm64, /data/app/~~tgPGD1IvZyVihJ5WEriGpw==/com.shareconnect.test-KRYtWayfc-BAIa-BFJT_mw==/base.apk!/lib/arm64-v8a, /data/app/~~kWNn5P5i1VBCZAn7TalMSA==/com.shareconnect-NEp2ZttYEsfwFJQKiNDPXA==/base.apk!/lib/arm64-v8a, /system/lib64, /system_ext/lib64]]
at dalvik.system.BaseDexClassLoader.findClass(BaseDexClassLoader.java:259)
at java.lang.ClassLoader.loadClass(ClassLoader.java:379)
at java.lang.ClassLoader.loadClass(ClassLoader.java:312)
... 46 more
 java.lang.ClassNotFoundExceptionãjava.lang.NoClassDefFoundError: Failed resolution of: Lorg/hamcrest/Matchers;
at androidx.test.espresso.matcher.ViewMatchers.withId(ViewMatchers.java:1)
at com.shareconnect.automation.AccessibilityAutomationTest.testScreenReaderSupport(AccessibilityAutomationTest.kt:115)
... 43 trimmed
Caused by: java.lang.ClassNotFoundException: Didn't find class "org.hamcrest.Matchers" on path: DexPathList[[zip file "/system/framework/android.test.runner.jar", zip file "/system/framework/android.test.mock.jar", zip file "/system/framework/android.test.base.jar", zip file "/data/app/~~tgPGD1IvZyVihJ5WEriGpw==/com.shareconnect.test-KRYtWayfc-BAIa-BFJT_mw==/base.apk", zip file "/data/app/~~kWNn5P5i1VBCZAn7TalMSA==/com.shareconnect-NEp2ZttYEsfwFJQKiNDPXA==/base.apk"],nativeLibraryDirectories=[/data/app/~~tgPGD1IvZyVihJ5WEriGpw==/com.shareconnect.test-KRYtWayfc-BAIa-BFJT_mw==/lib/arm64, /data/app/~~kWNn5P5i1VBCZAn7TalMSA==/com.shareconnect-NEp2ZttYEsfwFJQKiNDPXA==/lib/arm64, /data/app/~~tgPGD1IvZyVihJ5WEriGpw==/com.shareconnect.test-KRYtWayfc-BAIa-BFJT_mw==/base.apk!/lib/arm64-v8a, /data/app/~~kWNn5P5i1VBCZAn7TalMSA==/com.shareconnect-NEp2ZttYEsfwFJQKiNDPXA==/base.apk!/lib/arm64-v8a, /system/lib64, /system_ext/lib64]]
at dalvik.system.BaseDexClassLoader.findClass(BaseDexClassLoader.java:259)
at java.lang.ClassLoader.loadClass(ClassLoader.java:379)
at java.lang.ClassLoader.loadClass(ClassLoader.java:312)
... 46 more
"ˆ

logcatandroid‡
›/Volumes/T7/Projects/milos85vasic/ShareConnect/Application/build/outputs/androidTest-results/connected/debug/Pixel_7_Pro(AVD) - 13/logcat-com.shareconnect.automation.AccessibilityAutomationTest-testScreenReaderSupport.txt"Ø

device-infoandroidî
ë/Volumes/T7/Projects/milos85vasic/ShareConnect/Application/build/outputs/androidTest-results/connected/debug/Pixel_7_Pro(AVD) - 13/device-info.pb"∞

device-info.meminfoandroidç
ä/Volumes/T7/Projects/milos85vasic/ShareConnect/Application/build/outputs/androidTest-results/connected/debug/Pixel_7_Pro(AVD) - 13/meminfo"∞

device-info.cpuinfoandroidç
ä/Volumes/T7/Projects/milos85vasic/ShareConnect/Application/build/outputs/androidTest-results/connected/debug/Pixel_7_Pro(AVD) - 13/cpuinfo"ˆ

logcatandroid‡
›/Volumes/T7/Projects/milos85vasic/ShareConnect/Application/build/outputs/androidTest-results/connected/debug/Pixel_7_Pro(AVD) - 13/logcat-com.shareconnect.automation.AccessibilityAutomationTest-testScreenReaderSupport.txt"Ø

device-infoandroidî
ë/Volumes/T7/Projects/milos85vasic/ShareConnect/Application/build/outputs/androidTest-results/connected/debug/Pixel_7_Pro(AVD) - 13/device-info.pb"∞

device-info.meminfoandroidç
ä/Volumes/T7/Projects/milos85vasic/ShareConnect/Application/build/outputs/androidTest-results/connected/debug/Pixel_7_Pro(AVD) - 13/meminfo"∞

device-info.cpuinfoandroidç
ä/Volumes/T7/Projects/milos85vasic/ShareConnect/Application/build/outputs/androidTest-results/connected/debug/Pixel_7_Pro(AVD) - 13/cpuinfoƒ#
Ä
FullAppFlowAutomationTestcom.shareconnect.automationtestAppStressTest2’Ì ∆¿Î≈ÿ:€Ì ∆¿Ú—xB
emulator-5554primary™
Åjava.lang.NoClassDefFoundError: Failed resolution of: Lorg/hamcrest/Matchers;
at androidx.test.espresso.matcher.ViewMatchers.withId(ViewMatchers.java:1)
at com.shareconnect.automation.FullAppFlowAutomationTest.testAppStressTest(FullAppFlowAutomationTest.kt:269)
... 43 trimmed
Caused by: java.lang.ClassNotFoundException: Didn't find class "org.hamcrest.Matchers" on path: DexPathList[[zip file "/system/framework/android.test.runner.jar", zip file "/system/framework/android.test.mock.jar", zip file "/system/framework/android.test.base.jar", zip file "/data/app/~~tgPGD1IvZyVihJ5WEriGpw==/com.shareconnect.test-KRYtWayfc-BAIa-BFJT_mw==/base.apk", zip file "/data/app/~~kWNn5P5i1VBCZAn7TalMSA==/com.shareconnect-NEp2ZttYEsfwFJQKiNDPXA==/base.apk"],nativeLibraryDirectories=[/data/app/~~tgPGD1IvZyVihJ5WEriGpw==/com.shareconnect.test-KRYtWayfc-BAIa-BFJT_mw==/lib/arm64, /data/app/~~kWNn5P5i1VBCZAn7TalMSA==/com.shareconnect-NEp2ZttYEsfwFJQKiNDPXA==/lib/arm64, /data/app/~~tgPGD1IvZyVihJ5WEriGpw==/com.shareconnect.test-KRYtWayfc-BAIa-BFJT_mw==/base.apk!/lib/arm64-v8a, /data/app/~~kWNn5P5i1VBCZAn7TalMSA==/com.shareconnect-NEp2ZttYEsfwFJQKiNDPXA==/base.apk!/lib/arm64-v8a, /system/lib64, /system_ext/lib64]]
at dalvik.system.BaseDexClassLoader.findClass(BaseDexClassLoader.java:259)
at java.lang.ClassLoader.loadClass(ClassLoader.java:379)
at java.lang.ClassLoader.loadClass(ClassLoader.java:312)
... 46 more
 java.lang.ClassNotFoundExceptionÅjava.lang.NoClassDefFoundError: Failed resolution of: Lorg/hamcrest/Matchers;
at androidx.test.espresso.matcher.ViewMatchers.withId(ViewMatchers.java:1)
at com.shareconnect.automation.FullAppFlowAutomationTest.testAppStressTest(FullAppFlowAutomationTest.kt:269)
... 43 trimmed
Caused by: java.lang.ClassNotFoundException: Didn't find class "org.hamcrest.Matchers" on path: DexPathList[[zip file "/system/framework/android.test.runner.jar", zip file "/system/framework/android.test.mock.jar", zip file "/system/framework/android.test.base.jar", zip file "/data/app/~~tgPGD1IvZyVihJ5WEriGpw==/com.shareconnect.test-KRYtWayfc-BAIa-BFJT_mw==/base.apk", zip file "/data/app/~~kWNn5P5i1VBCZAn7TalMSA==/com.shareconnect-NEp2ZttYEsfwFJQKiNDPXA==/base.apk"],nativeLibraryDirectories=[/data/app/~~tgPGD1IvZyVihJ5WEriGpw==/com.shareconnect.test-KRYtWayfc-BAIa-BFJT_mw==/lib/arm64, /data/app/~~kWNn5P5i1VBCZAn7TalMSA==/com.shareconnect-NEp2ZttYEsfwFJQKiNDPXA==/lib/arm64, /data/app/~~tgPGD1IvZyVihJ5WEriGpw==/com.shareconnect.test-KRYtWayfc-BAIa-BFJT_mw==/base.apk!/lib/arm64-v8a, /data/app/~~kWNn5P5i1VBCZAn7TalMSA==/com.shareconnect-NEp2ZttYEsfwFJQKiNDPXA==/base.apk!/lib/arm64-v8a, /system/lib64, /system_ext/lib64]]
at dalvik.system.BaseDexClassLoader.findClass(BaseDexClassLoader.java:259)
at java.lang.ClassLoader.loadClass(ClassLoader.java:379)
at java.lang.ClassLoader.loadClass(ClassLoader.java:312)
... 46 more
"Ó

logcatandroidÿ
’/Volumes/T7/Projects/milos85vasic/ShareConnect/Application/build/outputs/androidTest-results/connected/debug/Pixel_7_Pro(AVD) - 13/logcat-com.shareconnect.automation.FullAppFlowAutomationTest-testAppStressTest.txt"Ø

device-infoandroidî
ë/Volumes/T7/Projects/milos85vasic/ShareConnect/Application/build/outputs/androidTest-results/connected/debug/Pixel_7_Pro(AVD) - 13/device-info.pb"∞

device-info.meminfoandroidç
ä/Volumes/T7/Projects/milos85vasic/ShareConnect/Application/build/outputs/androidTest-results/connected/debug/Pixel_7_Pro(AVD) - 13/meminfo"∞

device-info.cpuinfoandroidç
ä/Volumes/T7/Projects/milos85vasic/ShareConnect/Application/build/outputs/androidTest-results/connected/debug/Pixel_7_Pro(AVD) - 13/cpuinfo"Ó

logcatandroidÿ
’/Volumes/T7/Projects/milos85vasic/ShareConnect/Application/build/outputs/androidTest-results/connected/debug/Pixel_7_Pro(AVD) - 13/logcat-com.shareconnect.automation.FullAppFlowAutomationTest-testAppStressTest.txt"Ø

device-infoandroidî
ë/Volumes/T7/Projects/milos85vasic/ShareConnect/Application/build/outputs/androidTest-results/connected/debug/Pixel_7_Pro(AVD) - 13/device-info.pb"∞

device-info.meminfoandroidç
ä/Volumes/T7/Projects/milos85vasic/ShareConnect/Application/build/outputs/androidTest-results/connected/debug/Pixel_7_Pro(AVD) - 13/meminfo"∞

device-info.cpuinfoandroidç
ä/Volumes/T7/Projects/milos85vasic/ShareConnect/Application/build/outputs/androidTest-results/connected/debug/Pixel_7_Pro(AVD) - 13/cpuinfoî$
ê
FullAppFlowAutomationTestcom.shareconnect.automation!testCompleteProfileManagementFlow2€Ì ∆ÄØ–Â:·Ì ∆ÄûÔ+B
emulator-5554primary 
ëjava.lang.NoClassDefFoundError: Failed resolution of: Lorg/hamcrest/Matchers;
at androidx.test.espresso.matcher.ViewMatchers.withId(ViewMatchers.java:1)
at com.shareconnect.automation.FullAppFlowAutomationTest.testCompleteProfileManagementFlow(FullAppFlowAutomationTest.kt:117)
... 43 trimmed
Caused by: java.lang.ClassNotFoundException: Didn't find class "org.hamcrest.Matchers" on path: DexPathList[[zip file "/system/framework/android.test.runner.jar", zip file "/system/framework/android.test.mock.jar", zip file "/system/framework/android.test.base.jar", zip file "/data/app/~~tgPGD1IvZyVihJ5WEriGpw==/com.shareconnect.test-KRYtWayfc-BAIa-BFJT_mw==/base.apk", zip file "/data/app/~~kWNn5P5i1VBCZAn7TalMSA==/com.shareconnect-NEp2ZttYEsfwFJQKiNDPXA==/base.apk"],nativeLibraryDirectories=[/data/app/~~tgPGD1IvZyVihJ5WEriGpw==/com.shareconnect.test-KRYtWayfc-BAIa-BFJT_mw==/lib/arm64, /data/app/~~kWNn5P5i1VBCZAn7TalMSA==/com.shareconnect-NEp2ZttYEsfwFJQKiNDPXA==/lib/arm64, /data/app/~~tgPGD1IvZyVihJ5WEriGpw==/com.shareconnect.test-KRYtWayfc-BAIa-BFJT_mw==/base.apk!/lib/arm64-v8a, /data/app/~~kWNn5P5i1VBCZAn7TalMSA==/com.shareconnect-NEp2ZttYEsfwFJQKiNDPXA==/base.apk!/lib/arm64-v8a, /system/lib64, /system_ext/lib64]]
at dalvik.system.BaseDexClassLoader.findClass(BaseDexClassLoader.java:259)
at java.lang.ClassLoader.loadClass(ClassLoader.java:379)
at java.lang.ClassLoader.loadClass(ClassLoader.java:312)
... 46 more
 java.lang.ClassNotFoundExceptionëjava.lang.NoClassDefFoundError: Failed resolution of: Lorg/hamcrest/Matchers;
at androidx.test.espresso.matcher.ViewMatchers.withId(ViewMatchers.java:1)
at com.shareconnect.automation.FullAppFlowAutomationTest.testCompleteProfileManagementFlow(FullAppFlowAutomationTest.kt:117)
... 43 trimmed
Caused by: java.lang.ClassNotFoundException: Didn't find class "org.hamcrest.Matchers" on path: DexPathList[[zip file "/system/framework/android.test.runner.jar", zip file "/system/framework/android.test.mock.jar", zip file "/system/framework/android.test.base.jar", zip file "/data/app/~~tgPGD1IvZyVihJ5WEriGpw==/com.shareconnect.test-KRYtWayfc-BAIa-BFJT_mw==/base.apk", zip file "/data/app/~~kWNn5P5i1VBCZAn7TalMSA==/com.shareconnect-NEp2ZttYEsfwFJQKiNDPXA==/base.apk"],nativeLibraryDirectories=[/data/app/~~tgPGD1IvZyVihJ5WEriGpw==/com.shareconnect.test-KRYtWayfc-BAIa-BFJT_mw==/lib/arm64, /data/app/~~kWNn5P5i1VBCZAn7TalMSA==/com.shareconnect-NEp2ZttYEsfwFJQKiNDPXA==/lib/arm64, /data/app/~~tgPGD1IvZyVihJ5WEriGpw==/com.shareconnect.test-KRYtWayfc-BAIa-BFJT_mw==/base.apk!/lib/arm64-v8a, /data/app/~~kWNn5P5i1VBCZAn7TalMSA==/com.shareconnect-NEp2ZttYEsfwFJQKiNDPXA==/base.apk!/lib/arm64-v8a, /system/lib64, /system_ext/lib64]]
at dalvik.system.BaseDexClassLoader.findClass(BaseDexClassLoader.java:259)
at java.lang.ClassLoader.loadClass(ClassLoader.java:379)
at java.lang.ClassLoader.loadClass(ClassLoader.java:312)
... 46 more
"˛

logcatandroidË
Â/Volumes/T7/Projects/milos85vasic/ShareConnect/Application/build/outputs/androidTest-results/connected/debug/Pixel_7_Pro(AVD) - 13/logcat-com.shareconnect.automation.FullAppFlowAutomationTest-testCompleteProfileManagementFlow.txt"Ø

device-infoandroidî
ë/Volumes/T7/Projects/milos85vasic/ShareConnect/Application/build/outputs/androidTest-results/connected/debug/Pixel_7_Pro(AVD) - 13/device-info.pb"∞

device-info.meminfoandroidç
ä/Volumes/T7/Projects/milos85vasic/ShareConnect/Application/build/outputs/androidTest-results/connected/debug/Pixel_7_Pro(AVD) - 13/meminfo"∞

device-info.cpuinfoandroidç
ä/Volumes/T7/Projects/milos85vasic/ShareConnect/Application/build/outputs/androidTest-results/connected/debug/Pixel_7_Pro(AVD) - 13/cpuinfo"˛

logcatandroidË
Â/Volumes/T7/Projects/milos85vasic/ShareConnect/Application/build/outputs/androidTest-results/connected/debug/Pixel_7_Pro(AVD) - 13/logcat-com.shareconnect.automation.FullAppFlowAutomationTest-testCompleteProfileManagementFlow.txt"Ø

device-infoandroidî
ë/Volumes/T7/Projects/milos85vasic/ShareConnect/Application/build/outputs/androidTest-results/connected/debug/Pixel_7_Pro(AVD) - 13/device-info.pb"∞

device-info.meminfoandroidç
ä/Volumes/T7/Projects/milos85vasic/ShareConnect/Application/build/outputs/androidTest-results/connected/debug/Pixel_7_Pro(AVD) - 13/meminfo"∞

device-info.cpuinfoandroidç
ä/Volumes/T7/Projects/milos85vasic/ShareConnect/Application/build/outputs/androidTest-results/connected/debug/Pixel_7_Pro(AVD) - 13/cpuinfoÊ#
à
FullAppFlowAutomationTestcom.shareconnect.automationtestCompleteFirstRunFlow2·Ì ∆ÄÖÊè:ÊÌ ∆¿‹…ÖB
emulator-5554primary∂
ájava.lang.NoClassDefFoundError: Failed resolution of: Lorg/hamcrest/Matchers;
at androidx.test.espresso.matcher.ViewMatchers.withId(ViewMatchers.java:1)
at com.shareconnect.automation.FullAppFlowAutomationTest.testCompleteFirstRunFlow(FullAppFlowAutomationTest.kt:40)
... 43 trimmed
Caused by: java.lang.ClassNotFoundException: Didn't find class "org.hamcrest.Matchers" on path: DexPathList[[zip file "/system/framework/android.test.runner.jar", zip file "/system/framework/android.test.mock.jar", zip file "/system/framework/android.test.base.jar", zip file "/data/app/~~tgPGD1IvZyVihJ5WEriGpw==/com.shareconnect.test-KRYtWayfc-BAIa-BFJT_mw==/base.apk", zip file "/data/app/~~kWNn5P5i1VBCZAn7TalMSA==/com.shareconnect-NEp2ZttYEsfwFJQKiNDPXA==/base.apk"],nativeLibraryDirectories=[/data/app/~~tgPGD1IvZyVihJ5WEriGpw==/com.shareconnect.test-KRYtWayfc-BAIa-BFJT_mw==/lib/arm64, /data/app/~~kWNn5P5i1VBCZAn7TalMSA==/com.shareconnect-NEp2ZttYEsfwFJQKiNDPXA==/lib/arm64, /data/app/~~tgPGD1IvZyVihJ5WEriGpw==/com.shareconnect.test-KRYtWayfc-BAIa-BFJT_mw==/base.apk!/lib/arm64-v8a, /data/app/~~kWNn5P5i1VBCZAn7TalMSA==/com.shareconnect-NEp2ZttYEsfwFJQKiNDPXA==/base.apk!/lib/arm64-v8a, /system/lib64, /system_ext/lib64]]
at dalvik.system.BaseDexClassLoader.findClass(BaseDexClassLoader.java:259)
at java.lang.ClassLoader.loadClass(ClassLoader.java:379)
at java.lang.ClassLoader.loadClass(ClassLoader.java:312)
... 46 more
 java.lang.ClassNotFoundExceptionájava.lang.NoClassDefFoundError: Failed resolution of: Lorg/hamcrest/Matchers;
at androidx.test.espresso.matcher.ViewMatchers.withId(ViewMatchers.java:1)
at com.shareconnect.automation.FullAppFlowAutomationTest.testCompleteFirstRunFlow(FullAppFlowAutomationTest.kt:40)
... 43 trimmed
Caused by: java.lang.ClassNotFoundException: Didn't find class "org.hamcrest.Matchers" on path: DexPathList[[zip file "/system/framework/android.test.runner.jar", zip file "/system/framework/android.test.mock.jar", zip file "/system/framework/android.test.base.jar", zip file "/data/app/~~tgPGD1IvZyVihJ5WEriGpw==/com.shareconnect.test-KRYtWayfc-BAIa-BFJT_mw==/base.apk", zip file "/data/app/~~kWNn5P5i1VBCZAn7TalMSA==/com.shareconnect-NEp2ZttYEsfwFJQKiNDPXA==/base.apk"],nativeLibraryDirectories=[/data/app/~~tgPGD1IvZyVihJ5WEriGpw==/com.shareconnect.test-KRYtWayfc-BAIa-BFJT_mw==/lib/arm64, /data/app/~~kWNn5P5i1VBCZAn7TalMSA==/com.shareconnect-NEp2ZttYEsfwFJQKiNDPXA==/lib/arm64, /data/app/~~tgPGD1IvZyVihJ5WEriGpw==/com.shareconnect.test-KRYtWayfc-BAIa-BFJT_mw==/base.apk!/lib/arm64-v8a, /data/app/~~kWNn5P5i1VBCZAn7TalMSA==/com.shareconnect-NEp2ZttYEsfwFJQKiNDPXA==/base.apk!/lib/arm64-v8a, /system/lib64, /system_ext/lib64]]
at dalvik.system.BaseDexClassLoader.findClass(BaseDexClassLoader.java:259)
at java.lang.ClassLoader.loadClass(ClassLoader.java:379)
at java.lang.ClassLoader.loadClass(ClassLoader.java:312)
... 46 more
"ı

logcatandroidﬂ
‹/Volumes/T7/Projects/milos85vasic/ShareConnect/Application/build/outputs/androidTest-results/connected/debug/Pixel_7_Pro(AVD) - 13/logcat-com.shareconnect.automation.FullAppFlowAutomationTest-testCompleteFirstRunFlow.txt"Ø

device-infoandroidî
ë/Volumes/T7/Projects/milos85vasic/ShareConnect/Application/build/outputs/androidTest-results/connected/debug/Pixel_7_Pro(AVD) - 13/device-info.pb"∞

device-info.meminfoandroidç
ä/Volumes/T7/Projects/milos85vasic/ShareConnect/Application/build/outputs/androidTest-results/connected/debug/Pixel_7_Pro(AVD) - 13/meminfo"∞

device-info.cpuinfoandroidç
ä/Volumes/T7/Projects/milos85vasic/ShareConnect/Application/build/outputs/androidTest-results/connected/debug/Pixel_7_Pro(AVD) - 13/cpuinfo"ı

logcatandroidﬂ
‹/Volumes/T7/Projects/milos85vasic/ShareConnect/Application/build/outputs/androidTest-results/connected/debug/Pixel_7_Pro(AVD) - 13/logcat-com.shareconnect.automation.FullAppFlowAutomationTest-testCompleteFirstRunFlow.txt"Ø

device-infoandroidî
ë/Volumes/T7/Projects/milos85vasic/ShareConnect/Application/build/outputs/androidTest-results/connected/debug/Pixel_7_Pro(AVD) - 13/device-info.pb"∞

device-info.meminfoandroidç
ä/Volumes/T7/Projects/milos85vasic/ShareConnect/Application/build/outputs/androidTest-results/connected/debug/Pixel_7_Pro(AVD) - 13/meminfo"∞

device-info.cpuinfoandroidç
ä/Volumes/T7/Projects/milos85vasic/ShareConnect/Application/build/outputs/androidTest-results/connected/debug/Pixel_7_Pro(AVD) - 13/cpuinfoÙ#
ä
FullAppFlowAutomationTestcom.shareconnect.automationtestCompleteThemeChangeFlow2ÁÌ ∆Ä§Ò}:ÏÌ ∆ÄõÄ˜B
emulator-5554primaryº
äjava.lang.NoClassDefFoundError: Failed resolution of: Lorg/hamcrest/Matchers;
at androidx.test.espresso.matcher.ViewMatchers.withId(ViewMatchers.java:1)
at com.shareconnect.automation.FullAppFlowAutomationTest.testCompleteThemeChangeFlow(FullAppFlowAutomationTest.kt:78)
... 43 trimmed
Caused by: java.lang.ClassNotFoundException: Didn't find class "org.hamcrest.Matchers" on path: DexPathList[[zip file "/system/framework/android.test.runner.jar", zip file "/system/framework/android.test.mock.jar", zip file "/system/framework/android.test.base.jar", zip file "/data/app/~~tgPGD1IvZyVihJ5WEriGpw==/com.shareconnect.test-KRYtWayfc-BAIa-BFJT_mw==/base.apk", zip file "/data/app/~~kWNn5P5i1VBCZAn7TalMSA==/com.shareconnect-NEp2ZttYEsfwFJQKiNDPXA==/base.apk"],nativeLibraryDirectories=[/data/app/~~tgPGD1IvZyVihJ5WEriGpw==/com.shareconnect.test-KRYtWayfc-BAIa-BFJT_mw==/lib/arm64, /data/app/~~kWNn5P5i1VBCZAn7TalMSA==/com.shareconnect-NEp2ZttYEsfwFJQKiNDPXA==/lib/arm64, /data/app/~~tgPGD1IvZyVihJ5WEriGpw==/com.shareconnect.test-KRYtWayfc-BAIa-BFJT_mw==/base.apk!/lib/arm64-v8a, /data/app/~~kWNn5P5i1VBCZAn7TalMSA==/com.shareconnect-NEp2ZttYEsfwFJQKiNDPXA==/base.apk!/lib/arm64-v8a, /system/lib64, /system_ext/lib64]]
at dalvik.system.BaseDexClassLoader.findClass(BaseDexClassLoader.java:259)
at java.lang.ClassLoader.loadClass(ClassLoader.java:379)
at java.lang.ClassLoader.loadClass(ClassLoader.java:312)
... 46 more
 java.lang.ClassNotFoundExceptionäjava.lang.NoClassDefFoundError: Failed resolution of: Lorg/hamcrest/Matchers;
at androidx.test.espresso.matcher.ViewMatchers.withId(ViewMatchers.java:1)
at com.shareconnect.automation.FullAppFlowAutomationTest.testCompleteThemeChangeFlow(FullAppFlowAutomationTest.kt:78)
... 43 trimmed
Caused by: java.lang.ClassNotFoundException: Didn't find class "org.hamcrest.Matchers" on path: DexPathList[[zip file "/system/framework/android.test.runner.jar", zip file "/system/framework/android.test.mock.jar", zip file "/system/framework/android.test.base.jar", zip file "/data/app/~~tgPGD1IvZyVihJ5WEriGpw==/com.shareconnect.test-KRYtWayfc-BAIa-BFJT_mw==/base.apk", zip file "/data/app/~~kWNn5P5i1VBCZAn7TalMSA==/com.shareconnect-NEp2ZttYEsfwFJQKiNDPXA==/base.apk"],nativeLibraryDirectories=[/data/app/~~tgPGD1IvZyVihJ5WEriGpw==/com.shareconnect.test-KRYtWayfc-BAIa-BFJT_mw==/lib/arm64, /data/app/~~kWNn5P5i1VBCZAn7TalMSA==/com.shareconnect-NEp2ZttYEsfwFJQKiNDPXA==/lib/arm64, /data/app/~~tgPGD1IvZyVihJ5WEriGpw==/com.shareconnect.test-KRYtWayfc-BAIa-BFJT_mw==/base.apk!/lib/arm64-v8a, /data/app/~~kWNn5P5i1VBCZAn7TalMSA==/com.shareconnect-NEp2ZttYEsfwFJQKiNDPXA==/base.apk!/lib/arm64-v8a, /system/lib64, /system_ext/lib64]]
at dalvik.system.BaseDexClassLoader.findClass(BaseDexClassLoader.java:259)
at java.lang.ClassLoader.loadClass(ClassLoader.java:379)
at java.lang.ClassLoader.loadClass(ClassLoader.java:312)
... 46 more
"¯

logcatandroid‚
ﬂ/Volumes/T7/Projects/milos85vasic/ShareConnect/Application/build/outputs/androidTest-results/connected/debug/Pixel_7_Pro(AVD) - 13/logcat-com.shareconnect.automation.FullAppFlowAutomationTest-testCompleteThemeChangeFlow.txt"Ø

device-infoandroidî
ë/Volumes/T7/Projects/milos85vasic/ShareConnect/Application/build/outputs/androidTest-results/connected/debug/Pixel_7_Pro(AVD) - 13/device-info.pb"∞

device-info.meminfoandroidç
ä/Volumes/T7/Projects/milos85vasic/ShareConnect/Application/build/outputs/androidTest-results/connected/debug/Pixel_7_Pro(AVD) - 13/meminfo"∞

device-info.cpuinfoandroidç
ä/Volumes/T7/Projects/milos85vasic/ShareConnect/Application/build/outputs/androidTest-results/connected/debug/Pixel_7_Pro(AVD) - 13/cpuinfo"¯

logcatandroid‚
ﬂ/Volumes/T7/Projects/milos85vasic/ShareConnect/Application/build/outputs/androidTest-results/connected/debug/Pixel_7_Pro(AVD) - 13/logcat-com.shareconnect.automation.FullAppFlowAutomationTest-testCompleteThemeChangeFlow.txt"Ø

device-infoandroidî
ë/Volumes/T7/Projects/milos85vasic/ShareConnect/Application/build/outputs/androidTest-results/connected/debug/Pixel_7_Pro(AVD) - 13/device-info.pb"∞

device-info.meminfoandroidç
ä/Volumes/T7/Projects/milos85vasic/ShareConnect/Application/build/outputs/androidTest-results/connected/debug/Pixel_7_Pro(AVD) - 13/meminfo"∞

device-info.cpuinfoandroidç
ä/Volumes/T7/Projects/milos85vasic/ShareConnect/Application/build/outputs/androidTest-results/connected/debug/Pixel_7_Pro(AVD) - 13/cpuinfo„#
á
FullAppFlowAutomationTestcom.shareconnect.automationtestCompleteHistoryFlow2ÏÌ ∆Ä’î÷:ÚÌ ∆¿Ë≤ªB
emulator-5554primary∂
ájava.lang.NoClassDefFoundError: Failed resolution of: Lorg/hamcrest/Matchers;
at androidx.test.espresso.matcher.ViewMatchers.withId(ViewMatchers.java:1)
at com.shareconnect.automation.FullAppFlowAutomationTest.testCompleteHistoryFlow(FullAppFlowAutomationTest.kt:161)
... 43 trimmed
Caused by: java.lang.ClassNotFoundException: Didn't find class "org.hamcrest.Matchers" on path: DexPathList[[zip file "/system/framework/android.test.runner.jar", zip file "/system/framework/android.test.mock.jar", zip file "/system/framework/android.test.base.jar", zip file "/data/app/~~tgPGD1IvZyVihJ5WEriGpw==/com.shareconnect.test-KRYtWayfc-BAIa-BFJT_mw==/base.apk", zip file "/data/app/~~kWNn5P5i1VBCZAn7TalMSA==/com.shareconnect-NEp2ZttYEsfwFJQKiNDPXA==/base.apk"],nativeLibraryDirectories=[/data/app/~~tgPGD1IvZyVihJ5WEriGpw==/com.shareconnect.test-KRYtWayfc-BAIa-BFJT_mw==/lib/arm64, /data/app/~~kWNn5P5i1VBCZAn7TalMSA==/com.shareconnect-NEp2ZttYEsfwFJQKiNDPXA==/lib/arm64, /data/app/~~tgPGD1IvZyVihJ5WEriGpw==/com.shareconnect.test-KRYtWayfc-BAIa-BFJT_mw==/base.apk!/lib/arm64-v8a, /data/app/~~kWNn5P5i1VBCZAn7TalMSA==/com.shareconnect-NEp2ZttYEsfwFJQKiNDPXA==/base.apk!/lib/arm64-v8a, /system/lib64, /system_ext/lib64]]
at dalvik.system.BaseDexClassLoader.findClass(BaseDexClassLoader.java:259)
at java.lang.ClassLoader.loadClass(ClassLoader.java:379)
at java.lang.ClassLoader.loadClass(ClassLoader.java:312)
... 46 more
 java.lang.ClassNotFoundExceptionájava.lang.NoClassDefFoundError: Failed resolution of: Lorg/hamcrest/Matchers;
at androidx.test.espresso.matcher.ViewMatchers.withId(ViewMatchers.java:1)
at com.shareconnect.automation.FullAppFlowAutomationTest.testCompleteHistoryFlow(FullAppFlowAutomationTest.kt:161)
... 43 trimmed
Caused by: java.lang.ClassNotFoundException: Didn't find class "org.hamcrest.Matchers" on path: DexPathList[[zip file "/system/framework/android.test.runner.jar", zip file "/system/framework/android.test.mock.jar", zip file "/system/framework/android.test.base.jar", zip file "/data/app/~~tgPGD1IvZyVihJ5WEriGpw==/com.shareconnect.test-KRYtWayfc-BAIa-BFJT_mw==/base.apk", zip file "/data/app/~~kWNn5P5i1VBCZAn7TalMSA==/com.shareconnect-NEp2ZttYEsfwFJQKiNDPXA==/base.apk"],nativeLibraryDirectories=[/data/app/~~tgPGD1IvZyVihJ5WEriGpw==/com.shareconnect.test-KRYtWayfc-BAIa-BFJT_mw==/lib/arm64, /data/app/~~kWNn5P5i1VBCZAn7TalMSA==/com.shareconnect-NEp2ZttYEsfwFJQKiNDPXA==/lib/arm64, /data/app/~~tgPGD1IvZyVihJ5WEriGpw==/com.shareconnect.test-KRYtWayfc-BAIa-BFJT_mw==/base.apk!/lib/arm64-v8a, /data/app/~~kWNn5P5i1VBCZAn7TalMSA==/com.shareconnect-NEp2ZttYEsfwFJQKiNDPXA==/base.apk!/lib/arm64-v8a, /system/lib64, /system_ext/lib64]]
at dalvik.system.BaseDexClassLoader.findClass(BaseDexClassLoader.java:259)
at java.lang.ClassLoader.loadClass(ClassLoader.java:379)
at java.lang.ClassLoader.loadClass(ClassLoader.java:312)
... 46 more
"Ù

logcatandroidﬁ
€/Volumes/T7/Projects/milos85vasic/ShareConnect/Application/build/outputs/androidTest-results/connected/debug/Pixel_7_Pro(AVD) - 13/logcat-com.shareconnect.automation.FullAppFlowAutomationTest-testCompleteHistoryFlow.txt"Ø

device-infoandroidî
ë/Volumes/T7/Projects/milos85vasic/ShareConnect/Application/build/outputs/androidTest-results/connected/debug/Pixel_7_Pro(AVD) - 13/device-info.pb"∞

device-info.meminfoandroidç
ä/Volumes/T7/Projects/milos85vasic/ShareConnect/Application/build/outputs/androidTest-results/connected/debug/Pixel_7_Pro(AVD) - 13/meminfo"∞

device-info.cpuinfoandroidç
ä/Volumes/T7/Projects/milos85vasic/ShareConnect/Application/build/outputs/androidTest-results/connected/debug/Pixel_7_Pro(AVD) - 13/cpuinfo"Ù

logcatandroidﬁ
€/Volumes/T7/Projects/milos85vasic/ShareConnect/Application/build/outputs/androidTest-results/connected/debug/Pixel_7_Pro(AVD) - 13/logcat-com.shareconnect.automation.FullAppFlowAutomationTest-testCompleteHistoryFlow.txt"Ø

device-infoandroidî
ë/Volumes/T7/Projects/milos85vasic/ShareConnect/Application/build/outputs/androidTest-results/connected/debug/Pixel_7_Pro(AVD) - 13/device-info.pb"∞

device-info.meminfoandroidç
ä/Volumes/T7/Projects/milos85vasic/ShareConnect/Application/build/outputs/androidTest-results/connected/debug/Pixel_7_Pro(AVD) - 13/meminfo"∞

device-info.cpuinfoandroidç
ä/Volumes/T7/Projects/milos85vasic/ShareConnect/Application/build/outputs/androidTest-results/connected/debug/Pixel_7_Pro(AVD) - 13/cpuinfoˆ#
ä
FullAppFlowAutomationTestcom.shareconnect.automationtestCompleteShareIntentFlow2ÚÌ ∆ÄÔ‘¢:¯Ì ∆Ä‡∆[B
emulator-5554primaryæ
ãjava.lang.NoClassDefFoundError: Failed resolution of: Lorg/hamcrest/Matchers;
at androidx.test.espresso.matcher.ViewMatchers.withId(ViewMatchers.java:1)
at com.shareconnect.automation.FullAppFlowAutomationTest.testCompleteShareIntentFlow(FullAppFlowAutomationTest.kt:192)
... 43 trimmed
Caused by: java.lang.ClassNotFoundException: Didn't find class "org.hamcrest.Matchers" on path: DexPathList[[zip file "/system/framework/android.test.runner.jar", zip file "/system/framework/android.test.mock.jar", zip file "/system/framework/android.test.base.jar", zip file "/data/app/~~tgPGD1IvZyVihJ5WEriGpw==/com.shareconnect.test-KRYtWayfc-BAIa-BFJT_mw==/base.apk", zip file "/data/app/~~kWNn5P5i1VBCZAn7TalMSA==/com.shareconnect-NEp2ZttYEsfwFJQKiNDPXA==/base.apk"],nativeLibraryDirectories=[/data/app/~~tgPGD1IvZyVihJ5WEriGpw==/com.shareconnect.test-KRYtWayfc-BAIa-BFJT_mw==/lib/arm64, /data/app/~~kWNn5P5i1VBCZAn7TalMSA==/com.shareconnect-NEp2ZttYEsfwFJQKiNDPXA==/lib/arm64, /data/app/~~tgPGD1IvZyVihJ5WEriGpw==/com.shareconnect.test-KRYtWayfc-BAIa-BFJT_mw==/base.apk!/lib/arm64-v8a, /data/app/~~kWNn5P5i1VBCZAn7TalMSA==/com.shareconnect-NEp2ZttYEsfwFJQKiNDPXA==/base.apk!/lib/arm64-v8a, /system/lib64, /system_ext/lib64]]
at dalvik.system.BaseDexClassLoader.findClass(BaseDexClassLoader.java:259)
at java.lang.ClassLoader.loadClass(ClassLoader.java:379)
at java.lang.ClassLoader.loadClass(ClassLoader.java:312)
... 46 more
 java.lang.ClassNotFoundExceptionãjava.lang.NoClassDefFoundError: Failed resolution of: Lorg/hamcrest/Matchers;
at androidx.test.espresso.matcher.ViewMatchers.withId(ViewMatchers.java:1)
at com.shareconnect.automation.FullAppFlowAutomationTest.testCompleteShareIntentFlow(FullAppFlowAutomationTest.kt:192)
... 43 trimmed
Caused by: java.lang.ClassNotFoundException: Didn't find class "org.hamcrest.Matchers" on path: DexPathList[[zip file "/system/framework/android.test.runner.jar", zip file "/system/framework/android.test.mock.jar", zip file "/system/framework/android.test.base.jar", zip file "/data/app/~~tgPGD1IvZyVihJ5WEriGpw==/com.shareconnect.test-KRYtWayfc-BAIa-BFJT_mw==/base.apk", zip file "/data/app/~~kWNn5P5i1VBCZAn7TalMSA==/com.shareconnect-NEp2ZttYEsfwFJQKiNDPXA==/base.apk"],nativeLibraryDirectories=[/data/app/~~tgPGD1IvZyVihJ5WEriGpw==/com.shareconnect.test-KRYtWayfc-BAIa-BFJT_mw==/lib/arm64, /data/app/~~kWNn5P5i1VBCZAn7TalMSA==/com.shareconnect-NEp2ZttYEsfwFJQKiNDPXA==/lib/arm64, /data/app/~~tgPGD1IvZyVihJ5WEriGpw==/com.shareconnect.test-KRYtWayfc-BAIa-BFJT_mw==/base.apk!/lib/arm64-v8a, /data/app/~~kWNn5P5i1VBCZAn7TalMSA==/com.shareconnect-NEp2ZttYEsfwFJQKiNDPXA==/base.apk!/lib/arm64-v8a, /system/lib64, /system_ext/lib64]]
at dalvik.system.BaseDexClassLoader.findClass(BaseDexClassLoader.java:259)
at java.lang.ClassLoader.loadClass(ClassLoader.java:379)
at java.lang.ClassLoader.loadClass(ClassLoader.java:312)
... 46 more
"¯

logcatandroid‚
ﬂ/Volumes/T7/Projects/milos85vasic/ShareConnect/Application/build/outputs/androidTest-results/connected/debug/Pixel_7_Pro(AVD) - 13/logcat-com.shareconnect.automation.FullAppFlowAutomationTest-testCompleteShareIntentFlow.txt"Ø

device-infoandroidî
ë/Volumes/T7/Projects/milos85vasic/ShareConnect/Application/build/outputs/androidTest-results/connected/debug/Pixel_7_Pro(AVD) - 13/device-info.pb"∞

device-info.meminfoandroidç
ä/Volumes/T7/Projects/milos85vasic/ShareConnect/Application/build/outputs/androidTest-results/connected/debug/Pixel_7_Pro(AVD) - 13/meminfo"∞

device-info.cpuinfoandroidç
ä/Volumes/T7/Projects/milos85vasic/ShareConnect/Application/build/outputs/androidTest-results/connected/debug/Pixel_7_Pro(AVD) - 13/cpuinfo"¯

logcatandroid‚
ﬂ/Volumes/T7/Projects/milos85vasic/ShareConnect/Application/build/outputs/androidTest-results/connected/debug/Pixel_7_Pro(AVD) - 13/logcat-com.shareconnect.automation.FullAppFlowAutomationTest-testCompleteShareIntentFlow.txt"Ø

device-infoandroidî
ë/Volumes/T7/Projects/milos85vasic/ShareConnect/Application/build/outputs/androidTest-results/connected/debug/Pixel_7_Pro(AVD) - 13/device-info.pb"∞

device-info.meminfoandroidç
ä/Volumes/T7/Projects/milos85vasic/ShareConnect/Application/build/outputs/androidTest-results/connected/debug/Pixel_7_Pro(AVD) - 13/meminfo"∞

device-info.cpuinfoandroidç
ä/Volumes/T7/Projects/milos85vasic/ShareConnect/Application/build/outputs/androidTest-results/connected/debug/Pixel_7_Pro(AVD) - 13/cpuinfoÅ$
ç
FullAppFlowAutomationTestcom.shareconnect.automationtestCompleteAppNavigationFlow2¯Ì ∆ÄÌ¯µ:˝Ì ∆¿Î≈ÿB
emulator-5554primary¬
çjava.lang.NoClassDefFoundError: Failed resolution of: Lorg/hamcrest/Matchers;
at androidx.test.espresso.matcher.ViewMatchers.withId(ViewMatchers.java:1)
at com.shareconnect.automation.FullAppFlowAutomationTest.testCompleteAppNavigationFlow(FullAppFlowAutomationTest.kt:215)
... 43 trimmed
Caused by: java.lang.ClassNotFoundException: Didn't find class "org.hamcrest.Matchers" on path: DexPathList[[zip file "/system/framework/android.test.runner.jar", zip file "/system/framework/android.test.mock.jar", zip file "/system/framework/android.test.base.jar", zip file "/data/app/~~tgPGD1IvZyVihJ5WEriGpw==/com.shareconnect.test-KRYtWayfc-BAIa-BFJT_mw==/base.apk", zip file "/data/app/~~kWNn5P5i1VBCZAn7TalMSA==/com.shareconnect-NEp2ZttYEsfwFJQKiNDPXA==/base.apk"],nativeLibraryDirectories=[/data/app/~~tgPGD1IvZyVihJ5WEriGpw==/com.shareconnect.test-KRYtWayfc-BAIa-BFJT_mw==/lib/arm64, /data/app/~~kWNn5P5i1VBCZAn7TalMSA==/com.shareconnect-NEp2ZttYEsfwFJQKiNDPXA==/lib/arm64, /data/app/~~tgPGD1IvZyVihJ5WEriGpw==/com.shareconnect.test-KRYtWayfc-BAIa-BFJT_mw==/base.apk!/lib/arm64-v8a, /data/app/~~kWNn5P5i1VBCZAn7TalMSA==/com.shareconnect-NEp2ZttYEsfwFJQKiNDPXA==/base.apk!/lib/arm64-v8a, /system/lib64, /system_ext/lib64]]
at dalvik.system.BaseDexClassLoader.findClass(BaseDexClassLoader.java:259)
at java.lang.ClassLoader.loadClass(ClassLoader.java:379)
at java.lang.ClassLoader.loadClass(ClassLoader.java:312)
... 46 more
 java.lang.ClassNotFoundExceptionçjava.lang.NoClassDefFoundError: Failed resolution of: Lorg/hamcrest/Matchers;
at androidx.test.espresso.matcher.ViewMatchers.withId(ViewMatchers.java:1)
at com.shareconnect.automation.FullAppFlowAutomationTest.testCompleteAppNavigationFlow(FullAppFlowAutomationTest.kt:215)
... 43 trimmed
Caused by: java.lang.ClassNotFoundException: Didn't find class "org.hamcrest.Matchers" on path: DexPathList[[zip file "/system/framework/android.test.runner.jar", zip file "/system/framework/android.test.mock.jar", zip file "/system/framework/android.test.base.jar", zip file "/data/app/~~tgPGD1IvZyVihJ5WEriGpw==/com.shareconnect.test-KRYtWayfc-BAIa-BFJT_mw==/base.apk", zip file "/data/app/~~kWNn5P5i1VBCZAn7TalMSA==/com.shareconnect-NEp2ZttYEsfwFJQKiNDPXA==/base.apk"],nativeLibraryDirectories=[/data/app/~~tgPGD1IvZyVihJ5WEriGpw==/com.shareconnect.test-KRYtWayfc-BAIa-BFJT_mw==/lib/arm64, /data/app/~~kWNn5P5i1VBCZAn7TalMSA==/com.shareconnect-NEp2ZttYEsfwFJQKiNDPXA==/lib/arm64, /data/app/~~tgPGD1IvZyVihJ5WEriGpw==/com.shareconnect.test-KRYtWayfc-BAIa-BFJT_mw==/base.apk!/lib/arm64-v8a, /data/app/~~kWNn5P5i1VBCZAn7TalMSA==/com.shareconnect-NEp2ZttYEsfwFJQKiNDPXA==/base.apk!/lib/arm64-v8a, /system/lib64, /system_ext/lib64]]
at dalvik.system.BaseDexClassLoader.findClass(BaseDexClassLoader.java:259)
at java.lang.ClassLoader.loadClass(ClassLoader.java:379)
at java.lang.ClassLoader.loadClass(ClassLoader.java:312)
... 46 more
"˙

logcatandroid‰
·/Volumes/T7/Projects/milos85vasic/ShareConnect/Application/build/outputs/androidTest-results/connected/debug/Pixel_7_Pro(AVD) - 13/logcat-com.shareconnect.automation.FullAppFlowAutomationTest-testCompleteAppNavigationFlow.txt"Ø

device-infoandroidî
ë/Volumes/T7/Projects/milos85vasic/ShareConnect/Application/build/outputs/androidTest-results/connected/debug/Pixel_7_Pro(AVD) - 13/device-info.pb"∞

device-info.meminfoandroidç
ä/Volumes/T7/Projects/milos85vasic/ShareConnect/Application/build/outputs/androidTest-results/connected/debug/Pixel_7_Pro(AVD) - 13/meminfo"∞

device-info.cpuinfoandroidç
ä/Volumes/T7/Projects/milos85vasic/ShareConnect/Application/build/outputs/androidTest-results/connected/debug/Pixel_7_Pro(AVD) - 13/cpuinfo"˙

logcatandroid‰
·/Volumes/T7/Projects/milos85vasic/ShareConnect/Application/build/outputs/androidTest-results/connected/debug/Pixel_7_Pro(AVD) - 13/logcat-com.shareconnect.automation.FullAppFlowAutomationTest-testCompleteAppNavigationFlow.txt"Ø

device-infoandroidî
ë/Volumes/T7/Projects/milos85vasic/ShareConnect/Application/build/outputs/androidTest-results/connected/debug/Pixel_7_Pro(AVD) - 13/device-info.pb"∞

device-info.meminfoandroidç
ä/Volumes/T7/Projects/milos85vasic/ShareConnect/Application/build/outputs/androidTest-results/connected/debug/Pixel_7_Pro(AVD) - 13/meminfo"∞

device-info.cpuinfoandroidç
ä/Volumes/T7/Projects/milos85vasic/ShareConnect/Application/build/outputs/androidTest-results/connected/debug/Pixel_7_Pro(AVD) - 13/cpuinfoÀ
í
$HistoryRepositoryInstrumentationTestcom.shareconnect.databasetestDeleteAllHistoryItems2¶Ó ∆¿«À‡:¶Ó ∆¿Ÿø‚B
emulator-5554primary"ˇ

logcatandroidÈ
Ê/Volumes/T7/Projects/milos85vasic/ShareConnect/Application/build/outputs/androidTest-results/connected/debug/Pixel_7_Pro(AVD) - 13/logcat-com.shareconnect.database.HistoryRepositoryInstrumentationTest-testDeleteAllHistoryItems.txt"Ø

device-infoandroidî
ë/Volumes/T7/Projects/milos85vasic/ShareConnect/Application/build/outputs/androidTest-results/connected/debug/Pixel_7_Pro(AVD) - 13/device-info.pb"∞

device-info.meminfoandroidç
ä/Volumes/T7/Projects/milos85vasic/ShareConnect/Application/build/outputs/androidTest-results/connected/debug/Pixel_7_Pro(AVD) - 13/meminfo"∞

device-info.cpuinfoandroidç
ä/Volumes/T7/Projects/milos85vasic/ShareConnect/Application/build/outputs/androidTest-results/connected/debug/Pixel_7_Pro(AVD) - 13/cpuinfo"ˇ

logcatandroidÈ
Ê/Volumes/T7/Projects/milos85vasic/ShareConnect/Application/build/outputs/androidTest-results/connected/debug/Pixel_7_Pro(AVD) - 13/logcat-com.shareconnect.database.HistoryRepositoryInstrumentationTest-testDeleteAllHistoryItems.txt"Ø

device-infoandroidî
ë/Volumes/T7/Projects/milos85vasic/ShareConnect/Application/build/outputs/androidTest-results/connected/debug/Pixel_7_Pro(AVD) - 13/device-info.pb"∞

device-info.meminfoandroidç
ä/Volumes/T7/Projects/milos85vasic/ShareConnect/Application/build/outputs/androidTest-results/connected/debug/Pixel_7_Pro(AVD) - 13/meminfo"∞

device-info.cpuinfoandroidç
ä/Volumes/T7/Projects/milos85vasic/ShareConnect/Application/build/outputs/androidTest-results/connected/debug/Pixel_7_Pro(AVD) - 13/cpuinfoø
é
$HistoryRepositoryInstrumentationTestcom.shareconnect.databasetestDeleteHistoryItem2¶Ó ∆Äﬁ¸‚:¶Ó ∆ÄÓùÚB
emulator-5554primary"˚

logcatandroidÂ
‚/Volumes/T7/Projects/milos85vasic/ShareConnect/Application/build/outputs/androidTest-results/connected/debug/Pixel_7_Pro(AVD) - 13/logcat-com.shareconnect.database.HistoryRepositoryInstrumentationTest-testDeleteHistoryItem.txt"Ø

device-infoandroidî
ë/Volumes/T7/Projects/milos85vasic/ShareConnect/Application/build/outputs/androidTest-results/connected/debug/Pixel_7_Pro(AVD) - 13/device-info.pb"∞

device-info.meminfoandroidç
ä/Volumes/T7/Projects/milos85vasic/ShareConnect/Application/build/outputs/androidTest-results/connected/debug/Pixel_7_Pro(AVD) - 13/meminfo"∞

device-info.cpuinfoandroidç
ä/Volumes/T7/Projects/milos85vasic/ShareConnect/Application/build/outputs/androidTest-results/connected/debug/Pixel_7_Pro(AVD) - 13/cpuinfo"˚

logcatandroidÂ
‚/Volumes/T7/Projects/milos85vasic/ShareConnect/Application/build/outputs/androidTest-results/connected/debug/Pixel_7_Pro(AVD) - 13/logcat-com.shareconnect.database.HistoryRepositoryInstrumentationTest-testDeleteHistoryItem.txt"Ø

device-infoandroidî
ë/Volumes/T7/Projects/milos85vasic/ShareConnect/Application/build/outputs/androidTest-results/connected/debug/Pixel_7_Pro(AVD) - 13/device-info.pb"∞

device-info.meminfoandroidç
ä/Volumes/T7/Projects/milos85vasic/ShareConnect/Application/build/outputs/androidTest-results/connected/debug/Pixel_7_Pro(AVD) - 13/meminfo"∞

device-info.cpuinfoandroidç
ä/Volumes/T7/Projects/milos85vasic/ShareConnect/Application/build/outputs/androidTest-results/connected/debug/Pixel_7_Pro(AVD) - 13/cpuinfo‘
ï
$HistoryRepositoryInstrumentationTestcom.shareconnect.databasetestGetHistoryItemsByProfile2¶Ó ∆¿Ú⁄Ú:¶Ó ∆ÄÄíÙB
emulator-5554primary"Ç

logcatandroidÏ
È/Volumes/T7/Projects/milos85vasic/ShareConnect/Application/build/outputs/androidTest-results/connected/debug/Pixel_7_Pro(AVD) - 13/logcat-com.shareconnect.database.HistoryRepositoryInstrumentationTest-testGetHistoryItemsByProfile.txt"Ø

device-infoandroidî
ë/Volumes/T7/Projects/milos85vasic/ShareConnect/Application/build/outputs/androidTest-results/connected/debug/Pixel_7_Pro(AVD) - 13/device-info.pb"∞

device-info.meminfoandroidç
ä/Volumes/T7/Projects/milos85vasic/ShareConnect/Application/build/outputs/androidTest-results/connected/debug/Pixel_7_Pro(AVD) - 13/meminfo"∞

device-info.cpuinfoandroidç
ä/Volumes/T7/Projects/milos85vasic/ShareConnect/Application/build/outputs/androidTest-results/connected/debug/Pixel_7_Pro(AVD) - 13/cpuinfo"Ç

logcatandroidÏ
È/Volumes/T7/Projects/milos85vasic/ShareConnect/Application/build/outputs/androidTest-results/connected/debug/Pixel_7_Pro(AVD) - 13/logcat-com.shareconnect.database.HistoryRepositoryInstrumentationTest-testGetHistoryItemsByProfile.txt"Ø

device-infoandroidî
ë/Volumes/T7/Projects/milos85vasic/ShareConnect/Application/build/outputs/androidTest-results/connected/debug/Pixel_7_Pro(AVD) - 13/device-info.pb"∞

device-info.meminfoandroidç
ä/Volumes/T7/Projects/milos85vasic/ShareConnect/Application/build/outputs/androidTest-results/connected/debug/Pixel_7_Pro(AVD) - 13/meminfo"∞

device-info.cpuinfoandroidç
ä/Volumes/T7/Projects/milos85vasic/ShareConnect/Application/build/outputs/androidTest-results/connected/debug/Pixel_7_Pro(AVD) - 13/cpuinfo◊
ñ
$HistoryRepositoryInstrumentationTestcom.shareconnect.databasetestGetSuccessfulHistoryItems2¶Ó ∆ÄÄíÙ:¶Ó ∆¿ç…ıB
emulator-5554primary"É

logcatandroidÌ
Í/Volumes/T7/Projects/milos85vasic/ShareConnect/Application/build/outputs/androidTest-results/connected/debug/Pixel_7_Pro(AVD) - 13/logcat-com.shareconnect.database.HistoryRepositoryInstrumentationTest-testGetSuccessfulHistoryItems.txt"Ø

device-infoandroidî
ë/Volumes/T7/Projects/milos85vasic/ShareConnect/Application/build/outputs/androidTest-results/connected/debug/Pixel_7_Pro(AVD) - 13/device-info.pb"∞

device-info.meminfoandroidç
ä/Volumes/T7/Projects/milos85vasic/ShareConnect/Application/build/outputs/androidTest-results/connected/debug/Pixel_7_Pro(AVD) - 13/meminfo"∞

device-info.cpuinfoandroidç
ä/Volumes/T7/Projects/milos85vasic/ShareConnect/Application/build/outputs/androidTest-results/connected/debug/Pixel_7_Pro(AVD) - 13/cpuinfo"É

logcatandroidÌ
Í/Volumes/T7/Projects/milos85vasic/ShareConnect/Application/build/outputs/androidTest-results/connected/debug/Pixel_7_Pro(AVD) - 13/logcat-com.shareconnect.database.HistoryRepositoryInstrumentationTest-testGetSuccessfulHistoryItems.txt"Ø

device-infoandroidî
ë/Volumes/T7/Projects/milos85vasic/ShareConnect/Application/build/outputs/androidTest-results/connected/debug/Pixel_7_Pro(AVD) - 13/device-info.pb"∞

device-info.meminfoandroidç
ä/Volumes/T7/Projects/milos85vasic/ShareConnect/Application/build/outputs/androidTest-results/connected/debug/Pixel_7_Pro(AVD) - 13/meminfo"∞

device-info.cpuinfoandroidç
ä/Volumes/T7/Projects/milos85vasic/ShareConnect/Application/build/outputs/androidTest-results/connected/debug/Pixel_7_Pro(AVD) - 13/cpuinfo‡
ô
$HistoryRepositoryInstrumentationTestcom.shareconnect.database testInsertAndRetrieveHistoryItem2¶Ó ∆ÄíÜˆ:¶Ó ∆¿®∑¯B
emulator-5554primary"Ü

logcatandroid
Ì/Volumes/T7/Projects/milos85vasic/ShareConnect/Application/build/outputs/androidTest-results/connected/debug/Pixel_7_Pro(AVD) - 13/logcat-com.shareconnect.database.HistoryRepositoryInstrumentationTest-testInsertAndRetrieveHistoryItem.txt"Ø

device-infoandroidî
ë/Volumes/T7/Projects/milos85vasic/ShareConnect/Application/build/outputs/androidTest-results/connected/debug/Pixel_7_Pro(AVD) - 13/device-info.pb"∞

device-info.meminfoandroidç
ä/Volumes/T7/Projects/milos85vasic/ShareConnect/Application/build/outputs/androidTest-results/connected/debug/Pixel_7_Pro(AVD) - 13/meminfo"∞

device-info.cpuinfoandroidç
ä/Volumes/T7/Projects/milos85vasic/ShareConnect/Application/build/outputs/androidTest-results/connected/debug/Pixel_7_Pro(AVD) - 13/cpuinfo"Ü

logcatandroid
Ì/Volumes/T7/Projects/milos85vasic/ShareConnect/Application/build/outputs/androidTest-results/connected/debug/Pixel_7_Pro(AVD) - 13/logcat-com.shareconnect.database.HistoryRepositoryInstrumentationTest-testInsertAndRetrieveHistoryItem.txt"Ø

device-infoandroidî
ë/Volumes/T7/Projects/milos85vasic/ShareConnect/Application/build/outputs/androidTest-results/connected/debug/Pixel_7_Pro(AVD) - 13/device-info.pb"∞

device-info.meminfoandroidç
ä/Volumes/T7/Projects/milos85vasic/ShareConnect/Application/build/outputs/androidTest-results/connected/debug/Pixel_7_Pro(AVD) - 13/meminfo"∞

device-info.cpuinfoandroidç
ä/Volumes/T7/Projects/milos85vasic/ShareConnect/Application/build/outputs/androidTest-results/connected/debug/Pixel_7_Pro(AVD) - 13/cpuinfo¬
è
$HistoryRepositoryInstrumentationTestcom.shareconnect.databasetestGetAllHistoryItems2¶Ó ∆Ä≠Ù¯:¶Ó ∆ÄøË˙B
emulator-5554primary"¸

logcatandroidÊ
„/Volumes/T7/Projects/milos85vasic/ShareConnect/Application/build/outputs/androidTest-results/connected/debug/Pixel_7_Pro(AVD) - 13/logcat-com.shareconnect.database.HistoryRepositoryInstrumentationTest-testGetAllHistoryItems.txt"Ø

device-infoandroidî
ë/Volumes/T7/Projects/milos85vasic/ShareConnect/Application/build/outputs/androidTest-results/connected/debug/Pixel_7_Pro(AVD) - 13/device-info.pb"∞

device-info.meminfoandroidç
ä/Volumes/T7/Projects/milos85vasic/ShareConnect/Application/build/outputs/androidTest-results/connected/debug/Pixel_7_Pro(AVD) - 13/meminfo"∞

device-info.cpuinfoandroidç
ä/Volumes/T7/Projects/milos85vasic/ShareConnect/Application/build/outputs/androidTest-results/connected/debug/Pixel_7_Pro(AVD) - 13/cpuinfo"¸

logcatandroidÊ
„/Volumes/T7/Projects/milos85vasic/ShareConnect/Application/build/outputs/androidTest-results/connected/debug/Pixel_7_Pro(AVD) - 13/logcat-com.shareconnect.database.HistoryRepositoryInstrumentationTest-testGetAllHistoryItems.txt"Ø

device-infoandroidî
ë/Volumes/T7/Projects/milos85vasic/ShareConnect/Application/build/outputs/androidTest-results/connected/debug/Pixel_7_Pro(AVD) - 13/device-info.pb"∞

device-info.meminfoandroidç
ä/Volumes/T7/Projects/milos85vasic/ShareConnect/Application/build/outputs/androidTest-results/connected/debug/Pixel_7_Pro(AVD) - 13/meminfo"∞

device-info.cpuinfoandroidç
ä/Volumes/T7/Projects/milos85vasic/ShareConnect/Application/build/outputs/androidTest-results/connected/debug/Pixel_7_Pro(AVD) - 13/cpuinfoÀ
í
$HistoryRepositoryInstrumentationTestcom.shareconnect.databasetestGetFailedHistoryItems2¶Ó ∆Ä»‚˚:¶Ó ∆Ä⁄÷˝B
emulator-5554primary"ˇ

logcatandroidÈ
Ê/Volumes/T7/Projects/milos85vasic/ShareConnect/Application/build/outputs/androidTest-results/connected/debug/Pixel_7_Pro(AVD) - 13/logcat-com.shareconnect.database.HistoryRepositoryInstrumentationTest-testGetFailedHistoryItems.txt"Ø

device-infoandroidî
ë/Volumes/T7/Projects/milos85vasic/ShareConnect/Application/build/outputs/androidTest-results/connected/debug/Pixel_7_Pro(AVD) - 13/device-info.pb"∞

device-info.meminfoandroidç
ä/Volumes/T7/Projects/milos85vasic/ShareConnect/Application/build/outputs/androidTest-results/connected/debug/Pixel_7_Pro(AVD) - 13/meminfo"∞

device-info.cpuinfoandroidç
ä/Volumes/T7/Projects/milos85vasic/ShareConnect/Application/build/outputs/androidTest-results/connected/debug/Pixel_7_Pro(AVD) - 13/cpuinfo"ˇ

logcatandroidÈ
Ê/Volumes/T7/Projects/milos85vasic/ShareConnect/Application/build/outputs/androidTest-results/connected/debug/Pixel_7_Pro(AVD) - 13/logcat-com.shareconnect.database.HistoryRepositoryInstrumentationTest-testGetFailedHistoryItems.txt"Ø

device-infoandroidî
ë/Volumes/T7/Projects/milos85vasic/ShareConnect/Application/build/outputs/androidTest-results/connected/debug/Pixel_7_Pro(AVD) - 13/device-info.pb"∞

device-info.meminfoandroidç
ä/Volumes/T7/Projects/milos85vasic/ShareConnect/Application/build/outputs/androidTest-results/connected/debug/Pixel_7_Pro(AVD) - 13/meminfo"∞

device-info.cpuinfoandroidç
ä/Volumes/T7/Projects/milos85vasic/ShareConnect/Application/build/outputs/androidTest-results/connected/debug/Pixel_7_Pro(AVD) - 13/cpuinfoø
é
$HistoryRepositoryInstrumentationTestcom.shareconnect.databasetestUpdateHistoryItem2¶Ó ∆Ä„–˛:¶Ó ∆¿˘ÅÅB
emulator-5554primary"˚

logcatandroidÂ
‚/Volumes/T7/Projects/milos85vasic/ShareConnect/Application/build/outputs/androidTest-results/connected/debug/Pixel_7_Pro(AVD) - 13/logcat-com.shareconnect.database.HistoryRepositoryInstrumentationTest-testUpdateHistoryItem.txt"Ø

device-infoandroidî
ë/Volumes/T7/Projects/milos85vasic/ShareConnect/Application/build/outputs/androidTest-results/connected/debug/Pixel_7_Pro(AVD) - 13/device-info.pb"∞

device-info.meminfoandroidç
ä/Volumes/T7/Projects/milos85vasic/ShareConnect/Application/build/outputs/androidTest-results/connected/debug/Pixel_7_Pro(AVD) - 13/meminfo"∞

device-info.cpuinfoandroidç
ä/Volumes/T7/Projects/milos85vasic/ShareConnect/Application/build/outputs/androidTest-results/connected/debug/Pixel_7_Pro(AVD) - 13/cpuinfo"˚

logcatandroidÂ
‚/Volumes/T7/Projects/milos85vasic/ShareConnect/Application/build/outputs/androidTest-results/connected/debug/Pixel_7_Pro(AVD) - 13/logcat-com.shareconnect.database.HistoryRepositoryInstrumentationTest-testUpdateHistoryItem.txt"Ø

device-infoandroidî
ë/Volumes/T7/Projects/milos85vasic/ShareConnect/Application/build/outputs/androidTest-results/connected/debug/Pixel_7_Pro(AVD) - 13/device-info.pb"∞

device-info.meminfoandroidç
ä/Volumes/T7/Projects/milos85vasic/ShareConnect/Application/build/outputs/androidTest-results/connected/debug/Pixel_7_Pro(AVD) - 13/meminfo"∞

device-info.cpuinfoandroidç
ä/Volumes/T7/Projects/milos85vasic/ShareConnect/Application/build/outputs/androidTest-results/connected/debug/Pixel_7_Pro(AVD) - 13/cpuinfo»
ë
"ThemeRepositoryInstrumentationTestcom.shareconnect.databasetestInsertAndRetrieveTheme2¶Ó ∆¿‰å÷:¶Ó ∆¿ˆÄÿB
emulator-5554primary"˛

logcatandroidË
Â/Volumes/T7/Projects/milos85vasic/ShareConnect/Application/build/outputs/androidTest-results/connected/debug/Pixel_7_Pro(AVD) - 13/logcat-com.shareconnect.database.ThemeRepositoryInstrumentationTest-testInsertAndRetrieveTheme.txt"Ø

device-infoandroidî
ë/Volumes/T7/Projects/milos85vasic/ShareConnect/Application/build/outputs/androidTest-results/connected/debug/Pixel_7_Pro(AVD) - 13/device-info.pb"∞

device-info.meminfoandroidç
ä/Volumes/T7/Projects/milos85vasic/ShareConnect/Application/build/outputs/androidTest-results/connected/debug/Pixel_7_Pro(AVD) - 13/meminfo"∞

device-info.cpuinfoandroidç
ä/Volumes/T7/Projects/milos85vasic/ShareConnect/Application/build/outputs/androidTest-results/connected/debug/Pixel_7_Pro(AVD) - 13/cpuinfo"˛

logcatandroidË
Â/Volumes/T7/Projects/milos85vasic/ShareConnect/Application/build/outputs/androidTest-results/connected/debug/Pixel_7_Pro(AVD) - 13/logcat-com.shareconnect.database.ThemeRepositoryInstrumentationTest-testInsertAndRetrieveTheme.txt"Ø

device-infoandroidî
ë/Volumes/T7/Projects/milos85vasic/ShareConnect/Application/build/outputs/androidTest-results/connected/debug/Pixel_7_Pro(AVD) - 13/device-info.pb"∞

device-info.meminfoandroidç
ä/Volumes/T7/Projects/milos85vasic/ShareConnect/Application/build/outputs/androidTest-results/connected/debug/Pixel_7_Pro(AVD) - 13/meminfo"∞

device-info.cpuinfoandroidç
ä/Volumes/T7/Projects/milos85vasic/ShareConnect/Application/build/outputs/androidTest-results/connected/debug/Pixel_7_Pro(AVD) - 13/cpuinfoß
Ü
"ThemeRepositoryInstrumentationTestcom.shareconnect.databasetestDeleteTheme2¶Ó ∆Ä˚Ωÿ:¶Ó ∆Äç≤⁄B
emulator-5554primary"Û

logcatandroid›
⁄/Volumes/T7/Projects/milos85vasic/ShareConnect/Application/build/outputs/androidTest-results/connected/debug/Pixel_7_Pro(AVD) - 13/logcat-com.shareconnect.database.ThemeRepositoryInstrumentationTest-testDeleteTheme.txt"Ø

device-infoandroidî
ë/Volumes/T7/Projects/milos85vasic/ShareConnect/Application/build/outputs/androidTest-results/connected/debug/Pixel_7_Pro(AVD) - 13/device-info.pb"∞

device-info.meminfoandroidç
ä/Volumes/T7/Projects/milos85vasic/ShareConnect/Application/build/outputs/androidTest-results/connected/debug/Pixel_7_Pro(AVD) - 13/meminfo"∞

device-info.cpuinfoandroidç
ä/Volumes/T7/Projects/milos85vasic/ShareConnect/Application/build/outputs/androidTest-results/connected/debug/Pixel_7_Pro(AVD) - 13/cpuinfo"Û

logcatandroid›
⁄/Volumes/T7/Projects/milos85vasic/ShareConnect/Application/build/outputs/androidTest-results/connected/debug/Pixel_7_Pro(AVD) - 13/logcat-com.shareconnect.database.ThemeRepositoryInstrumentationTest-testDeleteTheme.txt"Ø

device-infoandroidî
ë/Volumes/T7/Projects/milos85vasic/ShareConnect/Application/build/outputs/androidTest-results/connected/debug/Pixel_7_Pro(AVD) - 13/device-info.pb"∞

device-info.meminfoandroidç
ä/Volumes/T7/Projects/milos85vasic/ShareConnect/Application/build/outputs/androidTest-results/connected/debug/Pixel_7_Pro(AVD) - 13/meminfo"∞

device-info.cpuinfoandroidç
ä/Volumes/T7/Projects/milos85vasic/ShareConnect/Application/build/outputs/androidTest-results/connected/debug/Pixel_7_Pro(AVD) - 13/cpuinfoß
Ü
"ThemeRepositoryInstrumentationTestcom.shareconnect.databasetestUpdateTheme2¶Ó ∆¿ëÔ⁄:¶Ó ∆¿öÈ€B
emulator-5554primary"Û

logcatandroid›
⁄/Volumes/T7/Projects/milos85vasic/ShareConnect/Application/build/outputs/androidTest-results/connected/debug/Pixel_7_Pro(AVD) - 13/logcat-com.shareconnect.database.ThemeRepositoryInstrumentationTest-testUpdateTheme.txt"Ø

device-infoandroidî
ë/Volumes/T7/Projects/milos85vasic/ShareConnect/Application/build/outputs/androidTest-results/connected/debug/Pixel_7_Pro(AVD) - 13/device-info.pb"∞

device-info.meminfoandroidç
ä/Volumes/T7/Projects/milos85vasic/ShareConnect/Application/build/outputs/androidTest-results/connected/debug/Pixel_7_Pro(AVD) - 13/meminfo"∞

device-info.cpuinfoandroidç
ä/Volumes/T7/Projects/milos85vasic/ShareConnect/Application/build/outputs/androidTest-results/connected/debug/Pixel_7_Pro(AVD) - 13/cpuinfo"Û

logcatandroid›
⁄/Volumes/T7/Projects/milos85vasic/ShareConnect/Application/build/outputs/androidTest-results/connected/debug/Pixel_7_Pro(AVD) - 13/logcat-com.shareconnect.database.ThemeRepositoryInstrumentationTest-testUpdateTheme.txt"Ø

device-infoandroidî
ë/Volumes/T7/Projects/milos85vasic/ShareConnect/Application/build/outputs/androidTest-results/connected/debug/Pixel_7_Pro(AVD) - 13/device-info.pb"∞

device-info.meminfoandroidç
ä/Volumes/T7/Projects/milos85vasic/ShareConnect/Application/build/outputs/androidTest-results/connected/debug/Pixel_7_Pro(AVD) - 13/meminfo"∞

device-info.cpuinfoandroidç
ä/Volumes/T7/Projects/milos85vasic/ShareConnect/Application/build/outputs/androidTest-results/connected/debug/Pixel_7_Pro(AVD) - 13/cpuinfo™
á
"ThemeRepositoryInstrumentationTestcom.shareconnect.databasetestGetAllThemes2¶Ó ∆Äü¶‹:¶Ó ∆Ä®†›B
emulator-5554primary"Ù

logcatandroidﬁ
€/Volumes/T7/Projects/milos85vasic/ShareConnect/Application/build/outputs/androidTest-results/connected/debug/Pixel_7_Pro(AVD) - 13/logcat-com.shareconnect.database.ThemeRepositoryInstrumentationTest-testGetAllThemes.txt"Ø

device-infoandroidî
ë/Volumes/T7/Projects/milos85vasic/ShareConnect/Application/build/outputs/androidTest-results/connected/debug/Pixel_7_Pro(AVD) - 13/device-info.pb"∞

device-info.meminfoandroidç
ä/Volumes/T7/Projects/milos85vasic/ShareConnect/Application/build/outputs/androidTest-results/connected/debug/Pixel_7_Pro(AVD) - 13/meminfo"∞

device-info.cpuinfoandroidç
ä/Volumes/T7/Projects/milos85vasic/ShareConnect/Application/build/outputs/androidTest-results/connected/debug/Pixel_7_Pro(AVD) - 13/cpuinfo"Ù

logcatandroidﬁ
€/Volumes/T7/Projects/milos85vasic/ShareConnect/Application/build/outputs/androidTest-results/connected/debug/Pixel_7_Pro(AVD) - 13/logcat-com.shareconnect.database.ThemeRepositoryInstrumentationTest-testGetAllThemes.txt"Ø

device-infoandroidî
ë/Volumes/T7/Projects/milos85vasic/ShareConnect/Application/build/outputs/androidTest-results/connected/debug/Pixel_7_Pro(AVD) - 13/device-info.pb"∞

device-info.meminfoandroidç
ä/Volumes/T7/Projects/milos85vasic/ShareConnect/Application/build/outputs/androidTest-results/connected/debug/Pixel_7_Pro(AVD) - 13/meminfo"∞

device-info.cpuinfoandroidç
ä/Volumes/T7/Projects/milos85vasic/ShareConnect/Application/build/outputs/androidTest-results/connected/debug/Pixel_7_Pro(AVD) - 13/cpuinfo≥
ä
"ThemeRepositoryInstrumentationTestcom.shareconnect.databasetestGetDefaultTheme2¶Ó ∆¿¨››:¶Ó ∆¿µ◊ﬁB
emulator-5554primary"˜

logcatandroid·
ﬁ/Volumes/T7/Projects/milos85vasic/ShareConnect/Application/build/outputs/androidTest-results/connected/debug/Pixel_7_Pro(AVD) - 13/logcat-com.shareconnect.database.ThemeRepositoryInstrumentationTest-testGetDefaultTheme.txt"Ø

device-infoandroidî
ë/Volumes/T7/Projects/milos85vasic/ShareConnect/Application/build/outputs/androidTest-results/connected/debug/Pixel_7_Pro(AVD) - 13/device-info.pb"∞

device-info.meminfoandroidç
ä/Volumes/T7/Projects/milos85vasic/ShareConnect/Application/build/outputs/androidTest-results/connected/debug/Pixel_7_Pro(AVD) - 13/meminfo"∞

device-info.cpuinfoandroidç
ä/Volumes/T7/Projects/milos85vasic/ShareConnect/Application/build/outputs/androidTest-results/connected/debug/Pixel_7_Pro(AVD) - 13/cpuinfo"˜

logcatandroid·
ﬁ/Volumes/T7/Projects/milos85vasic/ShareConnect/Application/build/outputs/androidTest-results/connected/debug/Pixel_7_Pro(AVD) - 13/logcat-com.shareconnect.database.ThemeRepositoryInstrumentationTest-testGetDefaultTheme.txt"Ø

device-infoandroidî
ë/Volumes/T7/Projects/milos85vasic/ShareConnect/Application/build/outputs/androidTest-results/connected/debug/Pixel_7_Pro(AVD) - 13/device-info.pb"∞

device-info.meminfoandroidç
ä/Volumes/T7/Projects/milos85vasic/ShareConnect/Application/build/outputs/androidTest-results/connected/debug/Pixel_7_Pro(AVD) - 13/meminfo"∞

device-info.cpuinfoandroidç
ä/Volumes/T7/Projects/milos85vasic/ShareConnect/Application/build/outputs/androidTest-results/connected/debug/Pixel_7_Pro(AVD) - 13/cpuinfo≥
ä
"ThemeRepositoryInstrumentationTestcom.shareconnect.databasetestSetDefaultTheme2¶Ó ∆Ä∫îﬂ:¶Ó ∆Ä√é‡B
emulator-5554primary"˜

logcatandroid·
ﬁ/Volumes/T7/Projects/milos85vasic/ShareConnect/Application/build/outputs/androidTest-results/connected/debug/Pixel_7_Pro(AVD) - 13/logcat-com.shareconnect.database.ThemeRepositoryInstrumentationTest-testSetDefaultTheme.txt"Ø

device-infoandroidî
ë/Volumes/T7/Projects/milos85vasic/ShareConnect/Application/build/outputs/androidTest-results/connected/debug/Pixel_7_Pro(AVD) - 13/device-info.pb"∞

device-info.meminfoandroidç
ä/Volumes/T7/Projects/milos85vasic/ShareConnect/Application/build/outputs/androidTest-results/connected/debug/Pixel_7_Pro(AVD) - 13/meminfo"∞

device-info.cpuinfoandroidç
ä/Volumes/T7/Projects/milos85vasic/ShareConnect/Application/build/outputs/androidTest-results/connected/debug/Pixel_7_Pro(AVD) - 13/cpuinfo"˜

logcatandroid·
ﬁ/Volumes/T7/Projects/milos85vasic/ShareConnect/Application/build/outputs/androidTest-results/connected/debug/Pixel_7_Pro(AVD) - 13/logcat-com.shareconnect.database.ThemeRepositoryInstrumentationTest-testSetDefaultTheme.txt"Ø

device-infoandroidî
ë/Volumes/T7/Projects/milos85vasic/ShareConnect/Application/build/outputs/androidTest-results/connected/debug/Pixel_7_Pro(AVD) - 13/device-info.pb"∞

device-info.meminfoandroidç
ä/Volumes/T7/Projects/milos85vasic/ShareConnect/Application/build/outputs/androidTest-results/connected/debug/Pixel_7_Pro(AVD) - 13/meminfo"∞

device-info.cpuinfoandroidç
ä/Volumes/T7/Projects/milos85vasic/ShareConnect/Application/build/outputs/androidTest-results/connected/debug/Pixel_7_Pro(AVD) - 13/cpuinfo*î
c
test-results.logOcom.google.testing.platform.runtime.android.driver.AndroidInstrumentationDriverû
õ/Volumes/T7/Projects/milos85vasic/ShareConnect/Application/build/outputs/androidTest-results/connected/debug/Pixel_7_Pro(AVD) - 13/testlog/test-results.log 2
text/plain