<?xml version="1.0" encoding="UTF-8"?>
<testsuite name="com.shareconnect.database.HistoryItemTest" tests="10" skipped="0" failures="0" errors="0" timestamp="2025-09-23T13:47:54.708Z" hostname="Mistborn.local" time="0.255">
  <properties/>
  <testcase name="testHistoryItemSettersAndGetters" classname="com.shareconnect.database.HistoryItemTest" time="0.0"/>
  <testcase name="testHistoryItemEquality" classname="com.shareconnect.database.HistoryItemTest" time="0.0"/>
  <testcase name="testHistoryItemWithFailedSend" classname="com.shareconnect.database.HistoryItemTest" time="0.001"/>
  <testcase name="testHistoryItemInitialization" classname="com.shareconnect.database.HistoryItemTest" time="0.0"/>
  <testcase name="testHistoryItemWithNullValues" classname="com.shareconnect.database.HistoryItemTest" time="0.0"/>
  <testcase name="testHistoryItemSettersAndGetters" classname="com.shareconnect.database.HistoryItemTest" time="0.0"/>
  <testcase name="testHistoryItemEquality" classname="com.shareconnect.database.HistoryItemTest" time="0.0"/>
  <testcase name="testHistoryItemWithFailedSend" classname="com.shareconnect.database.HistoryItemTest" time="0.0"/>
  <testcase name="testHistoryItemInitialization" classname="com.shareconnect.database.HistoryItemTest" time="0.0"/>
  <testcase name="testHistoryItemWithNullValues" classname="com.shareconnect.database.HistoryItemTest" time="0.0"/>
  <system-out><![CDATA[]]></system-out>
  <system-err><![CDATA[]]></system-err>
</testsuite>
