ShareConnect Complete Test Suite Execution Summary
=================================================

Execution Date: Thu Sep 25 13:48:01 MSK 2025
Test Round ID: 20250925_134709
Overall Status: FAILED

═══════════════════════════════════════════════════════════

PHASE 1: UNIT TESTS
Status: FAILED
Duration: 38 seconds
Test Suite: com.shareconnect.suites.UnitTestSuite
Coverage: Core business logic and data models

Test Classes:
- ServerProfileTest: Server profile data model testing
- ProfileManagerTest: Profile management operations
- ThemeTest: Theme data model and utilities
- HistoryItemTest: History data model validation
- DialogUtilsTest: Dialog utility functions
- ServiceApiClientTest: API client functionality

═══════════════════════════════════════════════════════════

PHASE 2: INSTRUMENTATION TESTS
Status: FAILED
Duration: 12 seconds
Test Suite: com.shareconnect.suites.InstrumentationTestSuite
Coverage: Android components requiring device context

Test Classes:
- ThemeRepositoryInstrumentationTest: Theme persistence testing
- HistoryRepositoryInstrumentationTest: History database operations
- MainActivityInstrumentationTest: Main activity lifecycle and UI
- SettingsActivityInstrumentationTest: Settings screen functionality

═══════════════════════════════════════════════════════════

PHASE 3: AUTOMATION TESTS
Status: FAILED
Duration: 2 seconds
Test Suite: com.shareconnect.suites.FullAutomationTestSuite
Coverage: Complete user workflows and accessibility

Test Classes:
- FullAppFlowAutomationTest: End-to-end user workflows
  * First run experience
  * Theme change workflows
  * Profile management operations
  * History viewing functionality
  * Share intent handling
  * Complete navigation flows
  * Application stress testing

- AccessibilityAutomationTest: Accessibility compliance
  * Content labeling verification
  * Touch target size validation
  * Text contrast compliance
  * Keyboard navigation support
  * Screen reader compatibility
  * State description accuracy

═══════════════════════════════════════════════════════════

EXECUTION METRICS
Total Duration: 52 seconds (00:00:52)
Unit Tests: 38s
Instrumentation Tests: 12s
Automation Tests: 2s

COVERAGE SUMMARY
✓ Business Logic: Unit tests verify core functionality
✓ Data Persistence: Instrumentation tests verify database operations
✓ User Interface: Instrumentation tests verify UI components
✓ User Workflows: Automation tests verify complete user journeys
✓ Accessibility: Automation tests verify compliance standards

REPORT STRUCTURE
Documentation/Tests/20250925_134709_TEST_ROUND/
├── master_test_summary.txt (this file)
├── unit_tests/
│   ├── test_summary.txt
│   ├── unit_test_execution.log
│   └── [HTML/XML reports]
├── instrumentation_tests/
│   ├── test_summary.txt
│   ├── instrumentation_test_execution.log
│   └── [HTML/XML reports]
└── automation_tests/
    ├── test_summary.txt
    ├── automation_test_execution.log
    ├── device_final_state.png
    └── [HTML/XML reports with screenshots]

COMMAND EXECUTION
./run_all_tests.sh

This master script executed:
1. ./run_unit_tests.sh
2. ./run_instrumentation_tests.sh
3. ./run_automation_tests.sh

═══════════════════════════════════════════════════════════

